ARM GAS  C:\Users\pcoud\AppData\Local\Temp\ccEH0Ric.s 			page 1


   1              		.syntax unified
   2              		.cpu cortex-m3
   3              		.fpu softvfp
   4              		.eabi_attribute 20, 1
   5              		.eabi_attribute 21, 1
   6              		.eabi_attribute 23, 3
   7              		.eabi_attribute 24, 1
   8              		.eabi_attribute 25, 1
   9              		.eabi_attribute 26, 1
  10              		.eabi_attribute 30, 1
  11              		.eabi_attribute 34, 1
  12              		.eabi_attribute 18, 4
  13              		.thumb
  14              		.syntax unified
  15              		.file	"isr_rbat.c"
  16              		.text
  17              	.Ltext0:
  18              		.cfi_sections	.debug_frame
  19              		.section	.text.isr_rbat_Interrupt,"ax",%progbits
  20              		.align	2
  21              		.global	isr_rbat_Interrupt
  22              		.thumb
  23              		.thumb_func
  24              		.type	isr_rbat_Interrupt, %function
  25              	isr_rbat_Interrupt:
  26              	.LFB66:
  27              		.file 1 "Generated_Source\\PSoC5\\isr_rbat.c"
   1:Generated_Source\PSoC5/isr_rbat.c **** /*******************************************************************************
   2:Generated_Source\PSoC5/isr_rbat.c **** * File Name: isr_rbat.c  
   3:Generated_Source\PSoC5/isr_rbat.c **** * Version 1.70
   4:Generated_Source\PSoC5/isr_rbat.c **** *
   5:Generated_Source\PSoC5/isr_rbat.c **** *  Description:
   6:Generated_Source\PSoC5/isr_rbat.c **** *   API for controlling the state of an interrupt.
   7:Generated_Source\PSoC5/isr_rbat.c **** *
   8:Generated_Source\PSoC5/isr_rbat.c **** *
   9:Generated_Source\PSoC5/isr_rbat.c **** *  Note:
  10:Generated_Source\PSoC5/isr_rbat.c **** *
  11:Generated_Source\PSoC5/isr_rbat.c **** ********************************************************************************
  12:Generated_Source\PSoC5/isr_rbat.c **** * Copyright 2008-2015, Cypress Semiconductor Corporation.  All rights reserved.
  13:Generated_Source\PSoC5/isr_rbat.c **** * You may use this file only in accordance with the license, terms, conditions, 
  14:Generated_Source\PSoC5/isr_rbat.c **** * disclaimers, and limitations in the end user license agreement accompanying 
  15:Generated_Source\PSoC5/isr_rbat.c **** * the software package with which this file was provided.
  16:Generated_Source\PSoC5/isr_rbat.c **** *******************************************************************************/
  17:Generated_Source\PSoC5/isr_rbat.c **** 
  18:Generated_Source\PSoC5/isr_rbat.c **** 
  19:Generated_Source\PSoC5/isr_rbat.c **** #include <cydevice_trm.h>
  20:Generated_Source\PSoC5/isr_rbat.c **** #include <CyLib.h>
  21:Generated_Source\PSoC5/isr_rbat.c **** #include <isr_rbat.h>
  22:Generated_Source\PSoC5/isr_rbat.c **** #include "cyapicallbacks.h"
  23:Generated_Source\PSoC5/isr_rbat.c **** 
  24:Generated_Source\PSoC5/isr_rbat.c **** #if !defined(isr_rbat__REMOVED) /* Check for removal by optimization */
  25:Generated_Source\PSoC5/isr_rbat.c **** 
  26:Generated_Source\PSoC5/isr_rbat.c **** /*******************************************************************************
  27:Generated_Source\PSoC5/isr_rbat.c **** *  Place your includes, defines and code here 
  28:Generated_Source\PSoC5/isr_rbat.c **** ********************************************************************************/
  29:Generated_Source\PSoC5/isr_rbat.c **** /* `#START isr_rbat_intc` */
  30:Generated_Source\PSoC5/isr_rbat.c **** #include <project.h>
ARM GAS  C:\Users\pcoud\AppData\Local\Temp\ccEH0Ric.s 			page 2


  31:Generated_Source\PSoC5/isr_rbat.c **** extern uint16 batrouge;
  32:Generated_Source\PSoC5/isr_rbat.c **** /* `#END` */
  33:Generated_Source\PSoC5/isr_rbat.c **** 
  34:Generated_Source\PSoC5/isr_rbat.c **** #ifndef CYINT_IRQ_BASE
  35:Generated_Source\PSoC5/isr_rbat.c **** #define CYINT_IRQ_BASE      16
  36:Generated_Source\PSoC5/isr_rbat.c **** #endif /* CYINT_IRQ_BASE */
  37:Generated_Source\PSoC5/isr_rbat.c **** #ifndef CYINT_VECT_TABLE
  38:Generated_Source\PSoC5/isr_rbat.c **** #define CYINT_VECT_TABLE    ((cyisraddress **) CYREG_NVIC_VECT_OFFSET)
  39:Generated_Source\PSoC5/isr_rbat.c **** #endif /* CYINT_VECT_TABLE */
  40:Generated_Source\PSoC5/isr_rbat.c **** 
  41:Generated_Source\PSoC5/isr_rbat.c **** /* Declared in startup, used to set unused interrupts to. */
  42:Generated_Source\PSoC5/isr_rbat.c **** CY_ISR_PROTO(IntDefaultHandler);
  43:Generated_Source\PSoC5/isr_rbat.c **** 
  44:Generated_Source\PSoC5/isr_rbat.c **** 
  45:Generated_Source\PSoC5/isr_rbat.c **** /*******************************************************************************
  46:Generated_Source\PSoC5/isr_rbat.c **** * Function Name: isr_rbat_Start
  47:Generated_Source\PSoC5/isr_rbat.c **** ********************************************************************************
  48:Generated_Source\PSoC5/isr_rbat.c **** *
  49:Generated_Source\PSoC5/isr_rbat.c **** * Summary:
  50:Generated_Source\PSoC5/isr_rbat.c **** *  Set up the interrupt and enable it. This function disables the interrupt, 
  51:Generated_Source\PSoC5/isr_rbat.c **** *  sets the default interrupt vector, sets the priority from the value in the
  52:Generated_Source\PSoC5/isr_rbat.c **** *  Design Wide Resources Interrupt Editor, then enables the interrupt to the 
  53:Generated_Source\PSoC5/isr_rbat.c **** *  interrupt controller.
  54:Generated_Source\PSoC5/isr_rbat.c **** *
  55:Generated_Source\PSoC5/isr_rbat.c **** * Parameters:  
  56:Generated_Source\PSoC5/isr_rbat.c **** *   None
  57:Generated_Source\PSoC5/isr_rbat.c **** *
  58:Generated_Source\PSoC5/isr_rbat.c **** * Return:
  59:Generated_Source\PSoC5/isr_rbat.c **** *   None
  60:Generated_Source\PSoC5/isr_rbat.c **** *
  61:Generated_Source\PSoC5/isr_rbat.c **** *******************************************************************************/
  62:Generated_Source\PSoC5/isr_rbat.c **** void isr_rbat_Start(void)
  63:Generated_Source\PSoC5/isr_rbat.c **** {
  64:Generated_Source\PSoC5/isr_rbat.c ****     /* For all we know the interrupt is active. */
  65:Generated_Source\PSoC5/isr_rbat.c ****     isr_rbat_Disable();
  66:Generated_Source\PSoC5/isr_rbat.c **** 
  67:Generated_Source\PSoC5/isr_rbat.c ****     /* Set the ISR to point to the isr_rbat Interrupt. */
  68:Generated_Source\PSoC5/isr_rbat.c ****     isr_rbat_SetVector(&isr_rbat_Interrupt);
  69:Generated_Source\PSoC5/isr_rbat.c **** 
  70:Generated_Source\PSoC5/isr_rbat.c ****     /* Set the priority. */
  71:Generated_Source\PSoC5/isr_rbat.c ****     isr_rbat_SetPriority((uint8)isr_rbat_INTC_PRIOR_NUMBER);
  72:Generated_Source\PSoC5/isr_rbat.c **** 
  73:Generated_Source\PSoC5/isr_rbat.c ****     /* Enable it. */
  74:Generated_Source\PSoC5/isr_rbat.c ****     isr_rbat_Enable();
  75:Generated_Source\PSoC5/isr_rbat.c **** }
  76:Generated_Source\PSoC5/isr_rbat.c **** 
  77:Generated_Source\PSoC5/isr_rbat.c **** 
  78:Generated_Source\PSoC5/isr_rbat.c **** /*******************************************************************************
  79:Generated_Source\PSoC5/isr_rbat.c **** * Function Name: isr_rbat_StartEx
  80:Generated_Source\PSoC5/isr_rbat.c **** ********************************************************************************
  81:Generated_Source\PSoC5/isr_rbat.c **** *
  82:Generated_Source\PSoC5/isr_rbat.c **** * Summary:
  83:Generated_Source\PSoC5/isr_rbat.c **** *  Sets up the interrupt and enables it. This function disables the interrupt,
  84:Generated_Source\PSoC5/isr_rbat.c **** *  sets the interrupt vector based on the address passed in, sets the priority 
  85:Generated_Source\PSoC5/isr_rbat.c **** *  from the value in the Design Wide Resources Interrupt Editor, then enables 
  86:Generated_Source\PSoC5/isr_rbat.c **** *  the interrupt to the interrupt controller.
  87:Generated_Source\PSoC5/isr_rbat.c **** *  
ARM GAS  C:\Users\pcoud\AppData\Local\Temp\ccEH0Ric.s 			page 3


  88:Generated_Source\PSoC5/isr_rbat.c **** *  When defining ISR functions, the CY_ISR and CY_ISR_PROTO macros should be 
  89:Generated_Source\PSoC5/isr_rbat.c **** *  used to provide consistent definition across compilers:
  90:Generated_Source\PSoC5/isr_rbat.c **** *  
  91:Generated_Source\PSoC5/isr_rbat.c **** *  Function definition example:
  92:Generated_Source\PSoC5/isr_rbat.c **** *   CY_ISR(MyISR)
  93:Generated_Source\PSoC5/isr_rbat.c **** *   {
  94:Generated_Source\PSoC5/isr_rbat.c **** *   }
  95:Generated_Source\PSoC5/isr_rbat.c **** *   Function prototype example:
  96:Generated_Source\PSoC5/isr_rbat.c **** *   CY_ISR_PROTO(MyISR);
  97:Generated_Source\PSoC5/isr_rbat.c **** *
  98:Generated_Source\PSoC5/isr_rbat.c **** * Parameters:  
  99:Generated_Source\PSoC5/isr_rbat.c **** *   address: Address of the ISR to set in the interrupt vector table.
 100:Generated_Source\PSoC5/isr_rbat.c **** *
 101:Generated_Source\PSoC5/isr_rbat.c **** * Return:
 102:Generated_Source\PSoC5/isr_rbat.c **** *   None
 103:Generated_Source\PSoC5/isr_rbat.c **** *
 104:Generated_Source\PSoC5/isr_rbat.c **** *******************************************************************************/
 105:Generated_Source\PSoC5/isr_rbat.c **** void isr_rbat_StartEx(cyisraddress address)
 106:Generated_Source\PSoC5/isr_rbat.c **** {
 107:Generated_Source\PSoC5/isr_rbat.c ****     /* For all we know the interrupt is active. */
 108:Generated_Source\PSoC5/isr_rbat.c ****     isr_rbat_Disable();
 109:Generated_Source\PSoC5/isr_rbat.c **** 
 110:Generated_Source\PSoC5/isr_rbat.c ****     /* Set the ISR to point to the isr_rbat Interrupt. */
 111:Generated_Source\PSoC5/isr_rbat.c ****     isr_rbat_SetVector(address);
 112:Generated_Source\PSoC5/isr_rbat.c **** 
 113:Generated_Source\PSoC5/isr_rbat.c ****     /* Set the priority. */
 114:Generated_Source\PSoC5/isr_rbat.c ****     isr_rbat_SetPriority((uint8)isr_rbat_INTC_PRIOR_NUMBER);
 115:Generated_Source\PSoC5/isr_rbat.c **** 
 116:Generated_Source\PSoC5/isr_rbat.c ****     /* Enable it. */
 117:Generated_Source\PSoC5/isr_rbat.c ****     isr_rbat_Enable();
 118:Generated_Source\PSoC5/isr_rbat.c **** }
 119:Generated_Source\PSoC5/isr_rbat.c **** 
 120:Generated_Source\PSoC5/isr_rbat.c **** 
 121:Generated_Source\PSoC5/isr_rbat.c **** /*******************************************************************************
 122:Generated_Source\PSoC5/isr_rbat.c **** * Function Name: isr_rbat_Stop
 123:Generated_Source\PSoC5/isr_rbat.c **** ********************************************************************************
 124:Generated_Source\PSoC5/isr_rbat.c **** *
 125:Generated_Source\PSoC5/isr_rbat.c **** * Summary:
 126:Generated_Source\PSoC5/isr_rbat.c **** *   Disables and removes the interrupt.
 127:Generated_Source\PSoC5/isr_rbat.c **** *
 128:Generated_Source\PSoC5/isr_rbat.c **** * Parameters:  
 129:Generated_Source\PSoC5/isr_rbat.c **** *   None
 130:Generated_Source\PSoC5/isr_rbat.c **** *
 131:Generated_Source\PSoC5/isr_rbat.c **** * Return:
 132:Generated_Source\PSoC5/isr_rbat.c **** *   None
 133:Generated_Source\PSoC5/isr_rbat.c **** *
 134:Generated_Source\PSoC5/isr_rbat.c **** *******************************************************************************/
 135:Generated_Source\PSoC5/isr_rbat.c **** void isr_rbat_Stop(void)
 136:Generated_Source\PSoC5/isr_rbat.c **** {
 137:Generated_Source\PSoC5/isr_rbat.c ****     /* Disable this interrupt. */
 138:Generated_Source\PSoC5/isr_rbat.c ****     isr_rbat_Disable();
 139:Generated_Source\PSoC5/isr_rbat.c **** 
 140:Generated_Source\PSoC5/isr_rbat.c ****     /* Set the ISR to point to the passive one. */
 141:Generated_Source\PSoC5/isr_rbat.c ****     isr_rbat_SetVector(&IntDefaultHandler);
 142:Generated_Source\PSoC5/isr_rbat.c **** }
 143:Generated_Source\PSoC5/isr_rbat.c **** 
 144:Generated_Source\PSoC5/isr_rbat.c **** 
ARM GAS  C:\Users\pcoud\AppData\Local\Temp\ccEH0Ric.s 			page 4


 145:Generated_Source\PSoC5/isr_rbat.c **** /*******************************************************************************
 146:Generated_Source\PSoC5/isr_rbat.c **** * Function Name: isr_rbat_Interrupt
 147:Generated_Source\PSoC5/isr_rbat.c **** ********************************************************************************
 148:Generated_Source\PSoC5/isr_rbat.c **** *
 149:Generated_Source\PSoC5/isr_rbat.c **** * Summary:
 150:Generated_Source\PSoC5/isr_rbat.c **** *   The default Interrupt Service Routine for isr_rbat.
 151:Generated_Source\PSoC5/isr_rbat.c **** *
 152:Generated_Source\PSoC5/isr_rbat.c **** *   Add custom code between the coments to keep the next version of this file
 153:Generated_Source\PSoC5/isr_rbat.c **** *   from over writting your code.
 154:Generated_Source\PSoC5/isr_rbat.c **** *
 155:Generated_Source\PSoC5/isr_rbat.c **** * Parameters:  
 156:Generated_Source\PSoC5/isr_rbat.c **** *
 157:Generated_Source\PSoC5/isr_rbat.c **** * Return:
 158:Generated_Source\PSoC5/isr_rbat.c **** *   None
 159:Generated_Source\PSoC5/isr_rbat.c **** *
 160:Generated_Source\PSoC5/isr_rbat.c **** *******************************************************************************/
 161:Generated_Source\PSoC5/isr_rbat.c **** CY_ISR(isr_rbat_Interrupt)
 162:Generated_Source\PSoC5/isr_rbat.c **** {
  28              		.loc 1 162 0
  29              		.cfi_startproc
  30              		@ args = 0, pretend = 0, frame = 0
  31              		@ frame_needed = 0, uses_anonymous_args = 0
  32              		@ link register save eliminated.
 163:Generated_Source\PSoC5/isr_rbat.c ****     #ifdef isr_rbat_INTERRUPT_INTERRUPT_CALLBACK
 164:Generated_Source\PSoC5/isr_rbat.c ****         isr_rbat_Interrupt_InterruptCallback();
 165:Generated_Source\PSoC5/isr_rbat.c ****     #endif /* isr_rbat_INTERRUPT_INTERRUPT_CALLBACK */ 
 166:Generated_Source\PSoC5/isr_rbat.c **** 
 167:Generated_Source\PSoC5/isr_rbat.c ****     /*  Place your Interrupt code here. */
 168:Generated_Source\PSoC5/isr_rbat.c ****     /* `#START isr_rbat_Interrupt` */
 169:Generated_Source\PSoC5/isr_rbat.c ****     batrouge=batrouge+1;
  33              		.loc 1 169 0
  34 0000 024A     		ldr	r2, .L2
  35 0002 1388     		ldrh	r3, [r2]
  36 0004 0133     		adds	r3, r3, #1
  37 0006 1380     		strh	r3, [r2]	@ movhi
  38 0008 7047     		bx	lr
  39              	.L3:
  40 000a 00BF     		.align	2
  41              	.L2:
  42 000c 00000000 		.word	batrouge
  43              		.cfi_endproc
  44              	.LFE66:
  45              		.size	isr_rbat_Interrupt, .-isr_rbat_Interrupt
  46              		.section	.text.isr_rbat_SetVector,"ax",%progbits
  47              		.align	2
  48              		.global	isr_rbat_SetVector
  49              		.thumb
  50              		.thumb_func
  51              		.type	isr_rbat_SetVector, %function
  52              	isr_rbat_SetVector:
  53              	.LFB67:
 170:Generated_Source\PSoC5/isr_rbat.c ****     /* `#END` */
 171:Generated_Source\PSoC5/isr_rbat.c **** }
 172:Generated_Source\PSoC5/isr_rbat.c **** 
 173:Generated_Source\PSoC5/isr_rbat.c **** 
 174:Generated_Source\PSoC5/isr_rbat.c **** /*******************************************************************************
 175:Generated_Source\PSoC5/isr_rbat.c **** * Function Name: isr_rbat_SetVector
ARM GAS  C:\Users\pcoud\AppData\Local\Temp\ccEH0Ric.s 			page 5


 176:Generated_Source\PSoC5/isr_rbat.c **** ********************************************************************************
 177:Generated_Source\PSoC5/isr_rbat.c **** *
 178:Generated_Source\PSoC5/isr_rbat.c **** * Summary:
 179:Generated_Source\PSoC5/isr_rbat.c **** *   Change the ISR vector for the Interrupt. Note calling isr_rbat_Start
 180:Generated_Source\PSoC5/isr_rbat.c **** *   will override any effect this method would have had. To set the vector 
 181:Generated_Source\PSoC5/isr_rbat.c **** *   before the component has been started use isr_rbat_StartEx instead.
 182:Generated_Source\PSoC5/isr_rbat.c **** * 
 183:Generated_Source\PSoC5/isr_rbat.c **** *   When defining ISR functions, the CY_ISR and CY_ISR_PROTO macros should be 
 184:Generated_Source\PSoC5/isr_rbat.c **** *   used to provide consistent definition across compilers:
 185:Generated_Source\PSoC5/isr_rbat.c **** *
 186:Generated_Source\PSoC5/isr_rbat.c **** *   Function definition example:
 187:Generated_Source\PSoC5/isr_rbat.c **** *   CY_ISR(MyISR)
 188:Generated_Source\PSoC5/isr_rbat.c **** *   {
 189:Generated_Source\PSoC5/isr_rbat.c **** *   }
 190:Generated_Source\PSoC5/isr_rbat.c **** *
 191:Generated_Source\PSoC5/isr_rbat.c **** *   Function prototype example:
 192:Generated_Source\PSoC5/isr_rbat.c **** *     CY_ISR_PROTO(MyISR);
 193:Generated_Source\PSoC5/isr_rbat.c **** *
 194:Generated_Source\PSoC5/isr_rbat.c **** * Parameters:
 195:Generated_Source\PSoC5/isr_rbat.c **** *   address: Address of the ISR to set in the interrupt vector table.
 196:Generated_Source\PSoC5/isr_rbat.c **** *
 197:Generated_Source\PSoC5/isr_rbat.c **** * Return:
 198:Generated_Source\PSoC5/isr_rbat.c **** *   None
 199:Generated_Source\PSoC5/isr_rbat.c **** *
 200:Generated_Source\PSoC5/isr_rbat.c **** *******************************************************************************/
 201:Generated_Source\PSoC5/isr_rbat.c **** void isr_rbat_SetVector(cyisraddress address)
 202:Generated_Source\PSoC5/isr_rbat.c **** {
  54              		.loc 1 202 0
  55              		.cfi_startproc
  56              		@ args = 0, pretend = 0, frame = 0
  57              		@ frame_needed = 0, uses_anonymous_args = 0
  58              		@ link register save eliminated.
  59              	.LVL0:
 203:Generated_Source\PSoC5/isr_rbat.c ****     cyisraddress * ramVectorTable;
 204:Generated_Source\PSoC5/isr_rbat.c **** 
 205:Generated_Source\PSoC5/isr_rbat.c ****     ramVectorTable = (cyisraddress *) *CYINT_VECT_TABLE;
  60              		.loc 1 205 0
  61 0000 014B     		ldr	r3, .L5
  62 0002 1B68     		ldr	r3, [r3]
  63              	.LVL1:
 206:Generated_Source\PSoC5/isr_rbat.c **** 
 207:Generated_Source\PSoC5/isr_rbat.c ****     ramVectorTable[CYINT_IRQ_BASE + (uint32)isr_rbat__INTC_NUMBER] = address;
  64              		.loc 1 207 0
  65 0004 1864     		str	r0, [r3, #64]
  66 0006 7047     		bx	lr
  67              	.L6:
  68              		.align	2
  69              	.L5:
  70 0008 08ED00E0 		.word	-536810232
  71              		.cfi_endproc
  72              	.LFE67:
  73              		.size	isr_rbat_SetVector, .-isr_rbat_SetVector
  74              		.section	.text.isr_rbat_GetVector,"ax",%progbits
  75              		.align	2
  76              		.global	isr_rbat_GetVector
  77              		.thumb
  78              		.thumb_func
ARM GAS  C:\Users\pcoud\AppData\Local\Temp\ccEH0Ric.s 			page 6


  79              		.type	isr_rbat_GetVector, %function
  80              	isr_rbat_GetVector:
  81              	.LFB68:
 208:Generated_Source\PSoC5/isr_rbat.c **** }
 209:Generated_Source\PSoC5/isr_rbat.c **** 
 210:Generated_Source\PSoC5/isr_rbat.c **** 
 211:Generated_Source\PSoC5/isr_rbat.c **** /*******************************************************************************
 212:Generated_Source\PSoC5/isr_rbat.c **** * Function Name: isr_rbat_GetVector
 213:Generated_Source\PSoC5/isr_rbat.c **** ********************************************************************************
 214:Generated_Source\PSoC5/isr_rbat.c **** *
 215:Generated_Source\PSoC5/isr_rbat.c **** * Summary:
 216:Generated_Source\PSoC5/isr_rbat.c **** *   Gets the "address" of the current ISR vector for the Interrupt.
 217:Generated_Source\PSoC5/isr_rbat.c **** *
 218:Generated_Source\PSoC5/isr_rbat.c **** * Parameters:
 219:Generated_Source\PSoC5/isr_rbat.c **** *   None
 220:Generated_Source\PSoC5/isr_rbat.c **** *
 221:Generated_Source\PSoC5/isr_rbat.c **** * Return:
 222:Generated_Source\PSoC5/isr_rbat.c **** *   Address of the ISR in the interrupt vector table.
 223:Generated_Source\PSoC5/isr_rbat.c **** *
 224:Generated_Source\PSoC5/isr_rbat.c **** *******************************************************************************/
 225:Generated_Source\PSoC5/isr_rbat.c **** cyisraddress isr_rbat_GetVector(void)
 226:Generated_Source\PSoC5/isr_rbat.c **** {
  82              		.loc 1 226 0
  83              		.cfi_startproc
  84              		@ args = 0, pretend = 0, frame = 0
  85              		@ frame_needed = 0, uses_anonymous_args = 0
  86              		@ link register save eliminated.
 227:Generated_Source\PSoC5/isr_rbat.c ****     cyisraddress * ramVectorTable;
 228:Generated_Source\PSoC5/isr_rbat.c **** 
 229:Generated_Source\PSoC5/isr_rbat.c ****     ramVectorTable = (cyisraddress *) *CYINT_VECT_TABLE;
  87              		.loc 1 229 0
  88 0000 014B     		ldr	r3, .L8
  89 0002 1B68     		ldr	r3, [r3]
  90              	.LVL2:
 230:Generated_Source\PSoC5/isr_rbat.c **** 
 231:Generated_Source\PSoC5/isr_rbat.c ****     return ramVectorTable[CYINT_IRQ_BASE + (uint32)isr_rbat__INTC_NUMBER];
 232:Generated_Source\PSoC5/isr_rbat.c **** }
  91              		.loc 1 232 0
  92 0004 186C     		ldr	r0, [r3, #64]
  93 0006 7047     		bx	lr
  94              	.L9:
  95              		.align	2
  96              	.L8:
  97 0008 08ED00E0 		.word	-536810232
  98              		.cfi_endproc
  99              	.LFE68:
 100              		.size	isr_rbat_GetVector, .-isr_rbat_GetVector
 101              		.section	.text.isr_rbat_SetPriority,"ax",%progbits
 102              		.align	2
 103              		.global	isr_rbat_SetPriority
 104              		.thumb
 105              		.thumb_func
 106              		.type	isr_rbat_SetPriority, %function
 107              	isr_rbat_SetPriority:
 108              	.LFB69:
 233:Generated_Source\PSoC5/isr_rbat.c **** 
 234:Generated_Source\PSoC5/isr_rbat.c **** 
ARM GAS  C:\Users\pcoud\AppData\Local\Temp\ccEH0Ric.s 			page 7


 235:Generated_Source\PSoC5/isr_rbat.c **** /*******************************************************************************
 236:Generated_Source\PSoC5/isr_rbat.c **** * Function Name: isr_rbat_SetPriority
 237:Generated_Source\PSoC5/isr_rbat.c **** ********************************************************************************
 238:Generated_Source\PSoC5/isr_rbat.c **** *
 239:Generated_Source\PSoC5/isr_rbat.c **** * Summary:
 240:Generated_Source\PSoC5/isr_rbat.c **** *   Sets the Priority of the Interrupt. 
 241:Generated_Source\PSoC5/isr_rbat.c **** *
 242:Generated_Source\PSoC5/isr_rbat.c **** *   Note calling isr_rbat_Start or isr_rbat_StartEx will 
 243:Generated_Source\PSoC5/isr_rbat.c **** *   override any effect this API would have had. This API should only be called
 244:Generated_Source\PSoC5/isr_rbat.c **** *   after isr_rbat_Start or isr_rbat_StartEx has been called. 
 245:Generated_Source\PSoC5/isr_rbat.c **** *   To set the initial priority for the component, use the Design-Wide Resources
 246:Generated_Source\PSoC5/isr_rbat.c **** *   Interrupt Editor.
 247:Generated_Source\PSoC5/isr_rbat.c **** *
 248:Generated_Source\PSoC5/isr_rbat.c **** *   Note This API has no effect on Non-maskable interrupt NMI).
 249:Generated_Source\PSoC5/isr_rbat.c **** *
 250:Generated_Source\PSoC5/isr_rbat.c **** * Parameters:
 251:Generated_Source\PSoC5/isr_rbat.c **** *   priority: Priority of the interrupt, 0 being the highest priority
 252:Generated_Source\PSoC5/isr_rbat.c **** *             PSoC 3 and PSoC 5LP: Priority is from 0 to 7.
 253:Generated_Source\PSoC5/isr_rbat.c **** *             PSoC 4: Priority is from 0 to 3.
 254:Generated_Source\PSoC5/isr_rbat.c **** *
 255:Generated_Source\PSoC5/isr_rbat.c **** * Return:
 256:Generated_Source\PSoC5/isr_rbat.c **** *   None
 257:Generated_Source\PSoC5/isr_rbat.c **** *
 258:Generated_Source\PSoC5/isr_rbat.c **** *******************************************************************************/
 259:Generated_Source\PSoC5/isr_rbat.c **** void isr_rbat_SetPriority(uint8 priority)
 260:Generated_Source\PSoC5/isr_rbat.c **** {
 109              		.loc 1 260 0
 110              		.cfi_startproc
 111              		@ args = 0, pretend = 0, frame = 0
 112              		@ frame_needed = 0, uses_anonymous_args = 0
 113              		@ link register save eliminated.
 114              	.LVL3:
 261:Generated_Source\PSoC5/isr_rbat.c ****     *isr_rbat_INTC_PRIOR = priority << 5;
 115              		.loc 1 261 0
 116 0000 4001     		lsls	r0, r0, #5
 117              	.LVL4:
 118 0002 C0B2     		uxtb	r0, r0
 119 0004 014B     		ldr	r3, .L11
 120 0006 1870     		strb	r0, [r3]
 121 0008 7047     		bx	lr
 122              	.L12:
 123 000a 00BF     		.align	2
 124              	.L11:
 125 000c 00E400E0 		.word	-536812544
 126              		.cfi_endproc
 127              	.LFE69:
 128              		.size	isr_rbat_SetPriority, .-isr_rbat_SetPriority
 129              		.section	.text.isr_rbat_GetPriority,"ax",%progbits
 130              		.align	2
 131              		.global	isr_rbat_GetPriority
 132              		.thumb
 133              		.thumb_func
 134              		.type	isr_rbat_GetPriority, %function
 135              	isr_rbat_GetPriority:
 136              	.LFB70:
 262:Generated_Source\PSoC5/isr_rbat.c **** }
 263:Generated_Source\PSoC5/isr_rbat.c **** 
ARM GAS  C:\Users\pcoud\AppData\Local\Temp\ccEH0Ric.s 			page 8


 264:Generated_Source\PSoC5/isr_rbat.c **** 
 265:Generated_Source\PSoC5/isr_rbat.c **** /*******************************************************************************
 266:Generated_Source\PSoC5/isr_rbat.c **** * Function Name: isr_rbat_GetPriority
 267:Generated_Source\PSoC5/isr_rbat.c **** ********************************************************************************
 268:Generated_Source\PSoC5/isr_rbat.c **** *
 269:Generated_Source\PSoC5/isr_rbat.c **** * Summary:
 270:Generated_Source\PSoC5/isr_rbat.c **** *   Gets the Priority of the Interrupt.
 271:Generated_Source\PSoC5/isr_rbat.c **** *
 272:Generated_Source\PSoC5/isr_rbat.c **** * Parameters:
 273:Generated_Source\PSoC5/isr_rbat.c **** *   None
 274:Generated_Source\PSoC5/isr_rbat.c **** *
 275:Generated_Source\PSoC5/isr_rbat.c **** * Return:
 276:Generated_Source\PSoC5/isr_rbat.c **** *   Priority of the interrupt, 0 being the highest priority
 277:Generated_Source\PSoC5/isr_rbat.c **** *    PSoC 3 and PSoC 5LP: Priority is from 0 to 7.
 278:Generated_Source\PSoC5/isr_rbat.c **** *    PSoC 4: Priority is from 0 to 3.
 279:Generated_Source\PSoC5/isr_rbat.c **** *
 280:Generated_Source\PSoC5/isr_rbat.c **** *******************************************************************************/
 281:Generated_Source\PSoC5/isr_rbat.c **** uint8 isr_rbat_GetPriority(void)
 282:Generated_Source\PSoC5/isr_rbat.c **** {
 137              		.loc 1 282 0
 138              		.cfi_startproc
 139              		@ args = 0, pretend = 0, frame = 0
 140              		@ frame_needed = 0, uses_anonymous_args = 0
 141              		@ link register save eliminated.
 283:Generated_Source\PSoC5/isr_rbat.c ****     uint8 priority;
 284:Generated_Source\PSoC5/isr_rbat.c **** 
 285:Generated_Source\PSoC5/isr_rbat.c **** 
 286:Generated_Source\PSoC5/isr_rbat.c ****     priority = *isr_rbat_INTC_PRIOR >> 5;
 142              		.loc 1 286 0
 143 0000 014B     		ldr	r3, .L14
 144 0002 1878     		ldrb	r0, [r3]	@ zero_extendqisi2
 145              	.LVL5:
 287:Generated_Source\PSoC5/isr_rbat.c **** 
 288:Generated_Source\PSoC5/isr_rbat.c ****     return priority;
 289:Generated_Source\PSoC5/isr_rbat.c **** }
 146              		.loc 1 289 0
 147 0004 4009     		lsrs	r0, r0, #5
 148              	.LVL6:
 149 0006 7047     		bx	lr
 150              	.L15:
 151              		.align	2
 152              	.L14:
 153 0008 00E400E0 		.word	-536812544
 154              		.cfi_endproc
 155              	.LFE70:
 156              		.size	isr_rbat_GetPriority, .-isr_rbat_GetPriority
 157              		.section	.text.isr_rbat_Enable,"ax",%progbits
 158              		.align	2
 159              		.global	isr_rbat_Enable
 160              		.thumb
 161              		.thumb_func
 162              		.type	isr_rbat_Enable, %function
 163              	isr_rbat_Enable:
 164              	.LFB71:
 290:Generated_Source\PSoC5/isr_rbat.c **** 
 291:Generated_Source\PSoC5/isr_rbat.c **** 
 292:Generated_Source\PSoC5/isr_rbat.c **** /*******************************************************************************
ARM GAS  C:\Users\pcoud\AppData\Local\Temp\ccEH0Ric.s 			page 9


 293:Generated_Source\PSoC5/isr_rbat.c **** * Function Name: isr_rbat_Enable
 294:Generated_Source\PSoC5/isr_rbat.c **** ********************************************************************************
 295:Generated_Source\PSoC5/isr_rbat.c **** *
 296:Generated_Source\PSoC5/isr_rbat.c **** * Summary:
 297:Generated_Source\PSoC5/isr_rbat.c **** *   Enables the interrupt to the interrupt controller. Do not call this function
 298:Generated_Source\PSoC5/isr_rbat.c **** *   unless ISR_Start() has been called or the functionality of the ISR_Start() 
 299:Generated_Source\PSoC5/isr_rbat.c **** *   function, which sets the vector and the priority, has been called.
 300:Generated_Source\PSoC5/isr_rbat.c **** *
 301:Generated_Source\PSoC5/isr_rbat.c **** * Parameters:
 302:Generated_Source\PSoC5/isr_rbat.c **** *   None
 303:Generated_Source\PSoC5/isr_rbat.c **** *
 304:Generated_Source\PSoC5/isr_rbat.c **** * Return:
 305:Generated_Source\PSoC5/isr_rbat.c **** *   None
 306:Generated_Source\PSoC5/isr_rbat.c **** *
 307:Generated_Source\PSoC5/isr_rbat.c **** *******************************************************************************/
 308:Generated_Source\PSoC5/isr_rbat.c **** void isr_rbat_Enable(void)
 309:Generated_Source\PSoC5/isr_rbat.c **** {
 165              		.loc 1 309 0
 166              		.cfi_startproc
 167              		@ args = 0, pretend = 0, frame = 0
 168              		@ frame_needed = 0, uses_anonymous_args = 0
 169              		@ link register save eliminated.
 310:Generated_Source\PSoC5/isr_rbat.c ****     /* Enable the general interrupt. */
 311:Generated_Source\PSoC5/isr_rbat.c ****     *isr_rbat_INTC_SET_EN = isr_rbat__INTC_MASK;
 170              		.loc 1 311 0
 171 0000 0122     		movs	r2, #1
 172 0002 014B     		ldr	r3, .L17
 173 0004 1A60     		str	r2, [r3]
 174 0006 7047     		bx	lr
 175              	.L18:
 176              		.align	2
 177              	.L17:
 178 0008 00E100E0 		.word	-536813312
 179              		.cfi_endproc
 180              	.LFE71:
 181              		.size	isr_rbat_Enable, .-isr_rbat_Enable
 182              		.section	.text.isr_rbat_GetState,"ax",%progbits
 183              		.align	2
 184              		.global	isr_rbat_GetState
 185              		.thumb
 186              		.thumb_func
 187              		.type	isr_rbat_GetState, %function
 188              	isr_rbat_GetState:
 189              	.LFB72:
 312:Generated_Source\PSoC5/isr_rbat.c **** }
 313:Generated_Source\PSoC5/isr_rbat.c **** 
 314:Generated_Source\PSoC5/isr_rbat.c **** 
 315:Generated_Source\PSoC5/isr_rbat.c **** /*******************************************************************************
 316:Generated_Source\PSoC5/isr_rbat.c **** * Function Name: isr_rbat_GetState
 317:Generated_Source\PSoC5/isr_rbat.c **** ********************************************************************************
 318:Generated_Source\PSoC5/isr_rbat.c **** *
 319:Generated_Source\PSoC5/isr_rbat.c **** * Summary:
 320:Generated_Source\PSoC5/isr_rbat.c **** *   Gets the state (enabled, disabled) of the Interrupt.
 321:Generated_Source\PSoC5/isr_rbat.c **** *
 322:Generated_Source\PSoC5/isr_rbat.c **** * Parameters:
 323:Generated_Source\PSoC5/isr_rbat.c **** *   None
 324:Generated_Source\PSoC5/isr_rbat.c **** *
ARM GAS  C:\Users\pcoud\AppData\Local\Temp\ccEH0Ric.s 			page 10


 325:Generated_Source\PSoC5/isr_rbat.c **** * Return:
 326:Generated_Source\PSoC5/isr_rbat.c **** *   1 if enabled, 0 if disabled.
 327:Generated_Source\PSoC5/isr_rbat.c **** *
 328:Generated_Source\PSoC5/isr_rbat.c **** *******************************************************************************/
 329:Generated_Source\PSoC5/isr_rbat.c **** uint8 isr_rbat_GetState(void)
 330:Generated_Source\PSoC5/isr_rbat.c **** {
 190              		.loc 1 330 0
 191              		.cfi_startproc
 192              		@ args = 0, pretend = 0, frame = 0
 193              		@ frame_needed = 0, uses_anonymous_args = 0
 194              		@ link register save eliminated.
 331:Generated_Source\PSoC5/isr_rbat.c ****     /* Get the state of the general interrupt. */
 332:Generated_Source\PSoC5/isr_rbat.c ****     return ((*isr_rbat_INTC_SET_EN & (uint32)isr_rbat__INTC_MASK) != 0u) ? 1u:0u;
 195              		.loc 1 332 0
 196 0000 024B     		ldr	r3, .L20
 197 0002 1868     		ldr	r0, [r3]
 333:Generated_Source\PSoC5/isr_rbat.c **** }
 198              		.loc 1 333 0
 199 0004 00F00100 		and	r0, r0, #1
 200 0008 7047     		bx	lr
 201              	.L21:
 202 000a 00BF     		.align	2
 203              	.L20:
 204 000c 00E100E0 		.word	-536813312
 205              		.cfi_endproc
 206              	.LFE72:
 207              		.size	isr_rbat_GetState, .-isr_rbat_GetState
 208              		.section	.text.isr_rbat_Disable,"ax",%progbits
 209              		.align	2
 210              		.global	isr_rbat_Disable
 211              		.thumb
 212              		.thumb_func
 213              		.type	isr_rbat_Disable, %function
 214              	isr_rbat_Disable:
 215              	.LFB73:
 334:Generated_Source\PSoC5/isr_rbat.c **** 
 335:Generated_Source\PSoC5/isr_rbat.c **** 
 336:Generated_Source\PSoC5/isr_rbat.c **** /*******************************************************************************
 337:Generated_Source\PSoC5/isr_rbat.c **** * Function Name: isr_rbat_Disable
 338:Generated_Source\PSoC5/isr_rbat.c **** ********************************************************************************
 339:Generated_Source\PSoC5/isr_rbat.c **** *
 340:Generated_Source\PSoC5/isr_rbat.c **** * Summary:
 341:Generated_Source\PSoC5/isr_rbat.c **** *   Disables the Interrupt in the interrupt controller.
 342:Generated_Source\PSoC5/isr_rbat.c **** *
 343:Generated_Source\PSoC5/isr_rbat.c **** * Parameters:
 344:Generated_Source\PSoC5/isr_rbat.c **** *   None
 345:Generated_Source\PSoC5/isr_rbat.c **** *
 346:Generated_Source\PSoC5/isr_rbat.c **** * Return:
 347:Generated_Source\PSoC5/isr_rbat.c **** *   None
 348:Generated_Source\PSoC5/isr_rbat.c **** *
 349:Generated_Source\PSoC5/isr_rbat.c **** *******************************************************************************/
 350:Generated_Source\PSoC5/isr_rbat.c **** void isr_rbat_Disable(void)
 351:Generated_Source\PSoC5/isr_rbat.c **** {
 216              		.loc 1 351 0
 217              		.cfi_startproc
 218              		@ args = 0, pretend = 0, frame = 0
 219              		@ frame_needed = 0, uses_anonymous_args = 0
ARM GAS  C:\Users\pcoud\AppData\Local\Temp\ccEH0Ric.s 			page 11


 220              		@ link register save eliminated.
 352:Generated_Source\PSoC5/isr_rbat.c ****     /* Disable the general interrupt. */
 353:Generated_Source\PSoC5/isr_rbat.c ****     *isr_rbat_INTC_CLR_EN = isr_rbat__INTC_MASK;
 221              		.loc 1 353 0
 222 0000 0122     		movs	r2, #1
 223 0002 014B     		ldr	r3, .L23
 224 0004 1A60     		str	r2, [r3]
 225 0006 7047     		bx	lr
 226              	.L24:
 227              		.align	2
 228              	.L23:
 229 0008 80E100E0 		.word	-536813184
 230              		.cfi_endproc
 231              	.LFE73:
 232              		.size	isr_rbat_Disable, .-isr_rbat_Disable
 233              		.section	.text.isr_rbat_Start,"ax",%progbits
 234              		.align	2
 235              		.global	isr_rbat_Start
 236              		.thumb
 237              		.thumb_func
 238              		.type	isr_rbat_Start, %function
 239              	isr_rbat_Start:
 240              	.LFB63:
  63:Generated_Source\PSoC5/isr_rbat.c ****     /* For all we know the interrupt is active. */
 241              		.loc 1 63 0
 242              		.cfi_startproc
 243              		@ args = 0, pretend = 0, frame = 0
 244              		@ frame_needed = 0, uses_anonymous_args = 0
 245 0000 08B5     		push	{r3, lr}
 246              		.cfi_def_cfa_offset 8
 247              		.cfi_offset 3, -8
 248              		.cfi_offset 14, -4
  65:Generated_Source\PSoC5/isr_rbat.c **** 
 249              		.loc 1 65 0
 250 0002 FFF7FEFF 		bl	isr_rbat_Disable
 251              	.LVL7:
  68:Generated_Source\PSoC5/isr_rbat.c **** 
 252              		.loc 1 68 0
 253 0006 0448     		ldr	r0, .L27
 254 0008 FFF7FEFF 		bl	isr_rbat_SetVector
 255              	.LVL8:
  71:Generated_Source\PSoC5/isr_rbat.c **** 
 256              		.loc 1 71 0
 257 000c 0720     		movs	r0, #7
 258 000e FFF7FEFF 		bl	isr_rbat_SetPriority
 259              	.LVL9:
  74:Generated_Source\PSoC5/isr_rbat.c **** }
 260              		.loc 1 74 0
 261 0012 FFF7FEFF 		bl	isr_rbat_Enable
 262              	.LVL10:
 263 0016 08BD     		pop	{r3, pc}
 264              	.L28:
 265              		.align	2
 266              	.L27:
 267 0018 00000000 		.word	isr_rbat_Interrupt
 268              		.cfi_endproc
 269              	.LFE63:
ARM GAS  C:\Users\pcoud\AppData\Local\Temp\ccEH0Ric.s 			page 12


 270              		.size	isr_rbat_Start, .-isr_rbat_Start
 271              		.section	.text.isr_rbat_StartEx,"ax",%progbits
 272              		.align	2
 273              		.global	isr_rbat_StartEx
 274              		.thumb
 275              		.thumb_func
 276              		.type	isr_rbat_StartEx, %function
 277              	isr_rbat_StartEx:
 278              	.LFB64:
 106:Generated_Source\PSoC5/isr_rbat.c ****     /* For all we know the interrupt is active. */
 279              		.loc 1 106 0
 280              		.cfi_startproc
 281              		@ args = 0, pretend = 0, frame = 0
 282              		@ frame_needed = 0, uses_anonymous_args = 0
 283              	.LVL11:
 284 0000 10B5     		push	{r4, lr}
 285              		.cfi_def_cfa_offset 8
 286              		.cfi_offset 4, -8
 287              		.cfi_offset 14, -4
 288 0002 0446     		mov	r4, r0
 108:Generated_Source\PSoC5/isr_rbat.c **** 
 289              		.loc 1 108 0
 290 0004 FFF7FEFF 		bl	isr_rbat_Disable
 291              	.LVL12:
 111:Generated_Source\PSoC5/isr_rbat.c **** 
 292              		.loc 1 111 0
 293 0008 2046     		mov	r0, r4
 294 000a FFF7FEFF 		bl	isr_rbat_SetVector
 295              	.LVL13:
 114:Generated_Source\PSoC5/isr_rbat.c **** 
 296              		.loc 1 114 0
 297 000e 0720     		movs	r0, #7
 298 0010 FFF7FEFF 		bl	isr_rbat_SetPriority
 299              	.LVL14:
 117:Generated_Source\PSoC5/isr_rbat.c **** }
 300              		.loc 1 117 0
 301 0014 FFF7FEFF 		bl	isr_rbat_Enable
 302              	.LVL15:
 303 0018 10BD     		pop	{r4, pc}
 304              		.cfi_endproc
 305              	.LFE64:
 306              		.size	isr_rbat_StartEx, .-isr_rbat_StartEx
 307 001a 00BF     		.section	.text.isr_rbat_Stop,"ax",%progbits
 308              		.align	2
 309              		.global	isr_rbat_Stop
 310              		.thumb
 311              		.thumb_func
 312              		.type	isr_rbat_Stop, %function
 313              	isr_rbat_Stop:
 314              	.LFB65:
 136:Generated_Source\PSoC5/isr_rbat.c ****     /* Disable this interrupt. */
 315              		.loc 1 136 0
 316              		.cfi_startproc
 317              		@ args = 0, pretend = 0, frame = 0
 318              		@ frame_needed = 0, uses_anonymous_args = 0
 319 0000 08B5     		push	{r3, lr}
 320              		.cfi_def_cfa_offset 8
ARM GAS  C:\Users\pcoud\AppData\Local\Temp\ccEH0Ric.s 			page 13


 321              		.cfi_offset 3, -8
 322              		.cfi_offset 14, -4
 138:Generated_Source\PSoC5/isr_rbat.c **** 
 323              		.loc 1 138 0
 324 0002 FFF7FEFF 		bl	isr_rbat_Disable
 325              	.LVL16:
 141:Generated_Source\PSoC5/isr_rbat.c **** }
 326              		.loc 1 141 0
 327 0006 0248     		ldr	r0, .L33
 328 0008 FFF7FEFF 		bl	isr_rbat_SetVector
 329              	.LVL17:
 330 000c 08BD     		pop	{r3, pc}
 331              	.L34:
 332 000e 00BF     		.align	2
 333              	.L33:
 334 0010 00000000 		.word	IntDefaultHandler
 335              		.cfi_endproc
 336              	.LFE65:
 337              		.size	isr_rbat_Stop, .-isr_rbat_Stop
 338              		.section	.text.isr_rbat_SetPending,"ax",%progbits
 339              		.align	2
 340              		.global	isr_rbat_SetPending
 341              		.thumb
 342              		.thumb_func
 343              		.type	isr_rbat_SetPending, %function
 344              	isr_rbat_SetPending:
 345              	.LFB74:
 354:Generated_Source\PSoC5/isr_rbat.c **** }
 355:Generated_Source\PSoC5/isr_rbat.c **** 
 356:Generated_Source\PSoC5/isr_rbat.c **** 
 357:Generated_Source\PSoC5/isr_rbat.c **** /*******************************************************************************
 358:Generated_Source\PSoC5/isr_rbat.c **** * Function Name: isr_rbat_SetPending
 359:Generated_Source\PSoC5/isr_rbat.c **** ********************************************************************************
 360:Generated_Source\PSoC5/isr_rbat.c **** *
 361:Generated_Source\PSoC5/isr_rbat.c **** * Summary:
 362:Generated_Source\PSoC5/isr_rbat.c **** *   Causes the Interrupt to enter the pending state, a software method of
 363:Generated_Source\PSoC5/isr_rbat.c **** *   generating the interrupt.
 364:Generated_Source\PSoC5/isr_rbat.c **** *
 365:Generated_Source\PSoC5/isr_rbat.c **** * Parameters:
 366:Generated_Source\PSoC5/isr_rbat.c **** *   None
 367:Generated_Source\PSoC5/isr_rbat.c **** *
 368:Generated_Source\PSoC5/isr_rbat.c **** * Return:
 369:Generated_Source\PSoC5/isr_rbat.c **** *   None
 370:Generated_Source\PSoC5/isr_rbat.c **** *
 371:Generated_Source\PSoC5/isr_rbat.c **** * Side Effects:
 372:Generated_Source\PSoC5/isr_rbat.c **** *   If interrupts are enabled and the interrupt is set up properly, the ISR is
 373:Generated_Source\PSoC5/isr_rbat.c **** *   entered (depending on the priority of this interrupt and other pending 
 374:Generated_Source\PSoC5/isr_rbat.c **** *   interrupts).
 375:Generated_Source\PSoC5/isr_rbat.c **** *
 376:Generated_Source\PSoC5/isr_rbat.c **** *******************************************************************************/
 377:Generated_Source\PSoC5/isr_rbat.c **** void isr_rbat_SetPending(void)
 378:Generated_Source\PSoC5/isr_rbat.c **** {
 346              		.loc 1 378 0
 347              		.cfi_startproc
 348              		@ args = 0, pretend = 0, frame = 0
 349              		@ frame_needed = 0, uses_anonymous_args = 0
 350              		@ link register save eliminated.
ARM GAS  C:\Users\pcoud\AppData\Local\Temp\ccEH0Ric.s 			page 14


 379:Generated_Source\PSoC5/isr_rbat.c ****     *isr_rbat_INTC_SET_PD = isr_rbat__INTC_MASK;
 351              		.loc 1 379 0
 352 0000 0122     		movs	r2, #1
 353 0002 014B     		ldr	r3, .L36
 354 0004 1A60     		str	r2, [r3]
 355 0006 7047     		bx	lr
 356              	.L37:
 357              		.align	2
 358              	.L36:
 359 0008 00E200E0 		.word	-536813056
 360              		.cfi_endproc
 361              	.LFE74:
 362              		.size	isr_rbat_SetPending, .-isr_rbat_SetPending
 363              		.section	.text.isr_rbat_ClearPending,"ax",%progbits
 364              		.align	2
 365              		.global	isr_rbat_ClearPending
 366              		.thumb
 367              		.thumb_func
 368              		.type	isr_rbat_ClearPending, %function
 369              	isr_rbat_ClearPending:
 370              	.LFB75:
 380:Generated_Source\PSoC5/isr_rbat.c **** }
 381:Generated_Source\PSoC5/isr_rbat.c **** 
 382:Generated_Source\PSoC5/isr_rbat.c **** 
 383:Generated_Source\PSoC5/isr_rbat.c **** /*******************************************************************************
 384:Generated_Source\PSoC5/isr_rbat.c **** * Function Name: isr_rbat_ClearPending
 385:Generated_Source\PSoC5/isr_rbat.c **** ********************************************************************************
 386:Generated_Source\PSoC5/isr_rbat.c **** *
 387:Generated_Source\PSoC5/isr_rbat.c **** * Summary:
 388:Generated_Source\PSoC5/isr_rbat.c **** *   Clears a pending interrupt in the interrupt controller.
 389:Generated_Source\PSoC5/isr_rbat.c **** *
 390:Generated_Source\PSoC5/isr_rbat.c **** *   Note Some interrupt sources are clear-on-read and require the block 
 391:Generated_Source\PSoC5/isr_rbat.c **** *   interrupt/status register to be read/cleared with the appropriate block API 
 392:Generated_Source\PSoC5/isr_rbat.c **** *   (GPIO, UART, and so on). Otherwise the ISR will continue to remain in 
 393:Generated_Source\PSoC5/isr_rbat.c **** *   pending state even though the interrupt itself is cleared using this API.
 394:Generated_Source\PSoC5/isr_rbat.c **** *
 395:Generated_Source\PSoC5/isr_rbat.c **** * Parameters:
 396:Generated_Source\PSoC5/isr_rbat.c **** *   None
 397:Generated_Source\PSoC5/isr_rbat.c **** *
 398:Generated_Source\PSoC5/isr_rbat.c **** * Return:
 399:Generated_Source\PSoC5/isr_rbat.c **** *   None
 400:Generated_Source\PSoC5/isr_rbat.c **** *
 401:Generated_Source\PSoC5/isr_rbat.c **** *******************************************************************************/
 402:Generated_Source\PSoC5/isr_rbat.c **** void isr_rbat_ClearPending(void)
 403:Generated_Source\PSoC5/isr_rbat.c **** {
 371              		.loc 1 403 0
 372              		.cfi_startproc
 373              		@ args = 0, pretend = 0, frame = 0
 374              		@ frame_needed = 0, uses_anonymous_args = 0
 375              		@ link register save eliminated.
 404:Generated_Source\PSoC5/isr_rbat.c ****     *isr_rbat_INTC_CLR_PD = isr_rbat__INTC_MASK;
 376              		.loc 1 404 0
 377 0000 0122     		movs	r2, #1
 378 0002 014B     		ldr	r3, .L39
 379 0004 1A60     		str	r2, [r3]
 380 0006 7047     		bx	lr
 381              	.L40:
ARM GAS  C:\Users\pcoud\AppData\Local\Temp\ccEH0Ric.s 			page 15


 382              		.align	2
 383              	.L39:
 384 0008 80E200E0 		.word	-536812928
 385              		.cfi_endproc
 386              	.LFE75:
 387              		.size	isr_rbat_ClearPending, .-isr_rbat_ClearPending
 388              		.text
 389              	.Letext0:
 390              		.file 2 "c:\\program files (x86)\\cypress\\psoc creator\\4.1\\psoc creator\\import\\gnu\\arm\\5.4.
 391              		.file 3 "c:\\program files (x86)\\cypress\\psoc creator\\4.1\\psoc creator\\import\\gnu\\arm\\5.4.
 392              		.file 4 "Generated_Source\\PSoC5/cytypes.h"
 393              		.file 5 "Generated_Source\\PSoC5/core_cm3.h"
 394              		.section	.debug_info,"",%progbits
 395              	.Ldebug_info0:
 396 0000 0C030000 		.4byte	0x30c
 397 0004 0400     		.2byte	0x4
 398 0006 00000000 		.4byte	.Ldebug_abbrev0
 399 000a 04       		.byte	0x4
 400 000b 01       		.uleb128 0x1
 401 000c B0000000 		.4byte	.LASF39
 402 0010 0C       		.byte	0xc
 403 0011 D7010000 		.4byte	.LASF40
 404 0015 BD020000 		.4byte	.LASF41
 405 0019 00000000 		.4byte	.Ldebug_ranges0+0
 406 001d 00000000 		.4byte	0
 407 0021 00000000 		.4byte	.Ldebug_line0
 408 0025 02       		.uleb128 0x2
 409 0026 04       		.byte	0x4
 410 0027 05       		.byte	0x5
 411 0028 696E7400 		.ascii	"int\000"
 412 002c 03       		.uleb128 0x3
 413 002d 04       		.byte	0x4
 414 002e 07       		.byte	0x7
 415 002f F9010000 		.4byte	.LASF0
 416 0033 03       		.uleb128 0x3
 417 0034 08       		.byte	0x8
 418 0035 05       		.byte	0x5
 419 0036 51020000 		.4byte	.LASF1
 420 003a 03       		.uleb128 0x3
 421 003b 08       		.byte	0x8
 422 003c 04       		.byte	0x4
 423 003d A0020000 		.4byte	.LASF2
 424 0041 03       		.uleb128 0x3
 425 0042 01       		.byte	0x1
 426 0043 06       		.byte	0x6
 427 0044 96000000 		.4byte	.LASF3
 428 0048 03       		.uleb128 0x3
 429 0049 01       		.byte	0x1
 430 004a 08       		.byte	0x8
 431 004b A2000000 		.4byte	.LASF4
 432 004f 03       		.uleb128 0x3
 433 0050 02       		.byte	0x2
 434 0051 05       		.byte	0x5
 435 0052 73020000 		.4byte	.LASF5
 436 0056 03       		.uleb128 0x3
 437 0057 02       		.byte	0x2
 438 0058 07       		.byte	0x7
ARM GAS  C:\Users\pcoud\AppData\Local\Temp\ccEH0Ric.s 			page 16


 439 0059 65010000 		.4byte	.LASF6
 440 005d 04       		.uleb128 0x4
 441 005e 40000000 		.4byte	.LASF12
 442 0062 02       		.byte	0x2
 443 0063 3F       		.byte	0x3f
 444 0064 68000000 		.4byte	0x68
 445 0068 03       		.uleb128 0x3
 446 0069 04       		.byte	0x4
 447 006a 05       		.byte	0x5
 448 006b 83020000 		.4byte	.LASF7
 449 006f 03       		.uleb128 0x3
 450 0070 04       		.byte	0x4
 451 0071 07       		.byte	0x7
 452 0072 43010000 		.4byte	.LASF8
 453 0076 03       		.uleb128 0x3
 454 0077 08       		.byte	0x8
 455 0078 07       		.byte	0x7
 456 0079 0E020000 		.4byte	.LASF9
 457 007d 03       		.uleb128 0x3
 458 007e 04       		.byte	0x4
 459 007f 07       		.byte	0x7
 460 0080 3A020000 		.4byte	.LASF10
 461 0084 03       		.uleb128 0x3
 462 0085 01       		.byte	0x1
 463 0086 08       		.byte	0x8
 464 0087 5F020000 		.4byte	.LASF11
 465 008b 05       		.uleb128 0x5
 466 008c 04       		.byte	0x4
 467 008d 91000000 		.4byte	0x91
 468 0091 06       		.uleb128 0x6
 469 0092 04       		.uleb128 0x4
 470 0093 32020000 		.4byte	.LASF13
 471 0097 03       		.byte	0x3
 472 0098 2C       		.byte	0x2c
 473 0099 5D000000 		.4byte	0x5d
 474 009d 07       		.uleb128 0x7
 475 009e 7D020000 		.4byte	.LASF14
 476 00a2 04       		.byte	0x4
 477 00a3 9201     		.2byte	0x192
 478 00a5 48000000 		.4byte	0x48
 479 00a9 07       		.uleb128 0x7
 480 00aa B4010000 		.4byte	.LASF15
 481 00ae 04       		.byte	0x4
 482 00af 9301     		.2byte	0x193
 483 00b1 56000000 		.4byte	0x56
 484 00b5 07       		.uleb128 0x7
 485 00b6 D0010000 		.4byte	.LASF16
 486 00ba 04       		.byte	0x4
 487 00bb 9401     		.2byte	0x194
 488 00bd 6F000000 		.4byte	0x6f
 489 00c1 03       		.uleb128 0x3
 490 00c2 04       		.byte	0x4
 491 00c3 04       		.byte	0x4
 492 00c4 90000000 		.4byte	.LASF17
 493 00c8 03       		.uleb128 0x3
 494 00c9 08       		.byte	0x8
 495 00ca 04       		.byte	0x4
ARM GAS  C:\Users\pcoud\AppData\Local\Temp\ccEH0Ric.s 			page 17


 496 00cb 59000000 		.4byte	.LASF18
 497 00cf 07       		.uleb128 0x7
 498 00d0 3E010000 		.4byte	.LASF19
 499 00d4 04       		.byte	0x4
 500 00d5 3C02     		.2byte	0x23c
 501 00d7 DB000000 		.4byte	0xdb
 502 00db 08       		.uleb128 0x8
 503 00dc 9D000000 		.4byte	0x9d
 504 00e0 07       		.uleb128 0x7
 505 00e1 00000000 		.4byte	.LASF20
 506 00e5 04       		.byte	0x4
 507 00e6 3E02     		.2byte	0x23e
 508 00e8 EC000000 		.4byte	0xec
 509 00ec 08       		.uleb128 0x8
 510 00ed B5000000 		.4byte	0xb5
 511 00f1 07       		.uleb128 0x7
 512 00f2 25020000 		.4byte	.LASF21
 513 00f6 04       		.byte	0x4
 514 00f7 4E02     		.2byte	0x24e
 515 00f9 8B000000 		.4byte	0x8b
 516 00fd 09       		.uleb128 0x9
 517 00fe 98010000 		.4byte	.LASF29
 518 0102 01       		.byte	0x1
 519 0103 A1       		.byte	0xa1
 520 0104 00000000 		.4byte	.LFB66
 521 0108 10000000 		.4byte	.LFE66-.LFB66
 522 010c 01       		.uleb128 0x1
 523 010d 9C       		.byte	0x9c
 524 010e 0A       		.uleb128 0xa
 525 010f 06000000 		.4byte	.LASF23
 526 0113 01       		.byte	0x1
 527 0114 C9       		.byte	0xc9
 528 0115 00000000 		.4byte	.LFB67
 529 0119 0C000000 		.4byte	.LFE67-.LFB67
 530 011d 01       		.uleb128 0x1
 531 011e 9C       		.byte	0x9c
 532 011f 3E010000 		.4byte	0x13e
 533 0123 0B       		.uleb128 0xb
 534 0124 06020000 		.4byte	.LASF25
 535 0128 01       		.byte	0x1
 536 0129 C9       		.byte	0xc9
 537 012a F1000000 		.4byte	0xf1
 538 012e 01       		.uleb128 0x1
 539 012f 50       		.byte	0x50
 540 0130 0C       		.uleb128 0xc
 541 0131 64020000 		.4byte	.LASF22
 542 0135 01       		.byte	0x1
 543 0136 CB       		.byte	0xcb
 544 0137 3E010000 		.4byte	0x13e
 545 013b 01       		.uleb128 0x1
 546 013c 53       		.byte	0x53
 547 013d 00       		.byte	0
 548 013e 05       		.uleb128 0x5
 549 013f 04       		.byte	0x4
 550 0140 F1000000 		.4byte	0xf1
 551 0144 0D       		.uleb128 0xd
 552 0145 85010000 		.4byte	.LASF27
ARM GAS  C:\Users\pcoud\AppData\Local\Temp\ccEH0Ric.s 			page 18


 553 0149 01       		.byte	0x1
 554 014a E1       		.byte	0xe1
 555 014b F1000000 		.4byte	0xf1
 556 014f 00000000 		.4byte	.LFB68
 557 0153 0C000000 		.4byte	.LFE68-.LFB68
 558 0157 01       		.uleb128 0x1
 559 0158 9C       		.byte	0x9c
 560 0159 6B010000 		.4byte	0x16b
 561 015d 0C       		.uleb128 0xc
 562 015e 64020000 		.4byte	.LASF22
 563 0162 01       		.byte	0x1
 564 0163 E3       		.byte	0xe3
 565 0164 3E010000 		.4byte	0x13e
 566 0168 01       		.uleb128 0x1
 567 0169 53       		.byte	0x53
 568 016a 00       		.byte	0
 569 016b 0E       		.uleb128 0xe
 570 016c BB010000 		.4byte	.LASF24
 571 0170 01       		.byte	0x1
 572 0171 0301     		.2byte	0x103
 573 0173 00000000 		.4byte	.LFB69
 574 0177 10000000 		.4byte	.LFE69-.LFB69
 575 017b 01       		.uleb128 0x1
 576 017c 9C       		.byte	0x9c
 577 017d 92010000 		.4byte	0x192
 578 0181 0F       		.uleb128 0xf
 579 0182 AB010000 		.4byte	.LASF26
 580 0186 01       		.byte	0x1
 581 0187 0301     		.2byte	0x103
 582 0189 9D000000 		.4byte	0x9d
 583 018d 00000000 		.4byte	.LLST0
 584 0191 00       		.byte	0
 585 0192 10       		.uleb128 0x10
 586 0193 7B000000 		.4byte	.LASF28
 587 0197 01       		.byte	0x1
 588 0198 1901     		.2byte	0x119
 589 019a 9D000000 		.4byte	0x9d
 590 019e 00000000 		.4byte	.LFB70
 591 01a2 0C000000 		.4byte	.LFE70-.LFB70
 592 01a6 01       		.uleb128 0x1
 593 01a7 9C       		.byte	0x9c
 594 01a8 BD010000 		.4byte	0x1bd
 595 01ac 11       		.uleb128 0x11
 596 01ad AB010000 		.4byte	.LASF26
 597 01b1 01       		.byte	0x1
 598 01b2 1B01     		.2byte	0x11b
 599 01b4 9D000000 		.4byte	0x9d
 600 01b8 21000000 		.4byte	.LLST1
 601 01bc 00       		.byte	0
 602 01bd 12       		.uleb128 0x12
 603 01be 55010000 		.4byte	.LASF30
 604 01c2 01       		.byte	0x1
 605 01c3 3401     		.2byte	0x134
 606 01c5 00000000 		.4byte	.LFB71
 607 01c9 0C000000 		.4byte	.LFE71-.LFB71
 608 01cd 01       		.uleb128 0x1
 609 01ce 9C       		.byte	0x9c
ARM GAS  C:\Users\pcoud\AppData\Local\Temp\ccEH0Ric.s 			page 19


 610 01cf 13       		.uleb128 0x13
 611 01d0 60000000 		.4byte	.LASF42
 612 01d4 01       		.byte	0x1
 613 01d5 4901     		.2byte	0x149
 614 01d7 9D000000 		.4byte	0x9d
 615 01db 00000000 		.4byte	.LFB72
 616 01df 10000000 		.4byte	.LFE72-.LFB72
 617 01e3 01       		.uleb128 0x1
 618 01e4 9C       		.byte	0x9c
 619 01e5 12       		.uleb128 0x12
 620 01e6 19000000 		.4byte	.LASF31
 621 01ea 01       		.byte	0x1
 622 01eb 5E01     		.2byte	0x15e
 623 01ed 00000000 		.4byte	.LFB73
 624 01f1 0C000000 		.4byte	.LFE73-.LFB73
 625 01f5 01       		.uleb128 0x1
 626 01f6 9C       		.byte	0x9c
 627 01f7 0A       		.uleb128 0xa
 628 01f8 4A000000 		.4byte	.LASF32
 629 01fc 01       		.byte	0x1
 630 01fd 3E       		.byte	0x3e
 631 01fe 00000000 		.4byte	.LFB63
 632 0202 1C000000 		.4byte	.LFE63-.LFB63
 633 0206 01       		.uleb128 0x1
 634 0207 9C       		.byte	0x9c
 635 0208 49020000 		.4byte	0x249
 636 020c 14       		.uleb128 0x14
 637 020d 06000000 		.4byte	.LVL7
 638 0211 E5010000 		.4byte	0x1e5
 639 0215 15       		.uleb128 0x15
 640 0216 0C000000 		.4byte	.LVL8
 641 021a 0E010000 		.4byte	0x10e
 642 021e 2C020000 		.4byte	0x22c
 643 0222 16       		.uleb128 0x16
 644 0223 01       		.uleb128 0x1
 645 0224 50       		.byte	0x50
 646 0225 05       		.uleb128 0x5
 647 0226 03       		.byte	0x3
 648 0227 00000000 		.4byte	isr_rbat_Interrupt
 649 022b 00       		.byte	0
 650 022c 15       		.uleb128 0x15
 651 022d 12000000 		.4byte	.LVL9
 652 0231 6B010000 		.4byte	0x16b
 653 0235 3F020000 		.4byte	0x23f
 654 0239 16       		.uleb128 0x16
 655 023a 01       		.uleb128 0x1
 656 023b 50       		.byte	0x50
 657 023c 01       		.uleb128 0x1
 658 023d 37       		.byte	0x37
 659 023e 00       		.byte	0
 660 023f 14       		.uleb128 0x14
 661 0240 16000000 		.4byte	.LVL10
 662 0244 BD010000 		.4byte	0x1bd
 663 0248 00       		.byte	0
 664 0249 0A       		.uleb128 0xa
 665 024a AC020000 		.4byte	.LASF33
 666 024e 01       		.byte	0x1
ARM GAS  C:\Users\pcoud\AppData\Local\Temp\ccEH0Ric.s 			page 20


 667 024f 69       		.byte	0x69
 668 0250 00000000 		.4byte	.LFB64
 669 0254 1A000000 		.4byte	.LFE64-.LFB64
 670 0258 01       		.uleb128 0x1
 671 0259 9C       		.byte	0x9c
 672 025a A7020000 		.4byte	0x2a7
 673 025e 17       		.uleb128 0x17
 674 025f 06020000 		.4byte	.LASF25
 675 0263 01       		.byte	0x1
 676 0264 69       		.byte	0x69
 677 0265 F1000000 		.4byte	0xf1
 678 0269 38000000 		.4byte	.LLST2
 679 026d 14       		.uleb128 0x14
 680 026e 08000000 		.4byte	.LVL12
 681 0272 E5010000 		.4byte	0x1e5
 682 0276 15       		.uleb128 0x15
 683 0277 0E000000 		.4byte	.LVL13
 684 027b 0E010000 		.4byte	0x10e
 685 027f 8A020000 		.4byte	0x28a
 686 0283 16       		.uleb128 0x16
 687 0284 01       		.uleb128 0x1
 688 0285 50       		.byte	0x50
 689 0286 02       		.uleb128 0x2
 690 0287 74       		.byte	0x74
 691 0288 00       		.sleb128 0
 692 0289 00       		.byte	0
 693 028a 15       		.uleb128 0x15
 694 028b 14000000 		.4byte	.LVL14
 695 028f 6B010000 		.4byte	0x16b
 696 0293 9D020000 		.4byte	0x29d
 697 0297 16       		.uleb128 0x16
 698 0298 01       		.uleb128 0x1
 699 0299 50       		.byte	0x50
 700 029a 01       		.uleb128 0x1
 701 029b 37       		.byte	0x37
 702 029c 00       		.byte	0
 703 029d 14       		.uleb128 0x14
 704 029e 18000000 		.4byte	.LVL15
 705 02a2 BD010000 		.4byte	0x1bd
 706 02a6 00       		.byte	0
 707 02a7 0A       		.uleb128 0xa
 708 02a8 43020000 		.4byte	.LASF34
 709 02ac 01       		.byte	0x1
 710 02ad 87       		.byte	0x87
 711 02ae 00000000 		.4byte	.LFB65
 712 02b2 14000000 		.4byte	.LFE65-.LFB65
 713 02b6 01       		.uleb128 0x1
 714 02b7 9C       		.byte	0x9c
 715 02b8 CF020000 		.4byte	0x2cf
 716 02bc 14       		.uleb128 0x14
 717 02bd 06000000 		.4byte	.LVL16
 718 02c1 E5010000 		.4byte	0x1e5
 719 02c5 14       		.uleb128 0x14
 720 02c6 0C000000 		.4byte	.LVL17
 721 02ca 0E010000 		.4byte	0x10e
 722 02ce 00       		.byte	0
 723 02cf 12       		.uleb128 0x12
ARM GAS  C:\Users\pcoud\AppData\Local\Temp\ccEH0Ric.s 			page 21


 724 02d0 8C020000 		.4byte	.LASF35
 725 02d4 01       		.byte	0x1
 726 02d5 7901     		.2byte	0x179
 727 02d7 00000000 		.4byte	.LFB74
 728 02db 0C000000 		.4byte	.LFE74-.LFB74
 729 02df 01       		.uleb128 0x1
 730 02e0 9C       		.byte	0x9c
 731 02e1 12       		.uleb128 0x12
 732 02e2 2A000000 		.4byte	.LASF36
 733 02e6 01       		.byte	0x1
 734 02e7 9201     		.2byte	0x192
 735 02e9 00000000 		.4byte	.LFB75
 736 02ed 0C000000 		.4byte	.LFE75-.LFB75
 737 02f1 01       		.uleb128 0x1
 738 02f2 9C       		.byte	0x9c
 739 02f3 18       		.uleb128 0x18
 740 02f4 78010000 		.4byte	.LASF37
 741 02f8 05       		.byte	0x5
 742 02f9 1207     		.2byte	0x712
 743 02fb FF020000 		.4byte	0x2ff
 744 02ff 08       		.uleb128 0x8
 745 0300 92000000 		.4byte	0x92
 746 0304 19       		.uleb128 0x19
 747 0305 72000000 		.4byte	.LASF38
 748 0309 01       		.byte	0x1
 749 030a 1F       		.byte	0x1f
 750 030b A9000000 		.4byte	0xa9
 751 030f 00       		.byte	0
 752              		.section	.debug_abbrev,"",%progbits
 753              	.Ldebug_abbrev0:
 754 0000 01       		.uleb128 0x1
 755 0001 11       		.uleb128 0x11
 756 0002 01       		.byte	0x1
 757 0003 25       		.uleb128 0x25
 758 0004 0E       		.uleb128 0xe
 759 0005 13       		.uleb128 0x13
 760 0006 0B       		.uleb128 0xb
 761 0007 03       		.uleb128 0x3
 762 0008 0E       		.uleb128 0xe
 763 0009 1B       		.uleb128 0x1b
 764 000a 0E       		.uleb128 0xe
 765 000b 55       		.uleb128 0x55
 766 000c 17       		.uleb128 0x17
 767 000d 11       		.uleb128 0x11
 768 000e 01       		.uleb128 0x1
 769 000f 10       		.uleb128 0x10
 770 0010 17       		.uleb128 0x17
 771 0011 00       		.byte	0
 772 0012 00       		.byte	0
 773 0013 02       		.uleb128 0x2
 774 0014 24       		.uleb128 0x24
 775 0015 00       		.byte	0
 776 0016 0B       		.uleb128 0xb
 777 0017 0B       		.uleb128 0xb
 778 0018 3E       		.uleb128 0x3e
 779 0019 0B       		.uleb128 0xb
 780 001a 03       		.uleb128 0x3
ARM GAS  C:\Users\pcoud\AppData\Local\Temp\ccEH0Ric.s 			page 22


 781 001b 08       		.uleb128 0x8
 782 001c 00       		.byte	0
 783 001d 00       		.byte	0
 784 001e 03       		.uleb128 0x3
 785 001f 24       		.uleb128 0x24
 786 0020 00       		.byte	0
 787 0021 0B       		.uleb128 0xb
 788 0022 0B       		.uleb128 0xb
 789 0023 3E       		.uleb128 0x3e
 790 0024 0B       		.uleb128 0xb
 791 0025 03       		.uleb128 0x3
 792 0026 0E       		.uleb128 0xe
 793 0027 00       		.byte	0
 794 0028 00       		.byte	0
 795 0029 04       		.uleb128 0x4
 796 002a 16       		.uleb128 0x16
 797 002b 00       		.byte	0
 798 002c 03       		.uleb128 0x3
 799 002d 0E       		.uleb128 0xe
 800 002e 3A       		.uleb128 0x3a
 801 002f 0B       		.uleb128 0xb
 802 0030 3B       		.uleb128 0x3b
 803 0031 0B       		.uleb128 0xb
 804 0032 49       		.uleb128 0x49
 805 0033 13       		.uleb128 0x13
 806 0034 00       		.byte	0
 807 0035 00       		.byte	0
 808 0036 05       		.uleb128 0x5
 809 0037 0F       		.uleb128 0xf
 810 0038 00       		.byte	0
 811 0039 0B       		.uleb128 0xb
 812 003a 0B       		.uleb128 0xb
 813 003b 49       		.uleb128 0x49
 814 003c 13       		.uleb128 0x13
 815 003d 00       		.byte	0
 816 003e 00       		.byte	0
 817 003f 06       		.uleb128 0x6
 818 0040 15       		.uleb128 0x15
 819 0041 00       		.byte	0
 820 0042 27       		.uleb128 0x27
 821 0043 19       		.uleb128 0x19
 822 0044 00       		.byte	0
 823 0045 00       		.byte	0
 824 0046 07       		.uleb128 0x7
 825 0047 16       		.uleb128 0x16
 826 0048 00       		.byte	0
 827 0049 03       		.uleb128 0x3
 828 004a 0E       		.uleb128 0xe
 829 004b 3A       		.uleb128 0x3a
 830 004c 0B       		.uleb128 0xb
 831 004d 3B       		.uleb128 0x3b
 832 004e 05       		.uleb128 0x5
 833 004f 49       		.uleb128 0x49
 834 0050 13       		.uleb128 0x13
 835 0051 00       		.byte	0
 836 0052 00       		.byte	0
 837 0053 08       		.uleb128 0x8
ARM GAS  C:\Users\pcoud\AppData\Local\Temp\ccEH0Ric.s 			page 23


 838 0054 35       		.uleb128 0x35
 839 0055 00       		.byte	0
 840 0056 49       		.uleb128 0x49
 841 0057 13       		.uleb128 0x13
 842 0058 00       		.byte	0
 843 0059 00       		.byte	0
 844 005a 09       		.uleb128 0x9
 845 005b 2E       		.uleb128 0x2e
 846 005c 00       		.byte	0
 847 005d 3F       		.uleb128 0x3f
 848 005e 19       		.uleb128 0x19
 849 005f 03       		.uleb128 0x3
 850 0060 0E       		.uleb128 0xe
 851 0061 3A       		.uleb128 0x3a
 852 0062 0B       		.uleb128 0xb
 853 0063 3B       		.uleb128 0x3b
 854 0064 0B       		.uleb128 0xb
 855 0065 27       		.uleb128 0x27
 856 0066 19       		.uleb128 0x19
 857 0067 11       		.uleb128 0x11
 858 0068 01       		.uleb128 0x1
 859 0069 12       		.uleb128 0x12
 860 006a 06       		.uleb128 0x6
 861 006b 40       		.uleb128 0x40
 862 006c 18       		.uleb128 0x18
 863 006d 9742     		.uleb128 0x2117
 864 006f 19       		.uleb128 0x19
 865 0070 00       		.byte	0
 866 0071 00       		.byte	0
 867 0072 0A       		.uleb128 0xa
 868 0073 2E       		.uleb128 0x2e
 869 0074 01       		.byte	0x1
 870 0075 3F       		.uleb128 0x3f
 871 0076 19       		.uleb128 0x19
 872 0077 03       		.uleb128 0x3
 873 0078 0E       		.uleb128 0xe
 874 0079 3A       		.uleb128 0x3a
 875 007a 0B       		.uleb128 0xb
 876 007b 3B       		.uleb128 0x3b
 877 007c 0B       		.uleb128 0xb
 878 007d 27       		.uleb128 0x27
 879 007e 19       		.uleb128 0x19
 880 007f 11       		.uleb128 0x11
 881 0080 01       		.uleb128 0x1
 882 0081 12       		.uleb128 0x12
 883 0082 06       		.uleb128 0x6
 884 0083 40       		.uleb128 0x40
 885 0084 18       		.uleb128 0x18
 886 0085 9742     		.uleb128 0x2117
 887 0087 19       		.uleb128 0x19
 888 0088 01       		.uleb128 0x1
 889 0089 13       		.uleb128 0x13
 890 008a 00       		.byte	0
 891 008b 00       		.byte	0
 892 008c 0B       		.uleb128 0xb
 893 008d 05       		.uleb128 0x5
 894 008e 00       		.byte	0
ARM GAS  C:\Users\pcoud\AppData\Local\Temp\ccEH0Ric.s 			page 24


 895 008f 03       		.uleb128 0x3
 896 0090 0E       		.uleb128 0xe
 897 0091 3A       		.uleb128 0x3a
 898 0092 0B       		.uleb128 0xb
 899 0093 3B       		.uleb128 0x3b
 900 0094 0B       		.uleb128 0xb
 901 0095 49       		.uleb128 0x49
 902 0096 13       		.uleb128 0x13
 903 0097 02       		.uleb128 0x2
 904 0098 18       		.uleb128 0x18
 905 0099 00       		.byte	0
 906 009a 00       		.byte	0
 907 009b 0C       		.uleb128 0xc
 908 009c 34       		.uleb128 0x34
 909 009d 00       		.byte	0
 910 009e 03       		.uleb128 0x3
 911 009f 0E       		.uleb128 0xe
 912 00a0 3A       		.uleb128 0x3a
 913 00a1 0B       		.uleb128 0xb
 914 00a2 3B       		.uleb128 0x3b
 915 00a3 0B       		.uleb128 0xb
 916 00a4 49       		.uleb128 0x49
 917 00a5 13       		.uleb128 0x13
 918 00a6 02       		.uleb128 0x2
 919 00a7 18       		.uleb128 0x18
 920 00a8 00       		.byte	0
 921 00a9 00       		.byte	0
 922 00aa 0D       		.uleb128 0xd
 923 00ab 2E       		.uleb128 0x2e
 924 00ac 01       		.byte	0x1
 925 00ad 3F       		.uleb128 0x3f
 926 00ae 19       		.uleb128 0x19
 927 00af 03       		.uleb128 0x3
 928 00b0 0E       		.uleb128 0xe
 929 00b1 3A       		.uleb128 0x3a
 930 00b2 0B       		.uleb128 0xb
 931 00b3 3B       		.uleb128 0x3b
 932 00b4 0B       		.uleb128 0xb
 933 00b5 27       		.uleb128 0x27
 934 00b6 19       		.uleb128 0x19
 935 00b7 49       		.uleb128 0x49
 936 00b8 13       		.uleb128 0x13
 937 00b9 11       		.uleb128 0x11
 938 00ba 01       		.uleb128 0x1
 939 00bb 12       		.uleb128 0x12
 940 00bc 06       		.uleb128 0x6
 941 00bd 40       		.uleb128 0x40
 942 00be 18       		.uleb128 0x18
 943 00bf 9742     		.uleb128 0x2117
 944 00c1 19       		.uleb128 0x19
 945 00c2 01       		.uleb128 0x1
 946 00c3 13       		.uleb128 0x13
 947 00c4 00       		.byte	0
 948 00c5 00       		.byte	0
 949 00c6 0E       		.uleb128 0xe
 950 00c7 2E       		.uleb128 0x2e
 951 00c8 01       		.byte	0x1
ARM GAS  C:\Users\pcoud\AppData\Local\Temp\ccEH0Ric.s 			page 25


 952 00c9 3F       		.uleb128 0x3f
 953 00ca 19       		.uleb128 0x19
 954 00cb 03       		.uleb128 0x3
 955 00cc 0E       		.uleb128 0xe
 956 00cd 3A       		.uleb128 0x3a
 957 00ce 0B       		.uleb128 0xb
 958 00cf 3B       		.uleb128 0x3b
 959 00d0 05       		.uleb128 0x5
 960 00d1 27       		.uleb128 0x27
 961 00d2 19       		.uleb128 0x19
 962 00d3 11       		.uleb128 0x11
 963 00d4 01       		.uleb128 0x1
 964 00d5 12       		.uleb128 0x12
 965 00d6 06       		.uleb128 0x6
 966 00d7 40       		.uleb128 0x40
 967 00d8 18       		.uleb128 0x18
 968 00d9 9742     		.uleb128 0x2117
 969 00db 19       		.uleb128 0x19
 970 00dc 01       		.uleb128 0x1
 971 00dd 13       		.uleb128 0x13
 972 00de 00       		.byte	0
 973 00df 00       		.byte	0
 974 00e0 0F       		.uleb128 0xf
 975 00e1 05       		.uleb128 0x5
 976 00e2 00       		.byte	0
 977 00e3 03       		.uleb128 0x3
 978 00e4 0E       		.uleb128 0xe
 979 00e5 3A       		.uleb128 0x3a
 980 00e6 0B       		.uleb128 0xb
 981 00e7 3B       		.uleb128 0x3b
 982 00e8 05       		.uleb128 0x5
 983 00e9 49       		.uleb128 0x49
 984 00ea 13       		.uleb128 0x13
 985 00eb 02       		.uleb128 0x2
 986 00ec 17       		.uleb128 0x17
 987 00ed 00       		.byte	0
 988 00ee 00       		.byte	0
 989 00ef 10       		.uleb128 0x10
 990 00f0 2E       		.uleb128 0x2e
 991 00f1 01       		.byte	0x1
 992 00f2 3F       		.uleb128 0x3f
 993 00f3 19       		.uleb128 0x19
 994 00f4 03       		.uleb128 0x3
 995 00f5 0E       		.uleb128 0xe
 996 00f6 3A       		.uleb128 0x3a
 997 00f7 0B       		.uleb128 0xb
 998 00f8 3B       		.uleb128 0x3b
 999 00f9 05       		.uleb128 0x5
 1000 00fa 27       		.uleb128 0x27
 1001 00fb 19       		.uleb128 0x19
 1002 00fc 49       		.uleb128 0x49
 1003 00fd 13       		.uleb128 0x13
 1004 00fe 11       		.uleb128 0x11
 1005 00ff 01       		.uleb128 0x1
 1006 0100 12       		.uleb128 0x12
 1007 0101 06       		.uleb128 0x6
 1008 0102 40       		.uleb128 0x40
ARM GAS  C:\Users\pcoud\AppData\Local\Temp\ccEH0Ric.s 			page 26


 1009 0103 18       		.uleb128 0x18
 1010 0104 9742     		.uleb128 0x2117
 1011 0106 19       		.uleb128 0x19
 1012 0107 01       		.uleb128 0x1
 1013 0108 13       		.uleb128 0x13
 1014 0109 00       		.byte	0
 1015 010a 00       		.byte	0
 1016 010b 11       		.uleb128 0x11
 1017 010c 34       		.uleb128 0x34
 1018 010d 00       		.byte	0
 1019 010e 03       		.uleb128 0x3
 1020 010f 0E       		.uleb128 0xe
 1021 0110 3A       		.uleb128 0x3a
 1022 0111 0B       		.uleb128 0xb
 1023 0112 3B       		.uleb128 0x3b
 1024 0113 05       		.uleb128 0x5
 1025 0114 49       		.uleb128 0x49
 1026 0115 13       		.uleb128 0x13
 1027 0116 02       		.uleb128 0x2
 1028 0117 17       		.uleb128 0x17
 1029 0118 00       		.byte	0
 1030 0119 00       		.byte	0
 1031 011a 12       		.uleb128 0x12
 1032 011b 2E       		.uleb128 0x2e
 1033 011c 00       		.byte	0
 1034 011d 3F       		.uleb128 0x3f
 1035 011e 19       		.uleb128 0x19
 1036 011f 03       		.uleb128 0x3
 1037 0120 0E       		.uleb128 0xe
 1038 0121 3A       		.uleb128 0x3a
 1039 0122 0B       		.uleb128 0xb
 1040 0123 3B       		.uleb128 0x3b
 1041 0124 05       		.uleb128 0x5
 1042 0125 27       		.uleb128 0x27
 1043 0126 19       		.uleb128 0x19
 1044 0127 11       		.uleb128 0x11
 1045 0128 01       		.uleb128 0x1
 1046 0129 12       		.uleb128 0x12
 1047 012a 06       		.uleb128 0x6
 1048 012b 40       		.uleb128 0x40
 1049 012c 18       		.uleb128 0x18
 1050 012d 9742     		.uleb128 0x2117
 1051 012f 19       		.uleb128 0x19
 1052 0130 00       		.byte	0
 1053 0131 00       		.byte	0
 1054 0132 13       		.uleb128 0x13
 1055 0133 2E       		.uleb128 0x2e
 1056 0134 00       		.byte	0
 1057 0135 3F       		.uleb128 0x3f
 1058 0136 19       		.uleb128 0x19
 1059 0137 03       		.uleb128 0x3
 1060 0138 0E       		.uleb128 0xe
 1061 0139 3A       		.uleb128 0x3a
 1062 013a 0B       		.uleb128 0xb
 1063 013b 3B       		.uleb128 0x3b
 1064 013c 05       		.uleb128 0x5
 1065 013d 27       		.uleb128 0x27
ARM GAS  C:\Users\pcoud\AppData\Local\Temp\ccEH0Ric.s 			page 27


 1066 013e 19       		.uleb128 0x19
 1067 013f 49       		.uleb128 0x49
 1068 0140 13       		.uleb128 0x13
 1069 0141 11       		.uleb128 0x11
 1070 0142 01       		.uleb128 0x1
 1071 0143 12       		.uleb128 0x12
 1072 0144 06       		.uleb128 0x6
 1073 0145 40       		.uleb128 0x40
 1074 0146 18       		.uleb128 0x18
 1075 0147 9742     		.uleb128 0x2117
 1076 0149 19       		.uleb128 0x19
 1077 014a 00       		.byte	0
 1078 014b 00       		.byte	0
 1079 014c 14       		.uleb128 0x14
 1080 014d 898201   		.uleb128 0x4109
 1081 0150 00       		.byte	0
 1082 0151 11       		.uleb128 0x11
 1083 0152 01       		.uleb128 0x1
 1084 0153 31       		.uleb128 0x31
 1085 0154 13       		.uleb128 0x13
 1086 0155 00       		.byte	0
 1087 0156 00       		.byte	0
 1088 0157 15       		.uleb128 0x15
 1089 0158 898201   		.uleb128 0x4109
 1090 015b 01       		.byte	0x1
 1091 015c 11       		.uleb128 0x11
 1092 015d 01       		.uleb128 0x1
 1093 015e 31       		.uleb128 0x31
 1094 015f 13       		.uleb128 0x13
 1095 0160 01       		.uleb128 0x1
 1096 0161 13       		.uleb128 0x13
 1097 0162 00       		.byte	0
 1098 0163 00       		.byte	0
 1099 0164 16       		.uleb128 0x16
 1100 0165 8A8201   		.uleb128 0x410a
 1101 0168 00       		.byte	0
 1102 0169 02       		.uleb128 0x2
 1103 016a 18       		.uleb128 0x18
 1104 016b 9142     		.uleb128 0x2111
 1105 016d 18       		.uleb128 0x18
 1106 016e 00       		.byte	0
 1107 016f 00       		.byte	0
 1108 0170 17       		.uleb128 0x17
 1109 0171 05       		.uleb128 0x5
 1110 0172 00       		.byte	0
 1111 0173 03       		.uleb128 0x3
 1112 0174 0E       		.uleb128 0xe
 1113 0175 3A       		.uleb128 0x3a
 1114 0176 0B       		.uleb128 0xb
 1115 0177 3B       		.uleb128 0x3b
 1116 0178 0B       		.uleb128 0xb
 1117 0179 49       		.uleb128 0x49
 1118 017a 13       		.uleb128 0x13
 1119 017b 02       		.uleb128 0x2
 1120 017c 17       		.uleb128 0x17
 1121 017d 00       		.byte	0
 1122 017e 00       		.byte	0
ARM GAS  C:\Users\pcoud\AppData\Local\Temp\ccEH0Ric.s 			page 28


 1123 017f 18       		.uleb128 0x18
 1124 0180 34       		.uleb128 0x34
 1125 0181 00       		.byte	0
 1126 0182 03       		.uleb128 0x3
 1127 0183 0E       		.uleb128 0xe
 1128 0184 3A       		.uleb128 0x3a
 1129 0185 0B       		.uleb128 0xb
 1130 0186 3B       		.uleb128 0x3b
 1131 0187 05       		.uleb128 0x5
 1132 0188 49       		.uleb128 0x49
 1133 0189 13       		.uleb128 0x13
 1134 018a 3F       		.uleb128 0x3f
 1135 018b 19       		.uleb128 0x19
 1136 018c 3C       		.uleb128 0x3c
 1137 018d 19       		.uleb128 0x19
 1138 018e 00       		.byte	0
 1139 018f 00       		.byte	0
 1140 0190 19       		.uleb128 0x19
 1141 0191 34       		.uleb128 0x34
 1142 0192 00       		.byte	0
 1143 0193 03       		.uleb128 0x3
 1144 0194 0E       		.uleb128 0xe
 1145 0195 3A       		.uleb128 0x3a
 1146 0196 0B       		.uleb128 0xb
 1147 0197 3B       		.uleb128 0x3b
 1148 0198 0B       		.uleb128 0xb
 1149 0199 49       		.uleb128 0x49
 1150 019a 13       		.uleb128 0x13
 1151 019b 3F       		.uleb128 0x3f
 1152 019c 19       		.uleb128 0x19
 1153 019d 3C       		.uleb128 0x3c
 1154 019e 19       		.uleb128 0x19
 1155 019f 00       		.byte	0
 1156 01a0 00       		.byte	0
 1157 01a1 00       		.byte	0
 1158              		.section	.debug_loc,"",%progbits
 1159              	.Ldebug_loc0:
 1160              	.LLST0:
 1161 0000 00000000 		.4byte	.LVL3
 1162 0004 02000000 		.4byte	.LVL4
 1163 0008 0100     		.2byte	0x1
 1164 000a 50       		.byte	0x50
 1165 000b 02000000 		.4byte	.LVL4
 1166 000f 10000000 		.4byte	.LFE69
 1167 0013 0400     		.2byte	0x4
 1168 0015 F3       		.byte	0xf3
 1169 0016 01       		.uleb128 0x1
 1170 0017 50       		.byte	0x50
 1171 0018 9F       		.byte	0x9f
 1172 0019 00000000 		.4byte	0
 1173 001d 00000000 		.4byte	0
 1174              	.LLST1:
 1175 0021 04000000 		.4byte	.LVL5
 1176 0025 06000000 		.4byte	.LVL6
 1177 0029 0500     		.2byte	0x5
 1178 002b 70       		.byte	0x70
 1179 002c 00       		.sleb128 0
ARM GAS  C:\Users\pcoud\AppData\Local\Temp\ccEH0Ric.s 			page 29


 1180 002d 35       		.byte	0x35
 1181 002e 25       		.byte	0x25
 1182 002f 9F       		.byte	0x9f
 1183 0030 00000000 		.4byte	0
 1184 0034 00000000 		.4byte	0
 1185              	.LLST2:
 1186 0038 00000000 		.4byte	.LVL11
 1187 003c 07000000 		.4byte	.LVL12-1
 1188 0040 0100     		.2byte	0x1
 1189 0042 50       		.byte	0x50
 1190 0043 07000000 		.4byte	.LVL12-1
 1191 0047 1A000000 		.4byte	.LFE64
 1192 004b 0100     		.2byte	0x1
 1193 004d 54       		.byte	0x54
 1194 004e 00000000 		.4byte	0
 1195 0052 00000000 		.4byte	0
 1196              		.section	.debug_aranges,"",%progbits
 1197 0000 7C000000 		.4byte	0x7c
 1198 0004 0200     		.2byte	0x2
 1199 0006 00000000 		.4byte	.Ldebug_info0
 1200 000a 04       		.byte	0x4
 1201 000b 00       		.byte	0
 1202 000c 0000     		.2byte	0
 1203 000e 0000     		.2byte	0
 1204 0010 00000000 		.4byte	.LFB66
 1205 0014 10000000 		.4byte	.LFE66-.LFB66
 1206 0018 00000000 		.4byte	.LFB67
 1207 001c 0C000000 		.4byte	.LFE67-.LFB67
 1208 0020 00000000 		.4byte	.LFB68
 1209 0024 0C000000 		.4byte	.LFE68-.LFB68
 1210 0028 00000000 		.4byte	.LFB69
 1211 002c 10000000 		.4byte	.LFE69-.LFB69
 1212 0030 00000000 		.4byte	.LFB70
 1213 0034 0C000000 		.4byte	.LFE70-.LFB70
 1214 0038 00000000 		.4byte	.LFB71
 1215 003c 0C000000 		.4byte	.LFE71-.LFB71
 1216 0040 00000000 		.4byte	.LFB72
 1217 0044 10000000 		.4byte	.LFE72-.LFB72
 1218 0048 00000000 		.4byte	.LFB73
 1219 004c 0C000000 		.4byte	.LFE73-.LFB73
 1220 0050 00000000 		.4byte	.LFB63
 1221 0054 1C000000 		.4byte	.LFE63-.LFB63
 1222 0058 00000000 		.4byte	.LFB64
 1223 005c 1A000000 		.4byte	.LFE64-.LFB64
 1224 0060 00000000 		.4byte	.LFB65
 1225 0064 14000000 		.4byte	.LFE65-.LFB65
 1226 0068 00000000 		.4byte	.LFB74
 1227 006c 0C000000 		.4byte	.LFE74-.LFB74
 1228 0070 00000000 		.4byte	.LFB75
 1229 0074 0C000000 		.4byte	.LFE75-.LFB75
 1230 0078 00000000 		.4byte	0
 1231 007c 00000000 		.4byte	0
 1232              		.section	.debug_ranges,"",%progbits
 1233              	.Ldebug_ranges0:
 1234 0000 00000000 		.4byte	.LFB66
 1235 0004 10000000 		.4byte	.LFE66
 1236 0008 00000000 		.4byte	.LFB67
ARM GAS  C:\Users\pcoud\AppData\Local\Temp\ccEH0Ric.s 			page 30


 1237 000c 0C000000 		.4byte	.LFE67
 1238 0010 00000000 		.4byte	.LFB68
 1239 0014 0C000000 		.4byte	.LFE68
 1240 0018 00000000 		.4byte	.LFB69
 1241 001c 10000000 		.4byte	.LFE69
 1242 0020 00000000 		.4byte	.LFB70
 1243 0024 0C000000 		.4byte	.LFE70
 1244 0028 00000000 		.4byte	.LFB71
 1245 002c 0C000000 		.4byte	.LFE71
 1246 0030 00000000 		.4byte	.LFB72
 1247 0034 10000000 		.4byte	.LFE72
 1248 0038 00000000 		.4byte	.LFB73
 1249 003c 0C000000 		.4byte	.LFE73
 1250 0040 00000000 		.4byte	.LFB63
 1251 0044 1C000000 		.4byte	.LFE63
 1252 0048 00000000 		.4byte	.LFB64
 1253 004c 1A000000 		.4byte	.LFE64
 1254 0050 00000000 		.4byte	.LFB65
 1255 0054 14000000 		.4byte	.LFE65
 1256 0058 00000000 		.4byte	.LFB74
 1257 005c 0C000000 		.4byte	.LFE74
 1258 0060 00000000 		.4byte	.LFB75
 1259 0064 0C000000 		.4byte	.LFE75
 1260 0068 00000000 		.4byte	0
 1261 006c 00000000 		.4byte	0
 1262              		.section	.debug_line,"",%progbits
 1263              	.Ldebug_line0:
 1264 0000 3D020000 		.section	.debug_str,"MS",%progbits,1
 1264      02005001 
 1264      00000201 
 1264      FB0E0D00 
 1264      01010101 
 1265              	.LASF20:
 1266 0000 72656733 		.ascii	"reg32\000"
 1266      3200
 1267              	.LASF23:
 1268 0006 6973725F 		.ascii	"isr_rbat_SetVector\000"
 1268      72626174 
 1268      5F536574 
 1268      56656374 
 1268      6F7200
 1269              	.LASF31:
 1270 0019 6973725F 		.ascii	"isr_rbat_Disable\000"
 1270      72626174 
 1270      5F446973 
 1270      61626C65 
 1270      00
 1271              	.LASF36:
 1272 002a 6973725F 		.ascii	"isr_rbat_ClearPending\000"
 1272      72626174 
 1272      5F436C65 
 1272      61725065 
 1272      6E64696E 
 1273              	.LASF12:
 1274 0040 5F5F696E 		.ascii	"__int32_t\000"
 1274      7433325F 
 1274      7400
ARM GAS  C:\Users\pcoud\AppData\Local\Temp\ccEH0Ric.s 			page 31


 1275              	.LASF32:
 1276 004a 6973725F 		.ascii	"isr_rbat_Start\000"
 1276      72626174 
 1276      5F537461 
 1276      727400
 1277              	.LASF18:
 1278 0059 646F7562 		.ascii	"double\000"
 1278      6C6500
 1279              	.LASF42:
 1280 0060 6973725F 		.ascii	"isr_rbat_GetState\000"
 1280      72626174 
 1280      5F476574 
 1280      53746174 
 1280      6500
 1281              	.LASF38:
 1282 0072 62617472 		.ascii	"batrouge\000"
 1282      6F756765 
 1282      00
 1283              	.LASF28:
 1284 007b 6973725F 		.ascii	"isr_rbat_GetPriority\000"
 1284      72626174 
 1284      5F476574 
 1284      5072696F 
 1284      72697479 
 1285              	.LASF17:
 1286 0090 666C6F61 		.ascii	"float\000"
 1286      7400
 1287              	.LASF3:
 1288 0096 7369676E 		.ascii	"signed char\000"
 1288      65642063 
 1288      68617200 
 1289              	.LASF4:
 1290 00a2 756E7369 		.ascii	"unsigned char\000"
 1290      676E6564 
 1290      20636861 
 1290      7200
 1291              	.LASF39:
 1292 00b0 474E5520 		.ascii	"GNU C11 5.4.1 20160609 (release) [ARM/embedded-5-br"
 1292      43313120 
 1292      352E342E 
 1292      31203230 
 1292      31363036 
 1293 00e3 616E6368 		.ascii	"anch revision 237715] -mcpu=cortex-m3 -mthumb -g -O"
 1293      20726576 
 1293      6973696F 
 1293      6E203233 
 1293      37373135 
 1294 0116 67202D66 		.ascii	"g -ffunction-sections -ffat-lto-objects\000"
 1294      66756E63 
 1294      74696F6E 
 1294      2D736563 
 1294      74696F6E 
 1295              	.LASF19:
 1296 013e 72656738 		.ascii	"reg8\000"
 1296      00
 1297              	.LASF8:
 1298 0143 6C6F6E67 		.ascii	"long unsigned int\000"
ARM GAS  C:\Users\pcoud\AppData\Local\Temp\ccEH0Ric.s 			page 32


 1298      20756E73 
 1298      69676E65 
 1298      6420696E 
 1298      7400
 1299              	.LASF30:
 1300 0155 6973725F 		.ascii	"isr_rbat_Enable\000"
 1300      72626174 
 1300      5F456E61 
 1300      626C6500 
 1301              	.LASF6:
 1302 0165 73686F72 		.ascii	"short unsigned int\000"
 1302      7420756E 
 1302      7369676E 
 1302      65642069 
 1302      6E7400
 1303              	.LASF37:
 1304 0178 49544D5F 		.ascii	"ITM_RxBuffer\000"
 1304      52784275 
 1304      66666572 
 1304      00
 1305              	.LASF27:
 1306 0185 6973725F 		.ascii	"isr_rbat_GetVector\000"
 1306      72626174 
 1306      5F476574 
 1306      56656374 
 1306      6F7200
 1307              	.LASF29:
 1308 0198 6973725F 		.ascii	"isr_rbat_Interrupt\000"
 1308      72626174 
 1308      5F496E74 
 1308      65727275 
 1308      707400
 1309              	.LASF26:
 1310 01ab 7072696F 		.ascii	"priority\000"
 1310      72697479 
 1310      00
 1311              	.LASF15:
 1312 01b4 75696E74 		.ascii	"uint16\000"
 1312      313600
 1313              	.LASF24:
 1314 01bb 6973725F 		.ascii	"isr_rbat_SetPriority\000"
 1314      72626174 
 1314      5F536574 
 1314      5072696F 
 1314      72697479 
 1315              	.LASF16:
 1316 01d0 75696E74 		.ascii	"uint32\000"
 1316      333200
 1317              	.LASF40:
 1318 01d7 47656E65 		.ascii	"Generated_Source\\PSoC5\\isr_rbat.c\000"
 1318      72617465 
 1318      645F536F 
 1318      75726365 
 1318      5C50536F 
 1319              	.LASF0:
 1320 01f9 756E7369 		.ascii	"unsigned int\000"
 1320      676E6564 
ARM GAS  C:\Users\pcoud\AppData\Local\Temp\ccEH0Ric.s 			page 33


 1320      20696E74 
 1320      00
 1321              	.LASF25:
 1322 0206 61646472 		.ascii	"address\000"
 1322      65737300 
 1323              	.LASF9:
 1324 020e 6C6F6E67 		.ascii	"long long unsigned int\000"
 1324      206C6F6E 
 1324      6720756E 
 1324      7369676E 
 1324      65642069 
 1325              	.LASF21:
 1326 0225 63796973 		.ascii	"cyisraddress\000"
 1326      72616464 
 1326      72657373 
 1326      00
 1327              	.LASF13:
 1328 0232 696E7433 		.ascii	"int32_t\000"
 1328      325F7400 
 1329              	.LASF10:
 1330 023a 73697A65 		.ascii	"sizetype\000"
 1330      74797065 
 1330      00
 1331              	.LASF34:
 1332 0243 6973725F 		.ascii	"isr_rbat_Stop\000"
 1332      72626174 
 1332      5F53746F 
 1332      7000
 1333              	.LASF1:
 1334 0251 6C6F6E67 		.ascii	"long long int\000"
 1334      206C6F6E 
 1334      6720696E 
 1334      7400
 1335              	.LASF11:
 1336 025f 63686172 		.ascii	"char\000"
 1336      00
 1337              	.LASF22:
 1338 0264 72616D56 		.ascii	"ramVectorTable\000"
 1338      6563746F 
 1338      72546162 
 1338      6C6500
 1339              	.LASF5:
 1340 0273 73686F72 		.ascii	"short int\000"
 1340      7420696E 
 1340      7400
 1341              	.LASF14:
 1342 027d 75696E74 		.ascii	"uint8\000"
 1342      3800
 1343              	.LASF7:
 1344 0283 6C6F6E67 		.ascii	"long int\000"
 1344      20696E74 
 1344      00
 1345              	.LASF35:
 1346 028c 6973725F 		.ascii	"isr_rbat_SetPending\000"
 1346      72626174 
 1346      5F536574 
 1346      50656E64 
ARM GAS  C:\Users\pcoud\AppData\Local\Temp\ccEH0Ric.s 			page 34


 1346      696E6700 
 1347              	.LASF2:
 1348 02a0 6C6F6E67 		.ascii	"long double\000"
 1348      20646F75 
 1348      626C6500 
 1349              	.LASF33:
 1350 02ac 6973725F 		.ascii	"isr_rbat_StartEx\000"
 1350      72626174 
 1350      5F537461 
 1350      72744578 
 1350      00
 1351              	.LASF41:
 1352 02bd 433A5C55 		.ascii	"C:\\Users\\pcoud\\githup\\psoc\\ferme\\transmi_cart"
 1352      73657273 
 1352      5C70636F 
 1352      75645C67 
 1352      69746875 
 1353 02ea 65732E63 		.ascii	"es.cydsn\000"
 1353      7964736E 
 1353      00
 1354              		.ident	"GCC: (GNU Tools for ARM Embedded Processors) 5.4.1 20160609 (release) [ARM/embedded-5-bran
