ARM GAS  C:\Users\pcoud\AppData\Local\Temp\ccsJEvzk.s 			page 1


   1              		.syntax unified
   2              		.cpu cortex-m3
   3              		.fpu softvfp
   4              		.eabi_attribute 20, 1
   5              		.eabi_attribute 21, 1
   6              		.eabi_attribute 23, 3
   7              		.eabi_attribute 24, 1
   8              		.eabi_attribute 25, 1
   9              		.eabi_attribute 26, 1
  10              		.eabi_attribute 30, 1
  11              		.eabi_attribute 34, 1
  12              		.eabi_attribute 18, 4
  13              		.thumb
  14              		.syntax unified
  15              		.file	"isr_rch.c"
  16              		.text
  17              	.Ltext0:
  18              		.cfi_sections	.debug_frame
  19              		.section	.text.isr_rch_Interrupt,"ax",%progbits
  20              		.align	2
  21              		.global	isr_rch_Interrupt
  22              		.thumb
  23              		.thumb_func
  24              		.type	isr_rch_Interrupt, %function
  25              	isr_rch_Interrupt:
  26              	.LFB66:
  27              		.file 1 "Generated_Source\\PSoC5\\isr_rch.c"
   1:Generated_Source\PSoC5/isr_rch.c **** /*******************************************************************************
   2:Generated_Source\PSoC5/isr_rch.c **** * File Name: isr_rch.c  
   3:Generated_Source\PSoC5/isr_rch.c **** * Version 1.70
   4:Generated_Source\PSoC5/isr_rch.c **** *
   5:Generated_Source\PSoC5/isr_rch.c **** *  Description:
   6:Generated_Source\PSoC5/isr_rch.c **** *   API for controlling the state of an interrupt.
   7:Generated_Source\PSoC5/isr_rch.c **** *
   8:Generated_Source\PSoC5/isr_rch.c **** *
   9:Generated_Source\PSoC5/isr_rch.c **** *  Note:
  10:Generated_Source\PSoC5/isr_rch.c **** *
  11:Generated_Source\PSoC5/isr_rch.c **** ********************************************************************************
  12:Generated_Source\PSoC5/isr_rch.c **** * Copyright 2008-2015, Cypress Semiconductor Corporation.  All rights reserved.
  13:Generated_Source\PSoC5/isr_rch.c **** * You may use this file only in accordance with the license, terms, conditions, 
  14:Generated_Source\PSoC5/isr_rch.c **** * disclaimers, and limitations in the end user license agreement accompanying 
  15:Generated_Source\PSoC5/isr_rch.c **** * the software package with which this file was provided.
  16:Generated_Source\PSoC5/isr_rch.c **** *******************************************************************************/
  17:Generated_Source\PSoC5/isr_rch.c **** 
  18:Generated_Source\PSoC5/isr_rch.c **** 
  19:Generated_Source\PSoC5/isr_rch.c **** #include <cydevice_trm.h>
  20:Generated_Source\PSoC5/isr_rch.c **** #include <CyLib.h>
  21:Generated_Source\PSoC5/isr_rch.c **** #include <isr_rch.h>
  22:Generated_Source\PSoC5/isr_rch.c **** #include "cyapicallbacks.h"
  23:Generated_Source\PSoC5/isr_rch.c **** 
  24:Generated_Source\PSoC5/isr_rch.c **** #if !defined(isr_rch__REMOVED) /* Check for removal by optimization */
  25:Generated_Source\PSoC5/isr_rch.c **** 
  26:Generated_Source\PSoC5/isr_rch.c **** /*******************************************************************************
  27:Generated_Source\PSoC5/isr_rch.c **** *  Place your includes, defines and code here 
  28:Generated_Source\PSoC5/isr_rch.c **** ********************************************************************************/
  29:Generated_Source\PSoC5/isr_rch.c **** /* `#START isr_rch_intc` */
  30:Generated_Source\PSoC5/isr_rch.c **** #include <project.h>
ARM GAS  C:\Users\pcoud\AppData\Local\Temp\ccsJEvzk.s 			page 2


  31:Generated_Source\PSoC5/isr_rch.c **** extern uint16 disjon;
  32:Generated_Source\PSoC5/isr_rch.c **** /* `#END` */
  33:Generated_Source\PSoC5/isr_rch.c **** 
  34:Generated_Source\PSoC5/isr_rch.c **** #ifndef CYINT_IRQ_BASE
  35:Generated_Source\PSoC5/isr_rch.c **** #define CYINT_IRQ_BASE      16
  36:Generated_Source\PSoC5/isr_rch.c **** #endif /* CYINT_IRQ_BASE */
  37:Generated_Source\PSoC5/isr_rch.c **** #ifndef CYINT_VECT_TABLE
  38:Generated_Source\PSoC5/isr_rch.c **** #define CYINT_VECT_TABLE    ((cyisraddress **) CYREG_NVIC_VECT_OFFSET)
  39:Generated_Source\PSoC5/isr_rch.c **** #endif /* CYINT_VECT_TABLE */
  40:Generated_Source\PSoC5/isr_rch.c **** 
  41:Generated_Source\PSoC5/isr_rch.c **** /* Declared in startup, used to set unused interrupts to. */
  42:Generated_Source\PSoC5/isr_rch.c **** CY_ISR_PROTO(IntDefaultHandler);
  43:Generated_Source\PSoC5/isr_rch.c **** 
  44:Generated_Source\PSoC5/isr_rch.c **** 
  45:Generated_Source\PSoC5/isr_rch.c **** /*******************************************************************************
  46:Generated_Source\PSoC5/isr_rch.c **** * Function Name: isr_rch_Start
  47:Generated_Source\PSoC5/isr_rch.c **** ********************************************************************************
  48:Generated_Source\PSoC5/isr_rch.c **** *
  49:Generated_Source\PSoC5/isr_rch.c **** * Summary:
  50:Generated_Source\PSoC5/isr_rch.c **** *  Set up the interrupt and enable it. This function disables the interrupt, 
  51:Generated_Source\PSoC5/isr_rch.c **** *  sets the default interrupt vector, sets the priority from the value in the
  52:Generated_Source\PSoC5/isr_rch.c **** *  Design Wide Resources Interrupt Editor, then enables the interrupt to the 
  53:Generated_Source\PSoC5/isr_rch.c **** *  interrupt controller.
  54:Generated_Source\PSoC5/isr_rch.c **** *
  55:Generated_Source\PSoC5/isr_rch.c **** * Parameters:  
  56:Generated_Source\PSoC5/isr_rch.c **** *   None
  57:Generated_Source\PSoC5/isr_rch.c **** *
  58:Generated_Source\PSoC5/isr_rch.c **** * Return:
  59:Generated_Source\PSoC5/isr_rch.c **** *   None
  60:Generated_Source\PSoC5/isr_rch.c **** *
  61:Generated_Source\PSoC5/isr_rch.c **** *******************************************************************************/
  62:Generated_Source\PSoC5/isr_rch.c **** void isr_rch_Start(void)
  63:Generated_Source\PSoC5/isr_rch.c **** {
  64:Generated_Source\PSoC5/isr_rch.c ****     /* For all we know the interrupt is active. */
  65:Generated_Source\PSoC5/isr_rch.c ****     isr_rch_Disable();
  66:Generated_Source\PSoC5/isr_rch.c **** 
  67:Generated_Source\PSoC5/isr_rch.c ****     /* Set the ISR to point to the isr_rch Interrupt. */
  68:Generated_Source\PSoC5/isr_rch.c ****     isr_rch_SetVector(&isr_rch_Interrupt);
  69:Generated_Source\PSoC5/isr_rch.c **** 
  70:Generated_Source\PSoC5/isr_rch.c ****     /* Set the priority. */
  71:Generated_Source\PSoC5/isr_rch.c ****     isr_rch_SetPriority((uint8)isr_rch_INTC_PRIOR_NUMBER);
  72:Generated_Source\PSoC5/isr_rch.c **** 
  73:Generated_Source\PSoC5/isr_rch.c ****     /* Enable it. */
  74:Generated_Source\PSoC5/isr_rch.c ****     isr_rch_Enable();
  75:Generated_Source\PSoC5/isr_rch.c **** }
  76:Generated_Source\PSoC5/isr_rch.c **** 
  77:Generated_Source\PSoC5/isr_rch.c **** 
  78:Generated_Source\PSoC5/isr_rch.c **** /*******************************************************************************
  79:Generated_Source\PSoC5/isr_rch.c **** * Function Name: isr_rch_StartEx
  80:Generated_Source\PSoC5/isr_rch.c **** ********************************************************************************
  81:Generated_Source\PSoC5/isr_rch.c **** *
  82:Generated_Source\PSoC5/isr_rch.c **** * Summary:
  83:Generated_Source\PSoC5/isr_rch.c **** *  Sets up the interrupt and enables it. This function disables the interrupt,
  84:Generated_Source\PSoC5/isr_rch.c **** *  sets the interrupt vector based on the address passed in, sets the priority 
  85:Generated_Source\PSoC5/isr_rch.c **** *  from the value in the Design Wide Resources Interrupt Editor, then enables 
  86:Generated_Source\PSoC5/isr_rch.c **** *  the interrupt to the interrupt controller.
  87:Generated_Source\PSoC5/isr_rch.c **** *  
ARM GAS  C:\Users\pcoud\AppData\Local\Temp\ccsJEvzk.s 			page 3


  88:Generated_Source\PSoC5/isr_rch.c **** *  When defining ISR functions, the CY_ISR and CY_ISR_PROTO macros should be 
  89:Generated_Source\PSoC5/isr_rch.c **** *  used to provide consistent definition across compilers:
  90:Generated_Source\PSoC5/isr_rch.c **** *  
  91:Generated_Source\PSoC5/isr_rch.c **** *  Function definition example:
  92:Generated_Source\PSoC5/isr_rch.c **** *   CY_ISR(MyISR)
  93:Generated_Source\PSoC5/isr_rch.c **** *   {
  94:Generated_Source\PSoC5/isr_rch.c **** *   }
  95:Generated_Source\PSoC5/isr_rch.c **** *   Function prototype example:
  96:Generated_Source\PSoC5/isr_rch.c **** *   CY_ISR_PROTO(MyISR);
  97:Generated_Source\PSoC5/isr_rch.c **** *
  98:Generated_Source\PSoC5/isr_rch.c **** * Parameters:  
  99:Generated_Source\PSoC5/isr_rch.c **** *   address: Address of the ISR to set in the interrupt vector table.
 100:Generated_Source\PSoC5/isr_rch.c **** *
 101:Generated_Source\PSoC5/isr_rch.c **** * Return:
 102:Generated_Source\PSoC5/isr_rch.c **** *   None
 103:Generated_Source\PSoC5/isr_rch.c **** *
 104:Generated_Source\PSoC5/isr_rch.c **** *******************************************************************************/
 105:Generated_Source\PSoC5/isr_rch.c **** void isr_rch_StartEx(cyisraddress address)
 106:Generated_Source\PSoC5/isr_rch.c **** {
 107:Generated_Source\PSoC5/isr_rch.c ****     /* For all we know the interrupt is active. */
 108:Generated_Source\PSoC5/isr_rch.c ****     isr_rch_Disable();
 109:Generated_Source\PSoC5/isr_rch.c **** 
 110:Generated_Source\PSoC5/isr_rch.c ****     /* Set the ISR to point to the isr_rch Interrupt. */
 111:Generated_Source\PSoC5/isr_rch.c ****     isr_rch_SetVector(address);
 112:Generated_Source\PSoC5/isr_rch.c **** 
 113:Generated_Source\PSoC5/isr_rch.c ****     /* Set the priority. */
 114:Generated_Source\PSoC5/isr_rch.c ****     isr_rch_SetPriority((uint8)isr_rch_INTC_PRIOR_NUMBER);
 115:Generated_Source\PSoC5/isr_rch.c **** 
 116:Generated_Source\PSoC5/isr_rch.c ****     /* Enable it. */
 117:Generated_Source\PSoC5/isr_rch.c ****     isr_rch_Enable();
 118:Generated_Source\PSoC5/isr_rch.c **** }
 119:Generated_Source\PSoC5/isr_rch.c **** 
 120:Generated_Source\PSoC5/isr_rch.c **** 
 121:Generated_Source\PSoC5/isr_rch.c **** /*******************************************************************************
 122:Generated_Source\PSoC5/isr_rch.c **** * Function Name: isr_rch_Stop
 123:Generated_Source\PSoC5/isr_rch.c **** ********************************************************************************
 124:Generated_Source\PSoC5/isr_rch.c **** *
 125:Generated_Source\PSoC5/isr_rch.c **** * Summary:
 126:Generated_Source\PSoC5/isr_rch.c **** *   Disables and removes the interrupt.
 127:Generated_Source\PSoC5/isr_rch.c **** *
 128:Generated_Source\PSoC5/isr_rch.c **** * Parameters:  
 129:Generated_Source\PSoC5/isr_rch.c **** *   None
 130:Generated_Source\PSoC5/isr_rch.c **** *
 131:Generated_Source\PSoC5/isr_rch.c **** * Return:
 132:Generated_Source\PSoC5/isr_rch.c **** *   None
 133:Generated_Source\PSoC5/isr_rch.c **** *
 134:Generated_Source\PSoC5/isr_rch.c **** *******************************************************************************/
 135:Generated_Source\PSoC5/isr_rch.c **** void isr_rch_Stop(void)
 136:Generated_Source\PSoC5/isr_rch.c **** {
 137:Generated_Source\PSoC5/isr_rch.c ****     /* Disable this interrupt. */
 138:Generated_Source\PSoC5/isr_rch.c ****     isr_rch_Disable();
 139:Generated_Source\PSoC5/isr_rch.c **** 
 140:Generated_Source\PSoC5/isr_rch.c ****     /* Set the ISR to point to the passive one. */
 141:Generated_Source\PSoC5/isr_rch.c ****     isr_rch_SetVector(&IntDefaultHandler);
 142:Generated_Source\PSoC5/isr_rch.c **** }
 143:Generated_Source\PSoC5/isr_rch.c **** 
 144:Generated_Source\PSoC5/isr_rch.c **** 
ARM GAS  C:\Users\pcoud\AppData\Local\Temp\ccsJEvzk.s 			page 4


 145:Generated_Source\PSoC5/isr_rch.c **** /*******************************************************************************
 146:Generated_Source\PSoC5/isr_rch.c **** * Function Name: isr_rch_Interrupt
 147:Generated_Source\PSoC5/isr_rch.c **** ********************************************************************************
 148:Generated_Source\PSoC5/isr_rch.c **** *
 149:Generated_Source\PSoC5/isr_rch.c **** * Summary:
 150:Generated_Source\PSoC5/isr_rch.c **** *   The default Interrupt Service Routine for isr_rch.
 151:Generated_Source\PSoC5/isr_rch.c **** *
 152:Generated_Source\PSoC5/isr_rch.c **** *   Add custom code between the coments to keep the next version of this file
 153:Generated_Source\PSoC5/isr_rch.c **** *   from over writting your code.
 154:Generated_Source\PSoC5/isr_rch.c **** *
 155:Generated_Source\PSoC5/isr_rch.c **** * Parameters:  
 156:Generated_Source\PSoC5/isr_rch.c **** *
 157:Generated_Source\PSoC5/isr_rch.c **** * Return:
 158:Generated_Source\PSoC5/isr_rch.c **** *   None
 159:Generated_Source\PSoC5/isr_rch.c **** *
 160:Generated_Source\PSoC5/isr_rch.c **** *******************************************************************************/
 161:Generated_Source\PSoC5/isr_rch.c **** CY_ISR(isr_rch_Interrupt)
 162:Generated_Source\PSoC5/isr_rch.c **** {
  28              		.loc 1 162 0
  29              		.cfi_startproc
  30              		@ args = 0, pretend = 0, frame = 0
  31              		@ frame_needed = 0, uses_anonymous_args = 0
  32              		@ link register save eliminated.
 163:Generated_Source\PSoC5/isr_rch.c ****     #ifdef isr_rch_INTERRUPT_INTERRUPT_CALLBACK
 164:Generated_Source\PSoC5/isr_rch.c ****         isr_rch_Interrupt_InterruptCallback();
 165:Generated_Source\PSoC5/isr_rch.c ****     #endif /* isr_rch_INTERRUPT_INTERRUPT_CALLBACK */ 
 166:Generated_Source\PSoC5/isr_rch.c **** 
 167:Generated_Source\PSoC5/isr_rch.c ****     /*  Place your Interrupt code here. */
 168:Generated_Source\PSoC5/isr_rch.c ****     /* `#START isr_rch_Interrupt` */
 169:Generated_Source\PSoC5/isr_rch.c ****     disjon=disjon+1;
  33              		.loc 1 169 0
  34 0000 024A     		ldr	r2, .L2
  35 0002 1388     		ldrh	r3, [r2]
  36 0004 0133     		adds	r3, r3, #1
  37 0006 1380     		strh	r3, [r2]	@ movhi
  38 0008 7047     		bx	lr
  39              	.L3:
  40 000a 00BF     		.align	2
  41              	.L2:
  42 000c 00000000 		.word	disjon
  43              		.cfi_endproc
  44              	.LFE66:
  45              		.size	isr_rch_Interrupt, .-isr_rch_Interrupt
  46              		.section	.text.isr_rch_SetVector,"ax",%progbits
  47              		.align	2
  48              		.global	isr_rch_SetVector
  49              		.thumb
  50              		.thumb_func
  51              		.type	isr_rch_SetVector, %function
  52              	isr_rch_SetVector:
  53              	.LFB67:
 170:Generated_Source\PSoC5/isr_rch.c ****     /* `#END` */
 171:Generated_Source\PSoC5/isr_rch.c **** }
 172:Generated_Source\PSoC5/isr_rch.c **** 
 173:Generated_Source\PSoC5/isr_rch.c **** 
 174:Generated_Source\PSoC5/isr_rch.c **** /*******************************************************************************
 175:Generated_Source\PSoC5/isr_rch.c **** * Function Name: isr_rch_SetVector
ARM GAS  C:\Users\pcoud\AppData\Local\Temp\ccsJEvzk.s 			page 5


 176:Generated_Source\PSoC5/isr_rch.c **** ********************************************************************************
 177:Generated_Source\PSoC5/isr_rch.c **** *
 178:Generated_Source\PSoC5/isr_rch.c **** * Summary:
 179:Generated_Source\PSoC5/isr_rch.c **** *   Change the ISR vector for the Interrupt. Note calling isr_rch_Start
 180:Generated_Source\PSoC5/isr_rch.c **** *   will override any effect this method would have had. To set the vector 
 181:Generated_Source\PSoC5/isr_rch.c **** *   before the component has been started use isr_rch_StartEx instead.
 182:Generated_Source\PSoC5/isr_rch.c **** * 
 183:Generated_Source\PSoC5/isr_rch.c **** *   When defining ISR functions, the CY_ISR and CY_ISR_PROTO macros should be 
 184:Generated_Source\PSoC5/isr_rch.c **** *   used to provide consistent definition across compilers:
 185:Generated_Source\PSoC5/isr_rch.c **** *
 186:Generated_Source\PSoC5/isr_rch.c **** *   Function definition example:
 187:Generated_Source\PSoC5/isr_rch.c **** *   CY_ISR(MyISR)
 188:Generated_Source\PSoC5/isr_rch.c **** *   {
 189:Generated_Source\PSoC5/isr_rch.c **** *   }
 190:Generated_Source\PSoC5/isr_rch.c **** *
 191:Generated_Source\PSoC5/isr_rch.c **** *   Function prototype example:
 192:Generated_Source\PSoC5/isr_rch.c **** *     CY_ISR_PROTO(MyISR);
 193:Generated_Source\PSoC5/isr_rch.c **** *
 194:Generated_Source\PSoC5/isr_rch.c **** * Parameters:
 195:Generated_Source\PSoC5/isr_rch.c **** *   address: Address of the ISR to set in the interrupt vector table.
 196:Generated_Source\PSoC5/isr_rch.c **** *
 197:Generated_Source\PSoC5/isr_rch.c **** * Return:
 198:Generated_Source\PSoC5/isr_rch.c **** *   None
 199:Generated_Source\PSoC5/isr_rch.c **** *
 200:Generated_Source\PSoC5/isr_rch.c **** *******************************************************************************/
 201:Generated_Source\PSoC5/isr_rch.c **** void isr_rch_SetVector(cyisraddress address)
 202:Generated_Source\PSoC5/isr_rch.c **** {
  54              		.loc 1 202 0
  55              		.cfi_startproc
  56              		@ args = 0, pretend = 0, frame = 0
  57              		@ frame_needed = 0, uses_anonymous_args = 0
  58              		@ link register save eliminated.
  59              	.LVL0:
 203:Generated_Source\PSoC5/isr_rch.c ****     cyisraddress * ramVectorTable;
 204:Generated_Source\PSoC5/isr_rch.c **** 
 205:Generated_Source\PSoC5/isr_rch.c ****     ramVectorTable = (cyisraddress *) *CYINT_VECT_TABLE;
  60              		.loc 1 205 0
  61 0000 014B     		ldr	r3, .L5
  62 0002 1B68     		ldr	r3, [r3]
  63              	.LVL1:
 206:Generated_Source\PSoC5/isr_rch.c **** 
 207:Generated_Source\PSoC5/isr_rch.c ****     ramVectorTable[CYINT_IRQ_BASE + (uint32)isr_rch__INTC_NUMBER] = address;
  64              		.loc 1 207 0
  65 0004 5864     		str	r0, [r3, #68]
  66 0006 7047     		bx	lr
  67              	.L6:
  68              		.align	2
  69              	.L5:
  70 0008 08ED00E0 		.word	-536810232
  71              		.cfi_endproc
  72              	.LFE67:
  73              		.size	isr_rch_SetVector, .-isr_rch_SetVector
  74              		.section	.text.isr_rch_GetVector,"ax",%progbits
  75              		.align	2
  76              		.global	isr_rch_GetVector
  77              		.thumb
  78              		.thumb_func
ARM GAS  C:\Users\pcoud\AppData\Local\Temp\ccsJEvzk.s 			page 6


  79              		.type	isr_rch_GetVector, %function
  80              	isr_rch_GetVector:
  81              	.LFB68:
 208:Generated_Source\PSoC5/isr_rch.c **** }
 209:Generated_Source\PSoC5/isr_rch.c **** 
 210:Generated_Source\PSoC5/isr_rch.c **** 
 211:Generated_Source\PSoC5/isr_rch.c **** /*******************************************************************************
 212:Generated_Source\PSoC5/isr_rch.c **** * Function Name: isr_rch_GetVector
 213:Generated_Source\PSoC5/isr_rch.c **** ********************************************************************************
 214:Generated_Source\PSoC5/isr_rch.c **** *
 215:Generated_Source\PSoC5/isr_rch.c **** * Summary:
 216:Generated_Source\PSoC5/isr_rch.c **** *   Gets the "address" of the current ISR vector for the Interrupt.
 217:Generated_Source\PSoC5/isr_rch.c **** *
 218:Generated_Source\PSoC5/isr_rch.c **** * Parameters:
 219:Generated_Source\PSoC5/isr_rch.c **** *   None
 220:Generated_Source\PSoC5/isr_rch.c **** *
 221:Generated_Source\PSoC5/isr_rch.c **** * Return:
 222:Generated_Source\PSoC5/isr_rch.c **** *   Address of the ISR in the interrupt vector table.
 223:Generated_Source\PSoC5/isr_rch.c **** *
 224:Generated_Source\PSoC5/isr_rch.c **** *******************************************************************************/
 225:Generated_Source\PSoC5/isr_rch.c **** cyisraddress isr_rch_GetVector(void)
 226:Generated_Source\PSoC5/isr_rch.c **** {
  82              		.loc 1 226 0
  83              		.cfi_startproc
  84              		@ args = 0, pretend = 0, frame = 0
  85              		@ frame_needed = 0, uses_anonymous_args = 0
  86              		@ link register save eliminated.
 227:Generated_Source\PSoC5/isr_rch.c ****     cyisraddress * ramVectorTable;
 228:Generated_Source\PSoC5/isr_rch.c **** 
 229:Generated_Source\PSoC5/isr_rch.c ****     ramVectorTable = (cyisraddress *) *CYINT_VECT_TABLE;
  87              		.loc 1 229 0
  88 0000 014B     		ldr	r3, .L8
  89 0002 1B68     		ldr	r3, [r3]
  90              	.LVL2:
 230:Generated_Source\PSoC5/isr_rch.c **** 
 231:Generated_Source\PSoC5/isr_rch.c ****     return ramVectorTable[CYINT_IRQ_BASE + (uint32)isr_rch__INTC_NUMBER];
 232:Generated_Source\PSoC5/isr_rch.c **** }
  91              		.loc 1 232 0
  92 0004 586C     		ldr	r0, [r3, #68]
  93 0006 7047     		bx	lr
  94              	.L9:
  95              		.align	2
  96              	.L8:
  97 0008 08ED00E0 		.word	-536810232
  98              		.cfi_endproc
  99              	.LFE68:
 100              		.size	isr_rch_GetVector, .-isr_rch_GetVector
 101              		.section	.text.isr_rch_SetPriority,"ax",%progbits
 102              		.align	2
 103              		.global	isr_rch_SetPriority
 104              		.thumb
 105              		.thumb_func
 106              		.type	isr_rch_SetPriority, %function
 107              	isr_rch_SetPriority:
 108              	.LFB69:
 233:Generated_Source\PSoC5/isr_rch.c **** 
 234:Generated_Source\PSoC5/isr_rch.c **** 
ARM GAS  C:\Users\pcoud\AppData\Local\Temp\ccsJEvzk.s 			page 7


 235:Generated_Source\PSoC5/isr_rch.c **** /*******************************************************************************
 236:Generated_Source\PSoC5/isr_rch.c **** * Function Name: isr_rch_SetPriority
 237:Generated_Source\PSoC5/isr_rch.c **** ********************************************************************************
 238:Generated_Source\PSoC5/isr_rch.c **** *
 239:Generated_Source\PSoC5/isr_rch.c **** * Summary:
 240:Generated_Source\PSoC5/isr_rch.c **** *   Sets the Priority of the Interrupt. 
 241:Generated_Source\PSoC5/isr_rch.c **** *
 242:Generated_Source\PSoC5/isr_rch.c **** *   Note calling isr_rch_Start or isr_rch_StartEx will 
 243:Generated_Source\PSoC5/isr_rch.c **** *   override any effect this API would have had. This API should only be called
 244:Generated_Source\PSoC5/isr_rch.c **** *   after isr_rch_Start or isr_rch_StartEx has been called. 
 245:Generated_Source\PSoC5/isr_rch.c **** *   To set the initial priority for the component, use the Design-Wide Resources
 246:Generated_Source\PSoC5/isr_rch.c **** *   Interrupt Editor.
 247:Generated_Source\PSoC5/isr_rch.c **** *
 248:Generated_Source\PSoC5/isr_rch.c **** *   Note This API has no effect on Non-maskable interrupt NMI).
 249:Generated_Source\PSoC5/isr_rch.c **** *
 250:Generated_Source\PSoC5/isr_rch.c **** * Parameters:
 251:Generated_Source\PSoC5/isr_rch.c **** *   priority: Priority of the interrupt, 0 being the highest priority
 252:Generated_Source\PSoC5/isr_rch.c **** *             PSoC 3 and PSoC 5LP: Priority is from 0 to 7.
 253:Generated_Source\PSoC5/isr_rch.c **** *             PSoC 4: Priority is from 0 to 3.
 254:Generated_Source\PSoC5/isr_rch.c **** *
 255:Generated_Source\PSoC5/isr_rch.c **** * Return:
 256:Generated_Source\PSoC5/isr_rch.c **** *   None
 257:Generated_Source\PSoC5/isr_rch.c **** *
 258:Generated_Source\PSoC5/isr_rch.c **** *******************************************************************************/
 259:Generated_Source\PSoC5/isr_rch.c **** void isr_rch_SetPriority(uint8 priority)
 260:Generated_Source\PSoC5/isr_rch.c **** {
 109              		.loc 1 260 0
 110              		.cfi_startproc
 111              		@ args = 0, pretend = 0, frame = 0
 112              		@ frame_needed = 0, uses_anonymous_args = 0
 113              		@ link register save eliminated.
 114              	.LVL3:
 261:Generated_Source\PSoC5/isr_rch.c ****     *isr_rch_INTC_PRIOR = priority << 5;
 115              		.loc 1 261 0
 116 0000 4001     		lsls	r0, r0, #5
 117              	.LVL4:
 118 0002 C0B2     		uxtb	r0, r0
 119 0004 014B     		ldr	r3, .L11
 120 0006 1870     		strb	r0, [r3]
 121 0008 7047     		bx	lr
 122              	.L12:
 123 000a 00BF     		.align	2
 124              	.L11:
 125 000c 01E400E0 		.word	-536812543
 126              		.cfi_endproc
 127              	.LFE69:
 128              		.size	isr_rch_SetPriority, .-isr_rch_SetPriority
 129              		.section	.text.isr_rch_GetPriority,"ax",%progbits
 130              		.align	2
 131              		.global	isr_rch_GetPriority
 132              		.thumb
 133              		.thumb_func
 134              		.type	isr_rch_GetPriority, %function
 135              	isr_rch_GetPriority:
 136              	.LFB70:
 262:Generated_Source\PSoC5/isr_rch.c **** }
 263:Generated_Source\PSoC5/isr_rch.c **** 
ARM GAS  C:\Users\pcoud\AppData\Local\Temp\ccsJEvzk.s 			page 8


 264:Generated_Source\PSoC5/isr_rch.c **** 
 265:Generated_Source\PSoC5/isr_rch.c **** /*******************************************************************************
 266:Generated_Source\PSoC5/isr_rch.c **** * Function Name: isr_rch_GetPriority
 267:Generated_Source\PSoC5/isr_rch.c **** ********************************************************************************
 268:Generated_Source\PSoC5/isr_rch.c **** *
 269:Generated_Source\PSoC5/isr_rch.c **** * Summary:
 270:Generated_Source\PSoC5/isr_rch.c **** *   Gets the Priority of the Interrupt.
 271:Generated_Source\PSoC5/isr_rch.c **** *
 272:Generated_Source\PSoC5/isr_rch.c **** * Parameters:
 273:Generated_Source\PSoC5/isr_rch.c **** *   None
 274:Generated_Source\PSoC5/isr_rch.c **** *
 275:Generated_Source\PSoC5/isr_rch.c **** * Return:
 276:Generated_Source\PSoC5/isr_rch.c **** *   Priority of the interrupt, 0 being the highest priority
 277:Generated_Source\PSoC5/isr_rch.c **** *    PSoC 3 and PSoC 5LP: Priority is from 0 to 7.
 278:Generated_Source\PSoC5/isr_rch.c **** *    PSoC 4: Priority is from 0 to 3.
 279:Generated_Source\PSoC5/isr_rch.c **** *
 280:Generated_Source\PSoC5/isr_rch.c **** *******************************************************************************/
 281:Generated_Source\PSoC5/isr_rch.c **** uint8 isr_rch_GetPriority(void)
 282:Generated_Source\PSoC5/isr_rch.c **** {
 137              		.loc 1 282 0
 138              		.cfi_startproc
 139              		@ args = 0, pretend = 0, frame = 0
 140              		@ frame_needed = 0, uses_anonymous_args = 0
 141              		@ link register save eliminated.
 283:Generated_Source\PSoC5/isr_rch.c ****     uint8 priority;
 284:Generated_Source\PSoC5/isr_rch.c **** 
 285:Generated_Source\PSoC5/isr_rch.c **** 
 286:Generated_Source\PSoC5/isr_rch.c ****     priority = *isr_rch_INTC_PRIOR >> 5;
 142              		.loc 1 286 0
 143 0000 014B     		ldr	r3, .L14
 144 0002 1878     		ldrb	r0, [r3]	@ zero_extendqisi2
 145              	.LVL5:
 287:Generated_Source\PSoC5/isr_rch.c **** 
 288:Generated_Source\PSoC5/isr_rch.c ****     return priority;
 289:Generated_Source\PSoC5/isr_rch.c **** }
 146              		.loc 1 289 0
 147 0004 4009     		lsrs	r0, r0, #5
 148              	.LVL6:
 149 0006 7047     		bx	lr
 150              	.L15:
 151              		.align	2
 152              	.L14:
 153 0008 01E400E0 		.word	-536812543
 154              		.cfi_endproc
 155              	.LFE70:
 156              		.size	isr_rch_GetPriority, .-isr_rch_GetPriority
 157              		.section	.text.isr_rch_Enable,"ax",%progbits
 158              		.align	2
 159              		.global	isr_rch_Enable
 160              		.thumb
 161              		.thumb_func
 162              		.type	isr_rch_Enable, %function
 163              	isr_rch_Enable:
 164              	.LFB71:
 290:Generated_Source\PSoC5/isr_rch.c **** 
 291:Generated_Source\PSoC5/isr_rch.c **** 
 292:Generated_Source\PSoC5/isr_rch.c **** /*******************************************************************************
ARM GAS  C:\Users\pcoud\AppData\Local\Temp\ccsJEvzk.s 			page 9


 293:Generated_Source\PSoC5/isr_rch.c **** * Function Name: isr_rch_Enable
 294:Generated_Source\PSoC5/isr_rch.c **** ********************************************************************************
 295:Generated_Source\PSoC5/isr_rch.c **** *
 296:Generated_Source\PSoC5/isr_rch.c **** * Summary:
 297:Generated_Source\PSoC5/isr_rch.c **** *   Enables the interrupt to the interrupt controller. Do not call this function
 298:Generated_Source\PSoC5/isr_rch.c **** *   unless ISR_Start() has been called or the functionality of the ISR_Start() 
 299:Generated_Source\PSoC5/isr_rch.c **** *   function, which sets the vector and the priority, has been called.
 300:Generated_Source\PSoC5/isr_rch.c **** *
 301:Generated_Source\PSoC5/isr_rch.c **** * Parameters:
 302:Generated_Source\PSoC5/isr_rch.c **** *   None
 303:Generated_Source\PSoC5/isr_rch.c **** *
 304:Generated_Source\PSoC5/isr_rch.c **** * Return:
 305:Generated_Source\PSoC5/isr_rch.c **** *   None
 306:Generated_Source\PSoC5/isr_rch.c **** *
 307:Generated_Source\PSoC5/isr_rch.c **** *******************************************************************************/
 308:Generated_Source\PSoC5/isr_rch.c **** void isr_rch_Enable(void)
 309:Generated_Source\PSoC5/isr_rch.c **** {
 165              		.loc 1 309 0
 166              		.cfi_startproc
 167              		@ args = 0, pretend = 0, frame = 0
 168              		@ frame_needed = 0, uses_anonymous_args = 0
 169              		@ link register save eliminated.
 310:Generated_Source\PSoC5/isr_rch.c ****     /* Enable the general interrupt. */
 311:Generated_Source\PSoC5/isr_rch.c ****     *isr_rch_INTC_SET_EN = isr_rch__INTC_MASK;
 170              		.loc 1 311 0
 171 0000 0222     		movs	r2, #2
 172 0002 014B     		ldr	r3, .L17
 173 0004 1A60     		str	r2, [r3]
 174 0006 7047     		bx	lr
 175              	.L18:
 176              		.align	2
 177              	.L17:
 178 0008 00E100E0 		.word	-536813312
 179              		.cfi_endproc
 180              	.LFE71:
 181              		.size	isr_rch_Enable, .-isr_rch_Enable
 182              		.section	.text.isr_rch_GetState,"ax",%progbits
 183              		.align	2
 184              		.global	isr_rch_GetState
 185              		.thumb
 186              		.thumb_func
 187              		.type	isr_rch_GetState, %function
 188              	isr_rch_GetState:
 189              	.LFB72:
 312:Generated_Source\PSoC5/isr_rch.c **** }
 313:Generated_Source\PSoC5/isr_rch.c **** 
 314:Generated_Source\PSoC5/isr_rch.c **** 
 315:Generated_Source\PSoC5/isr_rch.c **** /*******************************************************************************
 316:Generated_Source\PSoC5/isr_rch.c **** * Function Name: isr_rch_GetState
 317:Generated_Source\PSoC5/isr_rch.c **** ********************************************************************************
 318:Generated_Source\PSoC5/isr_rch.c **** *
 319:Generated_Source\PSoC5/isr_rch.c **** * Summary:
 320:Generated_Source\PSoC5/isr_rch.c **** *   Gets the state (enabled, disabled) of the Interrupt.
 321:Generated_Source\PSoC5/isr_rch.c **** *
 322:Generated_Source\PSoC5/isr_rch.c **** * Parameters:
 323:Generated_Source\PSoC5/isr_rch.c **** *   None
 324:Generated_Source\PSoC5/isr_rch.c **** *
ARM GAS  C:\Users\pcoud\AppData\Local\Temp\ccsJEvzk.s 			page 10


 325:Generated_Source\PSoC5/isr_rch.c **** * Return:
 326:Generated_Source\PSoC5/isr_rch.c **** *   1 if enabled, 0 if disabled.
 327:Generated_Source\PSoC5/isr_rch.c **** *
 328:Generated_Source\PSoC5/isr_rch.c **** *******************************************************************************/
 329:Generated_Source\PSoC5/isr_rch.c **** uint8 isr_rch_GetState(void)
 330:Generated_Source\PSoC5/isr_rch.c **** {
 190              		.loc 1 330 0
 191              		.cfi_startproc
 192              		@ args = 0, pretend = 0, frame = 0
 193              		@ frame_needed = 0, uses_anonymous_args = 0
 194              		@ link register save eliminated.
 331:Generated_Source\PSoC5/isr_rch.c ****     /* Get the state of the general interrupt. */
 332:Generated_Source\PSoC5/isr_rch.c ****     return ((*isr_rch_INTC_SET_EN & (uint32)isr_rch__INTC_MASK) != 0u) ? 1u:0u;
 195              		.loc 1 332 0
 196 0000 044B     		ldr	r3, .L22
 197 0002 1B68     		ldr	r3, [r3]
 198 0004 13F0020F 		tst	r3, #2
 199 0008 01D0     		beq	.L21
 200 000a 0120     		movs	r0, #1
 201 000c 7047     		bx	lr
 202              	.L21:
 203 000e 0020     		movs	r0, #0
 333:Generated_Source\PSoC5/isr_rch.c **** }
 204              		.loc 1 333 0
 205 0010 7047     		bx	lr
 206              	.L23:
 207 0012 00BF     		.align	2
 208              	.L22:
 209 0014 00E100E0 		.word	-536813312
 210              		.cfi_endproc
 211              	.LFE72:
 212              		.size	isr_rch_GetState, .-isr_rch_GetState
 213              		.section	.text.isr_rch_Disable,"ax",%progbits
 214              		.align	2
 215              		.global	isr_rch_Disable
 216              		.thumb
 217              		.thumb_func
 218              		.type	isr_rch_Disable, %function
 219              	isr_rch_Disable:
 220              	.LFB73:
 334:Generated_Source\PSoC5/isr_rch.c **** 
 335:Generated_Source\PSoC5/isr_rch.c **** 
 336:Generated_Source\PSoC5/isr_rch.c **** /*******************************************************************************
 337:Generated_Source\PSoC5/isr_rch.c **** * Function Name: isr_rch_Disable
 338:Generated_Source\PSoC5/isr_rch.c **** ********************************************************************************
 339:Generated_Source\PSoC5/isr_rch.c **** *
 340:Generated_Source\PSoC5/isr_rch.c **** * Summary:
 341:Generated_Source\PSoC5/isr_rch.c **** *   Disables the Interrupt in the interrupt controller.
 342:Generated_Source\PSoC5/isr_rch.c **** *
 343:Generated_Source\PSoC5/isr_rch.c **** * Parameters:
 344:Generated_Source\PSoC5/isr_rch.c **** *   None
 345:Generated_Source\PSoC5/isr_rch.c **** *
 346:Generated_Source\PSoC5/isr_rch.c **** * Return:
 347:Generated_Source\PSoC5/isr_rch.c **** *   None
 348:Generated_Source\PSoC5/isr_rch.c **** *
 349:Generated_Source\PSoC5/isr_rch.c **** *******************************************************************************/
 350:Generated_Source\PSoC5/isr_rch.c **** void isr_rch_Disable(void)
ARM GAS  C:\Users\pcoud\AppData\Local\Temp\ccsJEvzk.s 			page 11


 351:Generated_Source\PSoC5/isr_rch.c **** {
 221              		.loc 1 351 0
 222              		.cfi_startproc
 223              		@ args = 0, pretend = 0, frame = 0
 224              		@ frame_needed = 0, uses_anonymous_args = 0
 225              		@ link register save eliminated.
 352:Generated_Source\PSoC5/isr_rch.c ****     /* Disable the general interrupt. */
 353:Generated_Source\PSoC5/isr_rch.c ****     *isr_rch_INTC_CLR_EN = isr_rch__INTC_MASK;
 226              		.loc 1 353 0
 227 0000 0222     		movs	r2, #2
 228 0002 014B     		ldr	r3, .L25
 229 0004 1A60     		str	r2, [r3]
 230 0006 7047     		bx	lr
 231              	.L26:
 232              		.align	2
 233              	.L25:
 234 0008 80E100E0 		.word	-536813184
 235              		.cfi_endproc
 236              	.LFE73:
 237              		.size	isr_rch_Disable, .-isr_rch_Disable
 238              		.section	.text.isr_rch_Start,"ax",%progbits
 239              		.align	2
 240              		.global	isr_rch_Start
 241              		.thumb
 242              		.thumb_func
 243              		.type	isr_rch_Start, %function
 244              	isr_rch_Start:
 245              	.LFB63:
  63:Generated_Source\PSoC5/isr_rch.c ****     /* For all we know the interrupt is active. */
 246              		.loc 1 63 0
 247              		.cfi_startproc
 248              		@ args = 0, pretend = 0, frame = 0
 249              		@ frame_needed = 0, uses_anonymous_args = 0
 250 0000 08B5     		push	{r3, lr}
 251              		.cfi_def_cfa_offset 8
 252              		.cfi_offset 3, -8
 253              		.cfi_offset 14, -4
  65:Generated_Source\PSoC5/isr_rch.c **** 
 254              		.loc 1 65 0
 255 0002 FFF7FEFF 		bl	isr_rch_Disable
 256              	.LVL7:
  68:Generated_Source\PSoC5/isr_rch.c **** 
 257              		.loc 1 68 0
 258 0006 0448     		ldr	r0, .L29
 259 0008 FFF7FEFF 		bl	isr_rch_SetVector
 260              	.LVL8:
  71:Generated_Source\PSoC5/isr_rch.c **** 
 261              		.loc 1 71 0
 262 000c 0720     		movs	r0, #7
 263 000e FFF7FEFF 		bl	isr_rch_SetPriority
 264              	.LVL9:
  74:Generated_Source\PSoC5/isr_rch.c **** }
 265              		.loc 1 74 0
 266 0012 FFF7FEFF 		bl	isr_rch_Enable
 267              	.LVL10:
 268 0016 08BD     		pop	{r3, pc}
 269              	.L30:
ARM GAS  C:\Users\pcoud\AppData\Local\Temp\ccsJEvzk.s 			page 12


 270              		.align	2
 271              	.L29:
 272 0018 00000000 		.word	isr_rch_Interrupt
 273              		.cfi_endproc
 274              	.LFE63:
 275              		.size	isr_rch_Start, .-isr_rch_Start
 276              		.section	.text.isr_rch_StartEx,"ax",%progbits
 277              		.align	2
 278              		.global	isr_rch_StartEx
 279              		.thumb
 280              		.thumb_func
 281              		.type	isr_rch_StartEx, %function
 282              	isr_rch_StartEx:
 283              	.LFB64:
 106:Generated_Source\PSoC5/isr_rch.c ****     /* For all we know the interrupt is active. */
 284              		.loc 1 106 0
 285              		.cfi_startproc
 286              		@ args = 0, pretend = 0, frame = 0
 287              		@ frame_needed = 0, uses_anonymous_args = 0
 288              	.LVL11:
 289 0000 10B5     		push	{r4, lr}
 290              		.cfi_def_cfa_offset 8
 291              		.cfi_offset 4, -8
 292              		.cfi_offset 14, -4
 293 0002 0446     		mov	r4, r0
 108:Generated_Source\PSoC5/isr_rch.c **** 
 294              		.loc 1 108 0
 295 0004 FFF7FEFF 		bl	isr_rch_Disable
 296              	.LVL12:
 111:Generated_Source\PSoC5/isr_rch.c **** 
 297              		.loc 1 111 0
 298 0008 2046     		mov	r0, r4
 299 000a FFF7FEFF 		bl	isr_rch_SetVector
 300              	.LVL13:
 114:Generated_Source\PSoC5/isr_rch.c **** 
 301              		.loc 1 114 0
 302 000e 0720     		movs	r0, #7
 303 0010 FFF7FEFF 		bl	isr_rch_SetPriority
 304              	.LVL14:
 117:Generated_Source\PSoC5/isr_rch.c **** }
 305              		.loc 1 117 0
 306 0014 FFF7FEFF 		bl	isr_rch_Enable
 307              	.LVL15:
 308 0018 10BD     		pop	{r4, pc}
 309              		.cfi_endproc
 310              	.LFE64:
 311              		.size	isr_rch_StartEx, .-isr_rch_StartEx
 312 001a 00BF     		.section	.text.isr_rch_Stop,"ax",%progbits
 313              		.align	2
 314              		.global	isr_rch_Stop
 315              		.thumb
 316              		.thumb_func
 317              		.type	isr_rch_Stop, %function
 318              	isr_rch_Stop:
 319              	.LFB65:
 136:Generated_Source\PSoC5/isr_rch.c ****     /* Disable this interrupt. */
 320              		.loc 1 136 0
ARM GAS  C:\Users\pcoud\AppData\Local\Temp\ccsJEvzk.s 			page 13


 321              		.cfi_startproc
 322              		@ args = 0, pretend = 0, frame = 0
 323              		@ frame_needed = 0, uses_anonymous_args = 0
 324 0000 08B5     		push	{r3, lr}
 325              		.cfi_def_cfa_offset 8
 326              		.cfi_offset 3, -8
 327              		.cfi_offset 14, -4
 138:Generated_Source\PSoC5/isr_rch.c **** 
 328              		.loc 1 138 0
 329 0002 FFF7FEFF 		bl	isr_rch_Disable
 330              	.LVL16:
 141:Generated_Source\PSoC5/isr_rch.c **** }
 331              		.loc 1 141 0
 332 0006 0248     		ldr	r0, .L35
 333 0008 FFF7FEFF 		bl	isr_rch_SetVector
 334              	.LVL17:
 335 000c 08BD     		pop	{r3, pc}
 336              	.L36:
 337 000e 00BF     		.align	2
 338              	.L35:
 339 0010 00000000 		.word	IntDefaultHandler
 340              		.cfi_endproc
 341              	.LFE65:
 342              		.size	isr_rch_Stop, .-isr_rch_Stop
 343              		.section	.text.isr_rch_SetPending,"ax",%progbits
 344              		.align	2
 345              		.global	isr_rch_SetPending
 346              		.thumb
 347              		.thumb_func
 348              		.type	isr_rch_SetPending, %function
 349              	isr_rch_SetPending:
 350              	.LFB74:
 354:Generated_Source\PSoC5/isr_rch.c **** }
 355:Generated_Source\PSoC5/isr_rch.c **** 
 356:Generated_Source\PSoC5/isr_rch.c **** 
 357:Generated_Source\PSoC5/isr_rch.c **** /*******************************************************************************
 358:Generated_Source\PSoC5/isr_rch.c **** * Function Name: isr_rch_SetPending
 359:Generated_Source\PSoC5/isr_rch.c **** ********************************************************************************
 360:Generated_Source\PSoC5/isr_rch.c **** *
 361:Generated_Source\PSoC5/isr_rch.c **** * Summary:
 362:Generated_Source\PSoC5/isr_rch.c **** *   Causes the Interrupt to enter the pending state, a software method of
 363:Generated_Source\PSoC5/isr_rch.c **** *   generating the interrupt.
 364:Generated_Source\PSoC5/isr_rch.c **** *
 365:Generated_Source\PSoC5/isr_rch.c **** * Parameters:
 366:Generated_Source\PSoC5/isr_rch.c **** *   None
 367:Generated_Source\PSoC5/isr_rch.c **** *
 368:Generated_Source\PSoC5/isr_rch.c **** * Return:
 369:Generated_Source\PSoC5/isr_rch.c **** *   None
 370:Generated_Source\PSoC5/isr_rch.c **** *
 371:Generated_Source\PSoC5/isr_rch.c **** * Side Effects:
 372:Generated_Source\PSoC5/isr_rch.c **** *   If interrupts are enabled and the interrupt is set up properly, the ISR is
 373:Generated_Source\PSoC5/isr_rch.c **** *   entered (depending on the priority of this interrupt and other pending 
 374:Generated_Source\PSoC5/isr_rch.c **** *   interrupts).
 375:Generated_Source\PSoC5/isr_rch.c **** *
 376:Generated_Source\PSoC5/isr_rch.c **** *******************************************************************************/
 377:Generated_Source\PSoC5/isr_rch.c **** void isr_rch_SetPending(void)
 378:Generated_Source\PSoC5/isr_rch.c **** {
ARM GAS  C:\Users\pcoud\AppData\Local\Temp\ccsJEvzk.s 			page 14


 351              		.loc 1 378 0
 352              		.cfi_startproc
 353              		@ args = 0, pretend = 0, frame = 0
 354              		@ frame_needed = 0, uses_anonymous_args = 0
 355              		@ link register save eliminated.
 379:Generated_Source\PSoC5/isr_rch.c ****     *isr_rch_INTC_SET_PD = isr_rch__INTC_MASK;
 356              		.loc 1 379 0
 357 0000 0222     		movs	r2, #2
 358 0002 014B     		ldr	r3, .L38
 359 0004 1A60     		str	r2, [r3]
 360 0006 7047     		bx	lr
 361              	.L39:
 362              		.align	2
 363              	.L38:
 364 0008 00E200E0 		.word	-536813056
 365              		.cfi_endproc
 366              	.LFE74:
 367              		.size	isr_rch_SetPending, .-isr_rch_SetPending
 368              		.section	.text.isr_rch_ClearPending,"ax",%progbits
 369              		.align	2
 370              		.global	isr_rch_ClearPending
 371              		.thumb
 372              		.thumb_func
 373              		.type	isr_rch_ClearPending, %function
 374              	isr_rch_ClearPending:
 375              	.LFB75:
 380:Generated_Source\PSoC5/isr_rch.c **** }
 381:Generated_Source\PSoC5/isr_rch.c **** 
 382:Generated_Source\PSoC5/isr_rch.c **** 
 383:Generated_Source\PSoC5/isr_rch.c **** /*******************************************************************************
 384:Generated_Source\PSoC5/isr_rch.c **** * Function Name: isr_rch_ClearPending
 385:Generated_Source\PSoC5/isr_rch.c **** ********************************************************************************
 386:Generated_Source\PSoC5/isr_rch.c **** *
 387:Generated_Source\PSoC5/isr_rch.c **** * Summary:
 388:Generated_Source\PSoC5/isr_rch.c **** *   Clears a pending interrupt in the interrupt controller.
 389:Generated_Source\PSoC5/isr_rch.c **** *
 390:Generated_Source\PSoC5/isr_rch.c **** *   Note Some interrupt sources are clear-on-read and require the block 
 391:Generated_Source\PSoC5/isr_rch.c **** *   interrupt/status register to be read/cleared with the appropriate block API 
 392:Generated_Source\PSoC5/isr_rch.c **** *   (GPIO, UART, and so on). Otherwise the ISR will continue to remain in 
 393:Generated_Source\PSoC5/isr_rch.c **** *   pending state even though the interrupt itself is cleared using this API.
 394:Generated_Source\PSoC5/isr_rch.c **** *
 395:Generated_Source\PSoC5/isr_rch.c **** * Parameters:
 396:Generated_Source\PSoC5/isr_rch.c **** *   None
 397:Generated_Source\PSoC5/isr_rch.c **** *
 398:Generated_Source\PSoC5/isr_rch.c **** * Return:
 399:Generated_Source\PSoC5/isr_rch.c **** *   None
 400:Generated_Source\PSoC5/isr_rch.c **** *
 401:Generated_Source\PSoC5/isr_rch.c **** *******************************************************************************/
 402:Generated_Source\PSoC5/isr_rch.c **** void isr_rch_ClearPending(void)
 403:Generated_Source\PSoC5/isr_rch.c **** {
 376              		.loc 1 403 0
 377              		.cfi_startproc
 378              		@ args = 0, pretend = 0, frame = 0
 379              		@ frame_needed = 0, uses_anonymous_args = 0
 380              		@ link register save eliminated.
 404:Generated_Source\PSoC5/isr_rch.c ****     *isr_rch_INTC_CLR_PD = isr_rch__INTC_MASK;
 381              		.loc 1 404 0
ARM GAS  C:\Users\pcoud\AppData\Local\Temp\ccsJEvzk.s 			page 15


 382 0000 0222     		movs	r2, #2
 383 0002 014B     		ldr	r3, .L41
 384 0004 1A60     		str	r2, [r3]
 385 0006 7047     		bx	lr
 386              	.L42:
 387              		.align	2
 388              	.L41:
 389 0008 80E200E0 		.word	-536812928
 390              		.cfi_endproc
 391              	.LFE75:
 392              		.size	isr_rch_ClearPending, .-isr_rch_ClearPending
 393              		.text
 394              	.Letext0:
 395              		.file 2 "c:\\program files (x86)\\cypress\\psoc creator\\4.1\\psoc creator\\import\\gnu\\arm\\5.4.
 396              		.file 3 "c:\\program files (x86)\\cypress\\psoc creator\\4.1\\psoc creator\\import\\gnu\\arm\\5.4.
 397              		.file 4 "Generated_Source\\PSoC5/cytypes.h"
 398              		.file 5 "Generated_Source\\PSoC5/core_cm3.h"
 399              		.section	.debug_info,"",%progbits
 400              	.Ldebug_info0:
 401 0000 0C030000 		.4byte	0x30c
 402 0004 0400     		.2byte	0x4
 403 0006 00000000 		.4byte	.Ldebug_abbrev0
 404 000a 04       		.byte	0x4
 405 000b 01       		.uleb128 0x1
 406 000c 84000000 		.4byte	.LASF39
 407 0010 0C       		.byte	0xc
 408 0011 7F010000 		.4byte	.LASF40
 409 0015 29010000 		.4byte	.LASF41
 410 0019 00000000 		.4byte	.Ldebug_ranges0+0
 411 001d 00000000 		.4byte	0
 412 0021 00000000 		.4byte	.Ldebug_line0
 413 0025 02       		.uleb128 0x2
 414 0026 04       		.byte	0x4
 415 0027 05       		.byte	0x5
 416 0028 696E7400 		.ascii	"int\000"
 417 002c 03       		.uleb128 0x3
 418 002d 04       		.byte	0x4
 419 002e 07       		.byte	0x7
 420 002f DD010000 		.4byte	.LASF0
 421 0033 03       		.uleb128 0x3
 422 0034 08       		.byte	0x8
 423 0035 05       		.byte	0x5
 424 0036 59020000 		.4byte	.LASF1
 425 003a 03       		.uleb128 0x3
 426 003b 08       		.byte	0x8
 427 003c 04       		.byte	0x4
 428 003d B4020000 		.4byte	.LASF2
 429 0041 03       		.uleb128 0x3
 430 0042 01       		.byte	0x1
 431 0043 06       		.byte	0x6
 432 0044 C0020000 		.4byte	.LASF3
 433 0048 03       		.uleb128 0x3
 434 0049 01       		.byte	0x1
 435 004a 08       		.byte	0x8
 436 004b 76000000 		.4byte	.LASF4
 437 004f 03       		.uleb128 0x3
 438 0050 02       		.byte	0x2
ARM GAS  C:\Users\pcoud\AppData\Local\Temp\ccsJEvzk.s 			page 16


 439 0051 05       		.byte	0x5
 440 0052 BC010000 		.4byte	.LASF5
 441 0056 03       		.uleb128 0x3
 442 0057 02       		.byte	0x2
 443 0058 07       		.byte	0x7
 444 0059 5F010000 		.4byte	.LASF6
 445 005d 04       		.uleb128 0x4
 446 005e 16000000 		.4byte	.LASF12
 447 0062 02       		.byte	0x2
 448 0063 3F       		.byte	0x3f
 449 0064 68000000 		.4byte	0x68
 450 0068 03       		.uleb128 0x3
 451 0069 04       		.byte	0x4
 452 006a 05       		.byte	0x5
 453 006b AB020000 		.4byte	.LASF7
 454 006f 03       		.uleb128 0x3
 455 0070 04       		.byte	0x4
 456 0071 07       		.byte	0x7
 457 0072 17010000 		.4byte	.LASF8
 458 0076 03       		.uleb128 0x3
 459 0077 08       		.byte	0x8
 460 0078 07       		.byte	0x7
 461 0079 F2010000 		.4byte	.LASF9
 462 007d 03       		.uleb128 0x3
 463 007e 04       		.byte	0x4
 464 007f 07       		.byte	0x7
 465 0080 50020000 		.4byte	.LASF10
 466 0084 03       		.uleb128 0x3
 467 0085 01       		.byte	0x1
 468 0086 08       		.byte	0x8
 469 0087 67020000 		.4byte	.LASF11
 470 008b 05       		.uleb128 0x5
 471 008c 04       		.byte	0x4
 472 008d 91000000 		.4byte	0x91
 473 0091 06       		.uleb128 0x6
 474 0092 04       		.uleb128 0x4
 475 0093 48020000 		.4byte	.LASF13
 476 0097 03       		.byte	0x3
 477 0098 2C       		.byte	0x2c
 478 0099 5D000000 		.4byte	0x5d
 479 009d 07       		.uleb128 0x7
 480 009e 70000000 		.4byte	.LASF14
 481 00a2 04       		.byte	0x4
 482 00a3 9201     		.2byte	0x192
 483 00a5 48000000 		.4byte	0x48
 484 00a9 07       		.uleb128 0x7
 485 00aa CF010000 		.4byte	.LASF15
 486 00ae 04       		.byte	0x4
 487 00af 9301     		.2byte	0x193
 488 00b1 56000000 		.4byte	0x56
 489 00b5 07       		.uleb128 0x7
 490 00b6 D6010000 		.4byte	.LASF16
 491 00ba 04       		.byte	0x4
 492 00bb 9401     		.2byte	0x194
 493 00bd 6F000000 		.4byte	0x6f
 494 00c1 03       		.uleb128 0x3
 495 00c2 04       		.byte	0x4
ARM GAS  C:\Users\pcoud\AppData\Local\Temp\ccsJEvzk.s 			page 17


 496 00c3 04       		.byte	0x4
 497 00c4 58000000 		.4byte	.LASF17
 498 00c8 03       		.uleb128 0x3
 499 00c9 08       		.byte	0x8
 500 00ca 04       		.byte	0x4
 501 00cb B5010000 		.4byte	.LASF18
 502 00cf 07       		.uleb128 0x7
 503 00d0 12010000 		.4byte	.LASF19
 504 00d4 04       		.byte	0x4
 505 00d5 3C02     		.2byte	0x23c
 506 00d7 DB000000 		.4byte	0xdb
 507 00db 08       		.uleb128 0x8
 508 00dc 9D000000 		.4byte	0x9d
 509 00e0 07       		.uleb128 0x7
 510 00e1 00000000 		.4byte	.LASF20
 511 00e5 04       		.byte	0x4
 512 00e6 3E02     		.2byte	0x23e
 513 00e8 EC000000 		.4byte	0xec
 514 00ec 08       		.uleb128 0x8
 515 00ed B5000000 		.4byte	0xb5
 516 00f1 07       		.uleb128 0x7
 517 00f2 2A020000 		.4byte	.LASF21
 518 00f6 04       		.byte	0x4
 519 00f7 4E02     		.2byte	0x24e
 520 00f9 8B000000 		.4byte	0x8b
 521 00fd 09       		.uleb128 0x9
 522 00fe 46000000 		.4byte	.LASF29
 523 0102 01       		.byte	0x1
 524 0103 A1       		.byte	0xa1
 525 0104 00000000 		.4byte	.LFB66
 526 0108 10000000 		.4byte	.LFE66-.LFB66
 527 010c 01       		.uleb128 0x1
 528 010d 9C       		.byte	0x9c
 529 010e 0A       		.uleb128 0xa
 530 010f 5E000000 		.4byte	.LASF23
 531 0113 01       		.byte	0x1
 532 0114 C9       		.byte	0xc9
 533 0115 00000000 		.4byte	.LFB67
 534 0119 0C000000 		.4byte	.LFE67-.LFB67
 535 011d 01       		.uleb128 0x1
 536 011e 9C       		.byte	0x9c
 537 011f 3E010000 		.4byte	0x13e
 538 0123 0B       		.uleb128 0xb
 539 0124 EA010000 		.4byte	.LASF25
 540 0128 01       		.byte	0x1
 541 0129 C9       		.byte	0xc9
 542 012a F1000000 		.4byte	0xf1
 543 012e 01       		.uleb128 0x1
 544 012f 50       		.byte	0x50
 545 0130 0C       		.uleb128 0xc
 546 0131 6C020000 		.4byte	.LASF22
 547 0135 01       		.byte	0x1
 548 0136 CB       		.byte	0xcb
 549 0137 3E010000 		.4byte	0x13e
 550 013b 01       		.uleb128 0x1
 551 013c 53       		.byte	0x53
 552 013d 00       		.byte	0
ARM GAS  C:\Users\pcoud\AppData\Local\Temp\ccsJEvzk.s 			page 18


 553 013e 05       		.uleb128 0x5
 554 013f 04       		.byte	0x4
 555 0140 F1000000 		.4byte	0xf1
 556 0144 0D       		.uleb128 0xd
 557 0145 34000000 		.4byte	.LASF27
 558 0149 01       		.byte	0x1
 559 014a E1       		.byte	0xe1
 560 014b F1000000 		.4byte	0xf1
 561 014f 00000000 		.4byte	.LFB68
 562 0153 0C000000 		.4byte	.LFE68-.LFB68
 563 0157 01       		.uleb128 0x1
 564 0158 9C       		.byte	0x9c
 565 0159 6B010000 		.4byte	0x16b
 566 015d 0C       		.uleb128 0xc
 567 015e 6C020000 		.4byte	.LASF22
 568 0162 01       		.byte	0x1
 569 0163 E3       		.byte	0xe3
 570 0164 3E010000 		.4byte	0x13e
 571 0168 01       		.uleb128 0x1
 572 0169 53       		.byte	0x53
 573 016a 00       		.byte	0
 574 016b 0E       		.uleb128 0xe
 575 016c 20000000 		.4byte	.LASF24
 576 0170 01       		.byte	0x1
 577 0171 0301     		.2byte	0x103
 578 0173 00000000 		.4byte	.LFB69
 579 0177 10000000 		.4byte	.LFE69-.LFB69
 580 017b 01       		.uleb128 0x1
 581 017c 9C       		.byte	0x9c
 582 017d 92010000 		.4byte	0x192
 583 0181 0F       		.uleb128 0xf
 584 0182 C6010000 		.4byte	.LASF26
 585 0186 01       		.byte	0x1
 586 0187 0301     		.2byte	0x103
 587 0189 9D000000 		.4byte	0x9d
 588 018d 00000000 		.4byte	.LLST0
 589 0191 00       		.byte	0
 590 0192 10       		.uleb128 0x10
 591 0193 97020000 		.4byte	.LASF28
 592 0197 01       		.byte	0x1
 593 0198 1901     		.2byte	0x119
 594 019a 9D000000 		.4byte	0x9d
 595 019e 00000000 		.4byte	.LFB70
 596 01a2 0C000000 		.4byte	.LFE70-.LFB70
 597 01a6 01       		.uleb128 0x1
 598 01a7 9C       		.byte	0x9c
 599 01a8 BD010000 		.4byte	0x1bd
 600 01ac 11       		.uleb128 0x11
 601 01ad C6010000 		.4byte	.LASF26
 602 01b1 01       		.byte	0x1
 603 01b2 1B01     		.2byte	0x11b
 604 01b4 9D000000 		.4byte	0x9d
 605 01b8 21000000 		.4byte	.LLST1
 606 01bc 00       		.byte	0
 607 01bd 12       		.uleb128 0x12
 608 01be 7B020000 		.4byte	.LASF30
 609 01c2 01       		.byte	0x1
ARM GAS  C:\Users\pcoud\AppData\Local\Temp\ccsJEvzk.s 			page 19


 610 01c3 3401     		.2byte	0x134
 611 01c5 00000000 		.4byte	.LFB71
 612 01c9 0C000000 		.4byte	.LFE71-.LFB71
 613 01cd 01       		.uleb128 0x1
 614 01ce 9C       		.byte	0x9c
 615 01cf 13       		.uleb128 0x13
 616 01d0 37020000 		.4byte	.LASF42
 617 01d4 01       		.byte	0x1
 618 01d5 4901     		.2byte	0x149
 619 01d7 9D000000 		.4byte	0x9d
 620 01db 00000000 		.4byte	.LFB72
 621 01df 18000000 		.4byte	.LFE72-.LFB72
 622 01e3 01       		.uleb128 0x1
 623 01e4 9C       		.byte	0x9c
 624 01e5 12       		.uleb128 0x12
 625 01e6 06000000 		.4byte	.LASF31
 626 01ea 01       		.byte	0x1
 627 01eb 5E01     		.2byte	0x15e
 628 01ed 00000000 		.4byte	.LFB73
 629 01f1 0C000000 		.4byte	.LFE73-.LFB73
 630 01f5 01       		.uleb128 0x1
 631 01f6 9C       		.byte	0x9c
 632 01f7 0A       		.uleb128 0xa
 633 01f8 1C020000 		.4byte	.LASF32
 634 01fc 01       		.byte	0x1
 635 01fd 3E       		.byte	0x3e
 636 01fe 00000000 		.4byte	.LFB63
 637 0202 1C000000 		.4byte	.LFE63-.LFB63
 638 0206 01       		.uleb128 0x1
 639 0207 9C       		.byte	0x9c
 640 0208 49020000 		.4byte	0x249
 641 020c 14       		.uleb128 0x14
 642 020d 06000000 		.4byte	.LVL7
 643 0211 E5010000 		.4byte	0x1e5
 644 0215 15       		.uleb128 0x15
 645 0216 0C000000 		.4byte	.LVL8
 646 021a 0E010000 		.4byte	0x10e
 647 021e 2C020000 		.4byte	0x22c
 648 0222 16       		.uleb128 0x16
 649 0223 01       		.uleb128 0x1
 650 0224 50       		.byte	0x50
 651 0225 05       		.uleb128 0x5
 652 0226 03       		.byte	0x3
 653 0227 00000000 		.4byte	isr_rch_Interrupt
 654 022b 00       		.byte	0
 655 022c 15       		.uleb128 0x15
 656 022d 12000000 		.4byte	.LVL9
 657 0231 6B010000 		.4byte	0x16b
 658 0235 3F020000 		.4byte	0x23f
 659 0239 16       		.uleb128 0x16
 660 023a 01       		.uleb128 0x1
 661 023b 50       		.byte	0x50
 662 023c 01       		.uleb128 0x1
 663 023d 37       		.byte	0x37
 664 023e 00       		.byte	0
 665 023f 14       		.uleb128 0x14
 666 0240 16000000 		.4byte	.LVL10
ARM GAS  C:\Users\pcoud\AppData\Local\Temp\ccsJEvzk.s 			page 20


 667 0244 BD010000 		.4byte	0x1bd
 668 0248 00       		.byte	0
 669 0249 0A       		.uleb128 0xa
 670 024a CC020000 		.4byte	.LASF33
 671 024e 01       		.byte	0x1
 672 024f 69       		.byte	0x69
 673 0250 00000000 		.4byte	.LFB64
 674 0254 1A000000 		.4byte	.LFE64-.LFB64
 675 0258 01       		.uleb128 0x1
 676 0259 9C       		.byte	0x9c
 677 025a A7020000 		.4byte	0x2a7
 678 025e 17       		.uleb128 0x17
 679 025f EA010000 		.4byte	.LASF25
 680 0263 01       		.byte	0x1
 681 0264 69       		.byte	0x69
 682 0265 F1000000 		.4byte	0xf1
 683 0269 38000000 		.4byte	.LLST2
 684 026d 14       		.uleb128 0x14
 685 026e 08000000 		.4byte	.LVL12
 686 0272 E5010000 		.4byte	0x1e5
 687 0276 15       		.uleb128 0x15
 688 0277 0E000000 		.4byte	.LVL13
 689 027b 0E010000 		.4byte	0x10e
 690 027f 8A020000 		.4byte	0x28a
 691 0283 16       		.uleb128 0x16
 692 0284 01       		.uleb128 0x1
 693 0285 50       		.byte	0x50
 694 0286 02       		.uleb128 0x2
 695 0287 74       		.byte	0x74
 696 0288 00       		.sleb128 0
 697 0289 00       		.byte	0
 698 028a 15       		.uleb128 0x15
 699 028b 14000000 		.4byte	.LVL14
 700 028f 6B010000 		.4byte	0x16b
 701 0293 9D020000 		.4byte	0x29d
 702 0297 16       		.uleb128 0x16
 703 0298 01       		.uleb128 0x1
 704 0299 50       		.byte	0x50
 705 029a 01       		.uleb128 0x1
 706 029b 37       		.byte	0x37
 707 029c 00       		.byte	0
 708 029d 14       		.uleb128 0x14
 709 029e 18000000 		.4byte	.LVL15
 710 02a2 BD010000 		.4byte	0x1bd
 711 02a6 00       		.byte	0
 712 02a7 0A       		.uleb128 0xa
 713 02a8 8A020000 		.4byte	.LASF34
 714 02ac 01       		.byte	0x1
 715 02ad 87       		.byte	0x87
 716 02ae 00000000 		.4byte	.LFB65
 717 02b2 14000000 		.4byte	.LFE65-.LFB65
 718 02b6 01       		.uleb128 0x1
 719 02b7 9C       		.byte	0x9c
 720 02b8 CF020000 		.4byte	0x2cf
 721 02bc 14       		.uleb128 0x14
 722 02bd 06000000 		.4byte	.LVL16
 723 02c1 E5010000 		.4byte	0x1e5
ARM GAS  C:\Users\pcoud\AppData\Local\Temp\ccsJEvzk.s 			page 21


 724 02c5 14       		.uleb128 0x14
 725 02c6 0C000000 		.4byte	.LVL17
 726 02ca 0E010000 		.4byte	0x10e
 727 02ce 00       		.byte	0
 728 02cf 12       		.uleb128 0x12
 729 02d0 09020000 		.4byte	.LASF35
 730 02d4 01       		.byte	0x1
 731 02d5 7901     		.2byte	0x179
 732 02d7 00000000 		.4byte	.LFB74
 733 02db 0C000000 		.4byte	.LFE74-.LFB74
 734 02df 01       		.uleb128 0x1
 735 02e0 9C       		.byte	0x9c
 736 02e1 12       		.uleb128 0x12
 737 02e2 A0010000 		.4byte	.LASF36
 738 02e6 01       		.byte	0x1
 739 02e7 9201     		.2byte	0x192
 740 02e9 00000000 		.4byte	.LFB75
 741 02ed 0C000000 		.4byte	.LFE75-.LFB75
 742 02f1 01       		.uleb128 0x1
 743 02f2 9C       		.byte	0x9c
 744 02f3 18       		.uleb128 0x18
 745 02f4 72010000 		.4byte	.LASF37
 746 02f8 05       		.byte	0x5
 747 02f9 1207     		.2byte	0x712
 748 02fb FF020000 		.4byte	0x2ff
 749 02ff 08       		.uleb128 0x8
 750 0300 92000000 		.4byte	0x92
 751 0304 19       		.uleb128 0x19
 752 0305 DC020000 		.4byte	.LASF38
 753 0309 01       		.byte	0x1
 754 030a 1F       		.byte	0x1f
 755 030b A9000000 		.4byte	0xa9
 756 030f 00       		.byte	0
 757              		.section	.debug_abbrev,"",%progbits
 758              	.Ldebug_abbrev0:
 759 0000 01       		.uleb128 0x1
 760 0001 11       		.uleb128 0x11
 761 0002 01       		.byte	0x1
 762 0003 25       		.uleb128 0x25
 763 0004 0E       		.uleb128 0xe
 764 0005 13       		.uleb128 0x13
 765 0006 0B       		.uleb128 0xb
 766 0007 03       		.uleb128 0x3
 767 0008 0E       		.uleb128 0xe
 768 0009 1B       		.uleb128 0x1b
 769 000a 0E       		.uleb128 0xe
 770 000b 55       		.uleb128 0x55
 771 000c 17       		.uleb128 0x17
 772 000d 11       		.uleb128 0x11
 773 000e 01       		.uleb128 0x1
 774 000f 10       		.uleb128 0x10
 775 0010 17       		.uleb128 0x17
 776 0011 00       		.byte	0
 777 0012 00       		.byte	0
 778 0013 02       		.uleb128 0x2
 779 0014 24       		.uleb128 0x24
 780 0015 00       		.byte	0
ARM GAS  C:\Users\pcoud\AppData\Local\Temp\ccsJEvzk.s 			page 22


 781 0016 0B       		.uleb128 0xb
 782 0017 0B       		.uleb128 0xb
 783 0018 3E       		.uleb128 0x3e
 784 0019 0B       		.uleb128 0xb
 785 001a 03       		.uleb128 0x3
 786 001b 08       		.uleb128 0x8
 787 001c 00       		.byte	0
 788 001d 00       		.byte	0
 789 001e 03       		.uleb128 0x3
 790 001f 24       		.uleb128 0x24
 791 0020 00       		.byte	0
 792 0021 0B       		.uleb128 0xb
 793 0022 0B       		.uleb128 0xb
 794 0023 3E       		.uleb128 0x3e
 795 0024 0B       		.uleb128 0xb
 796 0025 03       		.uleb128 0x3
 797 0026 0E       		.uleb128 0xe
 798 0027 00       		.byte	0
 799 0028 00       		.byte	0
 800 0029 04       		.uleb128 0x4
 801 002a 16       		.uleb128 0x16
 802 002b 00       		.byte	0
 803 002c 03       		.uleb128 0x3
 804 002d 0E       		.uleb128 0xe
 805 002e 3A       		.uleb128 0x3a
 806 002f 0B       		.uleb128 0xb
 807 0030 3B       		.uleb128 0x3b
 808 0031 0B       		.uleb128 0xb
 809 0032 49       		.uleb128 0x49
 810 0033 13       		.uleb128 0x13
 811 0034 00       		.byte	0
 812 0035 00       		.byte	0
 813 0036 05       		.uleb128 0x5
 814 0037 0F       		.uleb128 0xf
 815 0038 00       		.byte	0
 816 0039 0B       		.uleb128 0xb
 817 003a 0B       		.uleb128 0xb
 818 003b 49       		.uleb128 0x49
 819 003c 13       		.uleb128 0x13
 820 003d 00       		.byte	0
 821 003e 00       		.byte	0
 822 003f 06       		.uleb128 0x6
 823 0040 15       		.uleb128 0x15
 824 0041 00       		.byte	0
 825 0042 27       		.uleb128 0x27
 826 0043 19       		.uleb128 0x19
 827 0044 00       		.byte	0
 828 0045 00       		.byte	0
 829 0046 07       		.uleb128 0x7
 830 0047 16       		.uleb128 0x16
 831 0048 00       		.byte	0
 832 0049 03       		.uleb128 0x3
 833 004a 0E       		.uleb128 0xe
 834 004b 3A       		.uleb128 0x3a
 835 004c 0B       		.uleb128 0xb
 836 004d 3B       		.uleb128 0x3b
 837 004e 05       		.uleb128 0x5
ARM GAS  C:\Users\pcoud\AppData\Local\Temp\ccsJEvzk.s 			page 23


 838 004f 49       		.uleb128 0x49
 839 0050 13       		.uleb128 0x13
 840 0051 00       		.byte	0
 841 0052 00       		.byte	0
 842 0053 08       		.uleb128 0x8
 843 0054 35       		.uleb128 0x35
 844 0055 00       		.byte	0
 845 0056 49       		.uleb128 0x49
 846 0057 13       		.uleb128 0x13
 847 0058 00       		.byte	0
 848 0059 00       		.byte	0
 849 005a 09       		.uleb128 0x9
 850 005b 2E       		.uleb128 0x2e
 851 005c 00       		.byte	0
 852 005d 3F       		.uleb128 0x3f
 853 005e 19       		.uleb128 0x19
 854 005f 03       		.uleb128 0x3
 855 0060 0E       		.uleb128 0xe
 856 0061 3A       		.uleb128 0x3a
 857 0062 0B       		.uleb128 0xb
 858 0063 3B       		.uleb128 0x3b
 859 0064 0B       		.uleb128 0xb
 860 0065 27       		.uleb128 0x27
 861 0066 19       		.uleb128 0x19
 862 0067 11       		.uleb128 0x11
 863 0068 01       		.uleb128 0x1
 864 0069 12       		.uleb128 0x12
 865 006a 06       		.uleb128 0x6
 866 006b 40       		.uleb128 0x40
 867 006c 18       		.uleb128 0x18
 868 006d 9742     		.uleb128 0x2117
 869 006f 19       		.uleb128 0x19
 870 0070 00       		.byte	0
 871 0071 00       		.byte	0
 872 0072 0A       		.uleb128 0xa
 873 0073 2E       		.uleb128 0x2e
 874 0074 01       		.byte	0x1
 875 0075 3F       		.uleb128 0x3f
 876 0076 19       		.uleb128 0x19
 877 0077 03       		.uleb128 0x3
 878 0078 0E       		.uleb128 0xe
 879 0079 3A       		.uleb128 0x3a
 880 007a 0B       		.uleb128 0xb
 881 007b 3B       		.uleb128 0x3b
 882 007c 0B       		.uleb128 0xb
 883 007d 27       		.uleb128 0x27
 884 007e 19       		.uleb128 0x19
 885 007f 11       		.uleb128 0x11
 886 0080 01       		.uleb128 0x1
 887 0081 12       		.uleb128 0x12
 888 0082 06       		.uleb128 0x6
 889 0083 40       		.uleb128 0x40
 890 0084 18       		.uleb128 0x18
 891 0085 9742     		.uleb128 0x2117
 892 0087 19       		.uleb128 0x19
 893 0088 01       		.uleb128 0x1
 894 0089 13       		.uleb128 0x13
ARM GAS  C:\Users\pcoud\AppData\Local\Temp\ccsJEvzk.s 			page 24


 895 008a 00       		.byte	0
 896 008b 00       		.byte	0
 897 008c 0B       		.uleb128 0xb
 898 008d 05       		.uleb128 0x5
 899 008e 00       		.byte	0
 900 008f 03       		.uleb128 0x3
 901 0090 0E       		.uleb128 0xe
 902 0091 3A       		.uleb128 0x3a
 903 0092 0B       		.uleb128 0xb
 904 0093 3B       		.uleb128 0x3b
 905 0094 0B       		.uleb128 0xb
 906 0095 49       		.uleb128 0x49
 907 0096 13       		.uleb128 0x13
 908 0097 02       		.uleb128 0x2
 909 0098 18       		.uleb128 0x18
 910 0099 00       		.byte	0
 911 009a 00       		.byte	0
 912 009b 0C       		.uleb128 0xc
 913 009c 34       		.uleb128 0x34
 914 009d 00       		.byte	0
 915 009e 03       		.uleb128 0x3
 916 009f 0E       		.uleb128 0xe
 917 00a0 3A       		.uleb128 0x3a
 918 00a1 0B       		.uleb128 0xb
 919 00a2 3B       		.uleb128 0x3b
 920 00a3 0B       		.uleb128 0xb
 921 00a4 49       		.uleb128 0x49
 922 00a5 13       		.uleb128 0x13
 923 00a6 02       		.uleb128 0x2
 924 00a7 18       		.uleb128 0x18
 925 00a8 00       		.byte	0
 926 00a9 00       		.byte	0
 927 00aa 0D       		.uleb128 0xd
 928 00ab 2E       		.uleb128 0x2e
 929 00ac 01       		.byte	0x1
 930 00ad 3F       		.uleb128 0x3f
 931 00ae 19       		.uleb128 0x19
 932 00af 03       		.uleb128 0x3
 933 00b0 0E       		.uleb128 0xe
 934 00b1 3A       		.uleb128 0x3a
 935 00b2 0B       		.uleb128 0xb
 936 00b3 3B       		.uleb128 0x3b
 937 00b4 0B       		.uleb128 0xb
 938 00b5 27       		.uleb128 0x27
 939 00b6 19       		.uleb128 0x19
 940 00b7 49       		.uleb128 0x49
 941 00b8 13       		.uleb128 0x13
 942 00b9 11       		.uleb128 0x11
 943 00ba 01       		.uleb128 0x1
 944 00bb 12       		.uleb128 0x12
 945 00bc 06       		.uleb128 0x6
 946 00bd 40       		.uleb128 0x40
 947 00be 18       		.uleb128 0x18
 948 00bf 9742     		.uleb128 0x2117
 949 00c1 19       		.uleb128 0x19
 950 00c2 01       		.uleb128 0x1
 951 00c3 13       		.uleb128 0x13
ARM GAS  C:\Users\pcoud\AppData\Local\Temp\ccsJEvzk.s 			page 25


 952 00c4 00       		.byte	0
 953 00c5 00       		.byte	0
 954 00c6 0E       		.uleb128 0xe
 955 00c7 2E       		.uleb128 0x2e
 956 00c8 01       		.byte	0x1
 957 00c9 3F       		.uleb128 0x3f
 958 00ca 19       		.uleb128 0x19
 959 00cb 03       		.uleb128 0x3
 960 00cc 0E       		.uleb128 0xe
 961 00cd 3A       		.uleb128 0x3a
 962 00ce 0B       		.uleb128 0xb
 963 00cf 3B       		.uleb128 0x3b
 964 00d0 05       		.uleb128 0x5
 965 00d1 27       		.uleb128 0x27
 966 00d2 19       		.uleb128 0x19
 967 00d3 11       		.uleb128 0x11
 968 00d4 01       		.uleb128 0x1
 969 00d5 12       		.uleb128 0x12
 970 00d6 06       		.uleb128 0x6
 971 00d7 40       		.uleb128 0x40
 972 00d8 18       		.uleb128 0x18
 973 00d9 9742     		.uleb128 0x2117
 974 00db 19       		.uleb128 0x19
 975 00dc 01       		.uleb128 0x1
 976 00dd 13       		.uleb128 0x13
 977 00de 00       		.byte	0
 978 00df 00       		.byte	0
 979 00e0 0F       		.uleb128 0xf
 980 00e1 05       		.uleb128 0x5
 981 00e2 00       		.byte	0
 982 00e3 03       		.uleb128 0x3
 983 00e4 0E       		.uleb128 0xe
 984 00e5 3A       		.uleb128 0x3a
 985 00e6 0B       		.uleb128 0xb
 986 00e7 3B       		.uleb128 0x3b
 987 00e8 05       		.uleb128 0x5
 988 00e9 49       		.uleb128 0x49
 989 00ea 13       		.uleb128 0x13
 990 00eb 02       		.uleb128 0x2
 991 00ec 17       		.uleb128 0x17
 992 00ed 00       		.byte	0
 993 00ee 00       		.byte	0
 994 00ef 10       		.uleb128 0x10
 995 00f0 2E       		.uleb128 0x2e
 996 00f1 01       		.byte	0x1
 997 00f2 3F       		.uleb128 0x3f
 998 00f3 19       		.uleb128 0x19
 999 00f4 03       		.uleb128 0x3
 1000 00f5 0E       		.uleb128 0xe
 1001 00f6 3A       		.uleb128 0x3a
 1002 00f7 0B       		.uleb128 0xb
 1003 00f8 3B       		.uleb128 0x3b
 1004 00f9 05       		.uleb128 0x5
 1005 00fa 27       		.uleb128 0x27
 1006 00fb 19       		.uleb128 0x19
 1007 00fc 49       		.uleb128 0x49
 1008 00fd 13       		.uleb128 0x13
ARM GAS  C:\Users\pcoud\AppData\Local\Temp\ccsJEvzk.s 			page 26


 1009 00fe 11       		.uleb128 0x11
 1010 00ff 01       		.uleb128 0x1
 1011 0100 12       		.uleb128 0x12
 1012 0101 06       		.uleb128 0x6
 1013 0102 40       		.uleb128 0x40
 1014 0103 18       		.uleb128 0x18
 1015 0104 9742     		.uleb128 0x2117
 1016 0106 19       		.uleb128 0x19
 1017 0107 01       		.uleb128 0x1
 1018 0108 13       		.uleb128 0x13
 1019 0109 00       		.byte	0
 1020 010a 00       		.byte	0
 1021 010b 11       		.uleb128 0x11
 1022 010c 34       		.uleb128 0x34
 1023 010d 00       		.byte	0
 1024 010e 03       		.uleb128 0x3
 1025 010f 0E       		.uleb128 0xe
 1026 0110 3A       		.uleb128 0x3a
 1027 0111 0B       		.uleb128 0xb
 1028 0112 3B       		.uleb128 0x3b
 1029 0113 05       		.uleb128 0x5
 1030 0114 49       		.uleb128 0x49
 1031 0115 13       		.uleb128 0x13
 1032 0116 02       		.uleb128 0x2
 1033 0117 17       		.uleb128 0x17
 1034 0118 00       		.byte	0
 1035 0119 00       		.byte	0
 1036 011a 12       		.uleb128 0x12
 1037 011b 2E       		.uleb128 0x2e
 1038 011c 00       		.byte	0
 1039 011d 3F       		.uleb128 0x3f
 1040 011e 19       		.uleb128 0x19
 1041 011f 03       		.uleb128 0x3
 1042 0120 0E       		.uleb128 0xe
 1043 0121 3A       		.uleb128 0x3a
 1044 0122 0B       		.uleb128 0xb
 1045 0123 3B       		.uleb128 0x3b
 1046 0124 05       		.uleb128 0x5
 1047 0125 27       		.uleb128 0x27
 1048 0126 19       		.uleb128 0x19
 1049 0127 11       		.uleb128 0x11
 1050 0128 01       		.uleb128 0x1
 1051 0129 12       		.uleb128 0x12
 1052 012a 06       		.uleb128 0x6
 1053 012b 40       		.uleb128 0x40
 1054 012c 18       		.uleb128 0x18
 1055 012d 9742     		.uleb128 0x2117
 1056 012f 19       		.uleb128 0x19
 1057 0130 00       		.byte	0
 1058 0131 00       		.byte	0
 1059 0132 13       		.uleb128 0x13
 1060 0133 2E       		.uleb128 0x2e
 1061 0134 00       		.byte	0
 1062 0135 3F       		.uleb128 0x3f
 1063 0136 19       		.uleb128 0x19
 1064 0137 03       		.uleb128 0x3
 1065 0138 0E       		.uleb128 0xe
ARM GAS  C:\Users\pcoud\AppData\Local\Temp\ccsJEvzk.s 			page 27


 1066 0139 3A       		.uleb128 0x3a
 1067 013a 0B       		.uleb128 0xb
 1068 013b 3B       		.uleb128 0x3b
 1069 013c 05       		.uleb128 0x5
 1070 013d 27       		.uleb128 0x27
 1071 013e 19       		.uleb128 0x19
 1072 013f 49       		.uleb128 0x49
 1073 0140 13       		.uleb128 0x13
 1074 0141 11       		.uleb128 0x11
 1075 0142 01       		.uleb128 0x1
 1076 0143 12       		.uleb128 0x12
 1077 0144 06       		.uleb128 0x6
 1078 0145 40       		.uleb128 0x40
 1079 0146 18       		.uleb128 0x18
 1080 0147 9742     		.uleb128 0x2117
 1081 0149 19       		.uleb128 0x19
 1082 014a 00       		.byte	0
 1083 014b 00       		.byte	0
 1084 014c 14       		.uleb128 0x14
 1085 014d 898201   		.uleb128 0x4109
 1086 0150 00       		.byte	0
 1087 0151 11       		.uleb128 0x11
 1088 0152 01       		.uleb128 0x1
 1089 0153 31       		.uleb128 0x31
 1090 0154 13       		.uleb128 0x13
 1091 0155 00       		.byte	0
 1092 0156 00       		.byte	0
 1093 0157 15       		.uleb128 0x15
 1094 0158 898201   		.uleb128 0x4109
 1095 015b 01       		.byte	0x1
 1096 015c 11       		.uleb128 0x11
 1097 015d 01       		.uleb128 0x1
 1098 015e 31       		.uleb128 0x31
 1099 015f 13       		.uleb128 0x13
 1100 0160 01       		.uleb128 0x1
 1101 0161 13       		.uleb128 0x13
 1102 0162 00       		.byte	0
 1103 0163 00       		.byte	0
 1104 0164 16       		.uleb128 0x16
 1105 0165 8A8201   		.uleb128 0x410a
 1106 0168 00       		.byte	0
 1107 0169 02       		.uleb128 0x2
 1108 016a 18       		.uleb128 0x18
 1109 016b 9142     		.uleb128 0x2111
 1110 016d 18       		.uleb128 0x18
 1111 016e 00       		.byte	0
 1112 016f 00       		.byte	0
 1113 0170 17       		.uleb128 0x17
 1114 0171 05       		.uleb128 0x5
 1115 0172 00       		.byte	0
 1116 0173 03       		.uleb128 0x3
 1117 0174 0E       		.uleb128 0xe
 1118 0175 3A       		.uleb128 0x3a
 1119 0176 0B       		.uleb128 0xb
 1120 0177 3B       		.uleb128 0x3b
 1121 0178 0B       		.uleb128 0xb
 1122 0179 49       		.uleb128 0x49
ARM GAS  C:\Users\pcoud\AppData\Local\Temp\ccsJEvzk.s 			page 28


 1123 017a 13       		.uleb128 0x13
 1124 017b 02       		.uleb128 0x2
 1125 017c 17       		.uleb128 0x17
 1126 017d 00       		.byte	0
 1127 017e 00       		.byte	0
 1128 017f 18       		.uleb128 0x18
 1129 0180 34       		.uleb128 0x34
 1130 0181 00       		.byte	0
 1131 0182 03       		.uleb128 0x3
 1132 0183 0E       		.uleb128 0xe
 1133 0184 3A       		.uleb128 0x3a
 1134 0185 0B       		.uleb128 0xb
 1135 0186 3B       		.uleb128 0x3b
 1136 0187 05       		.uleb128 0x5
 1137 0188 49       		.uleb128 0x49
 1138 0189 13       		.uleb128 0x13
 1139 018a 3F       		.uleb128 0x3f
 1140 018b 19       		.uleb128 0x19
 1141 018c 3C       		.uleb128 0x3c
 1142 018d 19       		.uleb128 0x19
 1143 018e 00       		.byte	0
 1144 018f 00       		.byte	0
 1145 0190 19       		.uleb128 0x19
 1146 0191 34       		.uleb128 0x34
 1147 0192 00       		.byte	0
 1148 0193 03       		.uleb128 0x3
 1149 0194 0E       		.uleb128 0xe
 1150 0195 3A       		.uleb128 0x3a
 1151 0196 0B       		.uleb128 0xb
 1152 0197 3B       		.uleb128 0x3b
 1153 0198 0B       		.uleb128 0xb
 1154 0199 49       		.uleb128 0x49
 1155 019a 13       		.uleb128 0x13
 1156 019b 3F       		.uleb128 0x3f
 1157 019c 19       		.uleb128 0x19
 1158 019d 3C       		.uleb128 0x3c
 1159 019e 19       		.uleb128 0x19
 1160 019f 00       		.byte	0
 1161 01a0 00       		.byte	0
 1162 01a1 00       		.byte	0
 1163              		.section	.debug_loc,"",%progbits
 1164              	.Ldebug_loc0:
 1165              	.LLST0:
 1166 0000 00000000 		.4byte	.LVL3
 1167 0004 02000000 		.4byte	.LVL4
 1168 0008 0100     		.2byte	0x1
 1169 000a 50       		.byte	0x50
 1170 000b 02000000 		.4byte	.LVL4
 1171 000f 10000000 		.4byte	.LFE69
 1172 0013 0400     		.2byte	0x4
 1173 0015 F3       		.byte	0xf3
 1174 0016 01       		.uleb128 0x1
 1175 0017 50       		.byte	0x50
 1176 0018 9F       		.byte	0x9f
 1177 0019 00000000 		.4byte	0
 1178 001d 00000000 		.4byte	0
 1179              	.LLST1:
ARM GAS  C:\Users\pcoud\AppData\Local\Temp\ccsJEvzk.s 			page 29


 1180 0021 04000000 		.4byte	.LVL5
 1181 0025 06000000 		.4byte	.LVL6
 1182 0029 0500     		.2byte	0x5
 1183 002b 70       		.byte	0x70
 1184 002c 00       		.sleb128 0
 1185 002d 35       		.byte	0x35
 1186 002e 25       		.byte	0x25
 1187 002f 9F       		.byte	0x9f
 1188 0030 00000000 		.4byte	0
 1189 0034 00000000 		.4byte	0
 1190              	.LLST2:
 1191 0038 00000000 		.4byte	.LVL11
 1192 003c 07000000 		.4byte	.LVL12-1
 1193 0040 0100     		.2byte	0x1
 1194 0042 50       		.byte	0x50
 1195 0043 07000000 		.4byte	.LVL12-1
 1196 0047 1A000000 		.4byte	.LFE64
 1197 004b 0100     		.2byte	0x1
 1198 004d 54       		.byte	0x54
 1199 004e 00000000 		.4byte	0
 1200 0052 00000000 		.4byte	0
 1201              		.section	.debug_aranges,"",%progbits
 1202 0000 7C000000 		.4byte	0x7c
 1203 0004 0200     		.2byte	0x2
 1204 0006 00000000 		.4byte	.Ldebug_info0
 1205 000a 04       		.byte	0x4
 1206 000b 00       		.byte	0
 1207 000c 0000     		.2byte	0
 1208 000e 0000     		.2byte	0
 1209 0010 00000000 		.4byte	.LFB66
 1210 0014 10000000 		.4byte	.LFE66-.LFB66
 1211 0018 00000000 		.4byte	.LFB67
 1212 001c 0C000000 		.4byte	.LFE67-.LFB67
 1213 0020 00000000 		.4byte	.LFB68
 1214 0024 0C000000 		.4byte	.LFE68-.LFB68
 1215 0028 00000000 		.4byte	.LFB69
 1216 002c 10000000 		.4byte	.LFE69-.LFB69
 1217 0030 00000000 		.4byte	.LFB70
 1218 0034 0C000000 		.4byte	.LFE70-.LFB70
 1219 0038 00000000 		.4byte	.LFB71
 1220 003c 0C000000 		.4byte	.LFE71-.LFB71
 1221 0040 00000000 		.4byte	.LFB72
 1222 0044 18000000 		.4byte	.LFE72-.LFB72
 1223 0048 00000000 		.4byte	.LFB73
 1224 004c 0C000000 		.4byte	.LFE73-.LFB73
 1225 0050 00000000 		.4byte	.LFB63
 1226 0054 1C000000 		.4byte	.LFE63-.LFB63
 1227 0058 00000000 		.4byte	.LFB64
 1228 005c 1A000000 		.4byte	.LFE64-.LFB64
 1229 0060 00000000 		.4byte	.LFB65
 1230 0064 14000000 		.4byte	.LFE65-.LFB65
 1231 0068 00000000 		.4byte	.LFB74
 1232 006c 0C000000 		.4byte	.LFE74-.LFB74
 1233 0070 00000000 		.4byte	.LFB75
 1234 0074 0C000000 		.4byte	.LFE75-.LFB75
 1235 0078 00000000 		.4byte	0
 1236 007c 00000000 		.4byte	0
ARM GAS  C:\Users\pcoud\AppData\Local\Temp\ccsJEvzk.s 			page 30


 1237              		.section	.debug_ranges,"",%progbits
 1238              	.Ldebug_ranges0:
 1239 0000 00000000 		.4byte	.LFB66
 1240 0004 10000000 		.4byte	.LFE66
 1241 0008 00000000 		.4byte	.LFB67
 1242 000c 0C000000 		.4byte	.LFE67
 1243 0010 00000000 		.4byte	.LFB68
 1244 0014 0C000000 		.4byte	.LFE68
 1245 0018 00000000 		.4byte	.LFB69
 1246 001c 10000000 		.4byte	.LFE69
 1247 0020 00000000 		.4byte	.LFB70
 1248 0024 0C000000 		.4byte	.LFE70
 1249 0028 00000000 		.4byte	.LFB71
 1250 002c 0C000000 		.4byte	.LFE71
 1251 0030 00000000 		.4byte	.LFB72
 1252 0034 18000000 		.4byte	.LFE72
 1253 0038 00000000 		.4byte	.LFB73
 1254 003c 0C000000 		.4byte	.LFE73
 1255 0040 00000000 		.4byte	.LFB63
 1256 0044 1C000000 		.4byte	.LFE63
 1257 0048 00000000 		.4byte	.LFB64
 1258 004c 1A000000 		.4byte	.LFE64
 1259 0050 00000000 		.4byte	.LFB65
 1260 0054 14000000 		.4byte	.LFE65
 1261 0058 00000000 		.4byte	.LFB74
 1262 005c 0C000000 		.4byte	.LFE74
 1263 0060 00000000 		.4byte	.LFB75
 1264 0064 0C000000 		.4byte	.LFE75
 1265 0068 00000000 		.4byte	0
 1266 006c 00000000 		.4byte	0
 1267              		.section	.debug_line,"",%progbits
 1268              	.Ldebug_line0:
 1269 0000 3C020000 		.section	.debug_str,"MS",%progbits,1
 1269      02004F01 
 1269      00000201 
 1269      FB0E0D00 
 1269      01010101 
 1270              	.LASF20:
 1271 0000 72656733 		.ascii	"reg32\000"
 1271      3200
 1272              	.LASF31:
 1273 0006 6973725F 		.ascii	"isr_rch_Disable\000"
 1273      7263685F 
 1273      44697361 
 1273      626C6500 
 1274              	.LASF12:
 1275 0016 5F5F696E 		.ascii	"__int32_t\000"
 1275      7433325F 
 1275      7400
 1276              	.LASF24:
 1277 0020 6973725F 		.ascii	"isr_rch_SetPriority\000"
 1277      7263685F 
 1277      53657450 
 1277      72696F72 
 1277      69747900 
 1278              	.LASF27:
 1279 0034 6973725F 		.ascii	"isr_rch_GetVector\000"
ARM GAS  C:\Users\pcoud\AppData\Local\Temp\ccsJEvzk.s 			page 31


 1279      7263685F 
 1279      47657456 
 1279      6563746F 
 1279      7200
 1280              	.LASF29:
 1281 0046 6973725F 		.ascii	"isr_rch_Interrupt\000"
 1281      7263685F 
 1281      496E7465 
 1281      72727570 
 1281      7400
 1282              	.LASF17:
 1283 0058 666C6F61 		.ascii	"float\000"
 1283      7400
 1284              	.LASF23:
 1285 005e 6973725F 		.ascii	"isr_rch_SetVector\000"
 1285      7263685F 
 1285      53657456 
 1285      6563746F 
 1285      7200
 1286              	.LASF14:
 1287 0070 75696E74 		.ascii	"uint8\000"
 1287      3800
 1288              	.LASF4:
 1289 0076 756E7369 		.ascii	"unsigned char\000"
 1289      676E6564 
 1289      20636861 
 1289      7200
 1290              	.LASF39:
 1291 0084 474E5520 		.ascii	"GNU C11 5.4.1 20160609 (release) [ARM/embedded-5-br"
 1291      43313120 
 1291      352E342E 
 1291      31203230 
 1291      31363036 
 1292 00b7 616E6368 		.ascii	"anch revision 237715] -mcpu=cortex-m3 -mthumb -g -O"
 1292      20726576 
 1292      6973696F 
 1292      6E203233 
 1292      37373135 
 1293 00ea 67202D66 		.ascii	"g -ffunction-sections -ffat-lto-objects\000"
 1293      66756E63 
 1293      74696F6E 
 1293      2D736563 
 1293      74696F6E 
 1294              	.LASF19:
 1295 0112 72656738 		.ascii	"reg8\000"
 1295      00
 1296              	.LASF8:
 1297 0117 6C6F6E67 		.ascii	"long unsigned int\000"
 1297      20756E73 
 1297      69676E65 
 1297      6420696E 
 1297      7400
 1298              	.LASF41:
 1299 0129 433A5C55 		.ascii	"C:\\Users\\pcoud\\githup\\psoc\\ferme\\transmi_cart"
 1299      73657273 
 1299      5C70636F 
 1299      75645C67 
ARM GAS  C:\Users\pcoud\AppData\Local\Temp\ccsJEvzk.s 			page 32


 1299      69746875 
 1300 0156 65732E63 		.ascii	"es.cydsn\000"
 1300      7964736E 
 1300      00
 1301              	.LASF6:
 1302 015f 73686F72 		.ascii	"short unsigned int\000"
 1302      7420756E 
 1302      7369676E 
 1302      65642069 
 1302      6E7400
 1303              	.LASF37:
 1304 0172 49544D5F 		.ascii	"ITM_RxBuffer\000"
 1304      52784275 
 1304      66666572 
 1304      00
 1305              	.LASF40:
 1306 017f 47656E65 		.ascii	"Generated_Source\\PSoC5\\isr_rch.c\000"
 1306      72617465 
 1306      645F536F 
 1306      75726365 
 1306      5C50536F 
 1307              	.LASF36:
 1308 01a0 6973725F 		.ascii	"isr_rch_ClearPending\000"
 1308      7263685F 
 1308      436C6561 
 1308      7250656E 
 1308      64696E67 
 1309              	.LASF18:
 1310 01b5 646F7562 		.ascii	"double\000"
 1310      6C6500
 1311              	.LASF5:
 1312 01bc 73686F72 		.ascii	"short int\000"
 1312      7420696E 
 1312      7400
 1313              	.LASF26:
 1314 01c6 7072696F 		.ascii	"priority\000"
 1314      72697479 
 1314      00
 1315              	.LASF15:
 1316 01cf 75696E74 		.ascii	"uint16\000"
 1316      313600
 1317              	.LASF16:
 1318 01d6 75696E74 		.ascii	"uint32\000"
 1318      333200
 1319              	.LASF0:
 1320 01dd 756E7369 		.ascii	"unsigned int\000"
 1320      676E6564 
 1320      20696E74 
 1320      00
 1321              	.LASF25:
 1322 01ea 61646472 		.ascii	"address\000"
 1322      65737300 
 1323              	.LASF9:
 1324 01f2 6C6F6E67 		.ascii	"long long unsigned int\000"
 1324      206C6F6E 
 1324      6720756E 
 1324      7369676E 
ARM GAS  C:\Users\pcoud\AppData\Local\Temp\ccsJEvzk.s 			page 33


 1324      65642069 
 1325              	.LASF35:
 1326 0209 6973725F 		.ascii	"isr_rch_SetPending\000"
 1326      7263685F 
 1326      53657450 
 1326      656E6469 
 1326      6E6700
 1327              	.LASF32:
 1328 021c 6973725F 		.ascii	"isr_rch_Start\000"
 1328      7263685F 
 1328      53746172 
 1328      7400
 1329              	.LASF21:
 1330 022a 63796973 		.ascii	"cyisraddress\000"
 1330      72616464 
 1330      72657373 
 1330      00
 1331              	.LASF42:
 1332 0237 6973725F 		.ascii	"isr_rch_GetState\000"
 1332      7263685F 
 1332      47657453 
 1332      74617465 
 1332      00
 1333              	.LASF13:
 1334 0248 696E7433 		.ascii	"int32_t\000"
 1334      325F7400 
 1335              	.LASF10:
 1336 0250 73697A65 		.ascii	"sizetype\000"
 1336      74797065 
 1336      00
 1337              	.LASF1:
 1338 0259 6C6F6E67 		.ascii	"long long int\000"
 1338      206C6F6E 
 1338      6720696E 
 1338      7400
 1339              	.LASF11:
 1340 0267 63686172 		.ascii	"char\000"
 1340      00
 1341              	.LASF22:
 1342 026c 72616D56 		.ascii	"ramVectorTable\000"
 1342      6563746F 
 1342      72546162 
 1342      6C6500
 1343              	.LASF30:
 1344 027b 6973725F 		.ascii	"isr_rch_Enable\000"
 1344      7263685F 
 1344      456E6162 
 1344      6C6500
 1345              	.LASF34:
 1346 028a 6973725F 		.ascii	"isr_rch_Stop\000"
 1346      7263685F 
 1346      53746F70 
 1346      00
 1347              	.LASF28:
 1348 0297 6973725F 		.ascii	"isr_rch_GetPriority\000"
 1348      7263685F 
 1348      47657450 
ARM GAS  C:\Users\pcoud\AppData\Local\Temp\ccsJEvzk.s 			page 34


 1348      72696F72 
 1348      69747900 
 1349              	.LASF7:
 1350 02ab 6C6F6E67 		.ascii	"long int\000"
 1350      20696E74 
 1350      00
 1351              	.LASF2:
 1352 02b4 6C6F6E67 		.ascii	"long double\000"
 1352      20646F75 
 1352      626C6500 
 1353              	.LASF3:
 1354 02c0 7369676E 		.ascii	"signed char\000"
 1354      65642063 
 1354      68617200 
 1355              	.LASF33:
 1356 02cc 6973725F 		.ascii	"isr_rch_StartEx\000"
 1356      7263685F 
 1356      53746172 
 1356      74457800 
 1357              	.LASF38:
 1358 02dc 6469736A 		.ascii	"disjon\000"
 1358      6F6E00
 1359              		.ident	"GCC: (GNU Tools for ARM Embedded Processors) 5.4.1 20160609 (release) [ARM/embedded-5-bran
