ARM GAS  C:\Users\pcoud\AppData\Local\Temp\cctXU0I8.s 			page 1


   1              		.syntax unified
   2              		.cpu cortex-m3
   3              		.fpu softvfp
   4              		.eabi_attribute 20, 1
   5              		.eabi_attribute 21, 1
   6              		.eabi_attribute 23, 3
   7              		.eabi_attribute 24, 1
   8              		.eabi_attribute 25, 1
   9              		.eabi_attribute 26, 1
  10              		.eabi_attribute 30, 1
  11              		.eabi_attribute 34, 1
  12              		.eabi_attribute 18, 4
  13              		.thumb
  14              		.syntax unified
  15              		.file	"main.c"
  16              		.text
  17              	.Ltext0:
  18              		.cfi_sections	.debug_frame
  19              		.section	.text.lecture_reserv,"ax",%progbits
  20              		.align	2
  21              		.global	lecture_reserv
  22              		.thumb
  23              		.thumb_func
  24              		.type	lecture_reserv, %function
  25              	lecture_reserv:
  26              	.LFB64:
  27              		.file 1 "main.c"
   1:main.c        **** /* ========================================
   2:main.c        ****  *
   3:main.c        ****  * Copyright Couderc Pierre, 2019
   4:main.c        ****  * All Rights Reserved
   5:main.c        ****  * UNPUBLISHED, LICENSED SOFTWARE.
   6:main.c        ****  *
   7:main.c        ****  * CONFIDENTIAL AND PROPRIETARY INFORMATION
   8:main.c        ****  * WHICH IS THE PROPERTY OF your company.
   9:main.c        ****  *
  10:main.c        ****  * ========================================
  11:main.c        **** */
  12:main.c        **** #include "project.h"
  13:main.c        **** #include "string.h"
  14:main.c        **** #include "stdio.h"    //Pour Sprintf
  15:main.c        **** 
  16:main.c        **** uint16 batverte, batrouge,panneau,disjon;
  17:main.c        **** char strbat[2],strdis[2],strpan[2];
  18:main.c        **** 
  19:main.c        **** //char strbatv[5],strbatr[5];
  20:main.c        **** 
  21:main.c        **** char niv_reserv[3]; // Niveau d'eau du réservoir 
  22:main.c        **** char message[35];   // Pour la réception de la réponse SIGFOX
  23:main.c        **** char begin[15],resp[35];
  24:main.c        **** uint8 cptcar;       // Compteur caractère reçu de réponse SIGFOX
  25:main.c        **** uint8 phase,j;        // Phase réception Sigfox
  26:main.c        **** 
  27:main.c        ****   
  28:main.c        **** /********************************************START lecture niveau d'eau****************************
  29:main.c        **** void lecture_reserv(){
  28              		.loc 1 29 0
ARM GAS  C:\Users\pcoud\AppData\Local\Temp\cctXU0I8.s 			page 2


  29              		.cfi_startproc
  30              		@ args = 0, pretend = 0, frame = 0
  31              		@ frame_needed = 0, uses_anonymous_args = 0
  32 0000 10B5     		push	{r4, lr}
  33              		.cfi_def_cfa_offset 8
  34              		.cfi_offset 4, -8
  35              		.cfi_offset 14, -4
  30:main.c        ****     uint8 niv;
  31:main.c        ****     niv=niveau_Read(); 
  36              		.loc 1 31 0
  37 0002 FFF7FEFF 		bl	niveau_Read
  38              	.LVL0:
  32:main.c        ****     
  33:main.c        ****     if ( niv==0xFF) strcpy (niv_reserv,"00");
  39              		.loc 1 33 0
  40 0006 FF28     		cmp	r0, #255
  41 0008 05D1     		bne	.L2
  42              		.loc 1 33 0 is_stmt 0 discriminator 1
  43 000a 2E4B     		ldr	r3, .L13
  44 000c 2E4A     		ldr	r2, .L13+4
  45 000e 1188     		ldrh	r1, [r2]	@ unaligned
  46 0010 9278     		ldrb	r2, [r2, #2]	@ zero_extendqisi2
  47 0012 1980     		strh	r1, [r3]	@ unaligned
  48 0014 9A70     		strb	r2, [r3, #2]
  49              	.L2:
  34:main.c        ****     if ( niv==0xFE) strcpy (niv_reserv,"02");
  50              		.loc 1 34 0 is_stmt 1
  51 0016 FE28     		cmp	r0, #254
  52 0018 05D1     		bne	.L3
  53              		.loc 1 34 0 is_stmt 0 discriminator 1
  54 001a 2A4B     		ldr	r3, .L13
  55 001c 2B4A     		ldr	r2, .L13+8
  56 001e 1188     		ldrh	r1, [r2]	@ unaligned
  57 0020 9278     		ldrb	r2, [r2, #2]	@ zero_extendqisi2
  58 0022 1980     		strh	r1, [r3]	@ unaligned
  59 0024 9A70     		strb	r2, [r3, #2]
  60              	.L3:
  35:main.c        ****     if ( niv==0xFC) strcpy (niv_reserv,"04");
  61              		.loc 1 35 0 is_stmt 1
  62 0026 FC28     		cmp	r0, #252
  63 0028 05D1     		bne	.L4
  64              		.loc 1 35 0 is_stmt 0 discriminator 1
  65 002a 264B     		ldr	r3, .L13
  66 002c 284A     		ldr	r2, .L13+12
  67 002e 1188     		ldrh	r1, [r2]	@ unaligned
  68 0030 9278     		ldrb	r2, [r2, #2]	@ zero_extendqisi2
  69 0032 1980     		strh	r1, [r3]	@ unaligned
  70 0034 9A70     		strb	r2, [r3, #2]
  71              	.L4:
  36:main.c        ****     if ( niv==0xF8) strcpy (niv_reserv,"06");
  72              		.loc 1 36 0 is_stmt 1
  73 0036 F828     		cmp	r0, #248
  74 0038 05D1     		bne	.L5
  75              		.loc 1 36 0 is_stmt 0 discriminator 1
  76 003a 224B     		ldr	r3, .L13
  77 003c 254A     		ldr	r2, .L13+16
  78 003e 1188     		ldrh	r1, [r2]	@ unaligned
ARM GAS  C:\Users\pcoud\AppData\Local\Temp\cctXU0I8.s 			page 3


  79 0040 9278     		ldrb	r2, [r2, #2]	@ zero_extendqisi2
  80 0042 1980     		strh	r1, [r3]	@ unaligned
  81 0044 9A70     		strb	r2, [r3, #2]
  82              	.L5:
  37:main.c        ****     if ( niv==0xF0) strcpy (niv_reserv,"08");
  83              		.loc 1 37 0 is_stmt 1
  84 0046 F028     		cmp	r0, #240
  85 0048 05D1     		bne	.L6
  86              		.loc 1 37 0 is_stmt 0 discriminator 1
  87 004a 1E4B     		ldr	r3, .L13
  88 004c 224A     		ldr	r2, .L13+20
  89 004e 1188     		ldrh	r1, [r2]	@ unaligned
  90 0050 9278     		ldrb	r2, [r2, #2]	@ zero_extendqisi2
  91 0052 1980     		strh	r1, [r3]	@ unaligned
  92 0054 9A70     		strb	r2, [r3, #2]
  93              	.L6:
  38:main.c        ****     if ( niv==0xE0) strcpy (niv_reserv,"10");
  94              		.loc 1 38 0 is_stmt 1
  95 0056 E028     		cmp	r0, #224
  96 0058 05D1     		bne	.L7
  97              		.loc 1 38 0 is_stmt 0 discriminator 1
  98 005a 1A4B     		ldr	r3, .L13
  99 005c 1F4A     		ldr	r2, .L13+24
 100 005e 1188     		ldrh	r1, [r2]	@ unaligned
 101 0060 9278     		ldrb	r2, [r2, #2]	@ zero_extendqisi2
 102 0062 1980     		strh	r1, [r3]	@ unaligned
 103 0064 9A70     		strb	r2, [r3, #2]
 104              	.L7:
  39:main.c        ****     if ( niv==0xC0) strcpy (niv_reserv,"12");
 105              		.loc 1 39 0 is_stmt 1
 106 0066 C028     		cmp	r0, #192
 107 0068 05D1     		bne	.L8
 108              		.loc 1 39 0 is_stmt 0 discriminator 1
 109 006a 164B     		ldr	r3, .L13
 110 006c 1C4A     		ldr	r2, .L13+28
 111 006e 1188     		ldrh	r1, [r2]	@ unaligned
 112 0070 9278     		ldrb	r2, [r2, #2]	@ zero_extendqisi2
 113 0072 1980     		strh	r1, [r3]	@ unaligned
 114 0074 9A70     		strb	r2, [r3, #2]
 115              	.L8:
  40:main.c        ****     if ( niv==0x80) strcpy (niv_reserv,"14");
 116              		.loc 1 40 0 is_stmt 1
 117 0076 8028     		cmp	r0, #128
 118 0078 05D1     		bne	.L9
 119              		.loc 1 40 0 is_stmt 0 discriminator 1
 120 007a 124B     		ldr	r3, .L13
 121 007c 194A     		ldr	r2, .L13+32
 122 007e 1188     		ldrh	r1, [r2]	@ unaligned
 123 0080 9278     		ldrb	r2, [r2, #2]	@ zero_extendqisi2
 124 0082 1980     		strh	r1, [r3]	@ unaligned
 125 0084 9A70     		strb	r2, [r3, #2]
 126              	.L9:
  41:main.c        ****     if ( niv==0x00) strcpy (niv_reserv,"16"); 
 127              		.loc 1 41 0 is_stmt 1
 128 0086 28B9     		cbnz	r0, .L10
 129              		.loc 1 41 0 is_stmt 0 discriminator 1
 130 0088 0E4B     		ldr	r3, .L13
ARM GAS  C:\Users\pcoud\AppData\Local\Temp\cctXU0I8.s 			page 4


 131 008a 174A     		ldr	r2, .L13+36
 132 008c 1188     		ldrh	r1, [r2]	@ unaligned
 133 008e 9278     		ldrb	r2, [r2, #2]	@ zero_extendqisi2
 134 0090 1980     		strh	r1, [r3]	@ unaligned
 135 0092 9A70     		strb	r2, [r3, #2]
 136              	.L10:
  42:main.c        ****     if((niv!=0xFF)&&(niv!=0xFE)&&(niv!=0xFC)&&(niv!=0xF8)&&(niv!=0xF0)&&(niv!=0xE0)&&(niv!=0xC0)&&(
 137              		.loc 1 42 0 is_stmt 1
 138 0094 831C     		adds	r3, r0, #2
 139 0096 DBB2     		uxtb	r3, r3
 140 0098 012B     		cmp	r3, #1
 141 009a 12D9     		bls	.L1
 142              		.loc 1 42 0 is_stmt 0 discriminator 1
 143 009c FC28     		cmp	r0, #252
 144 009e 10D0     		beq	.L1
 145              		.loc 1 42 0 discriminator 2
 146 00a0 F828     		cmp	r0, #248
 147 00a2 0ED0     		beq	.L1
 148              		.loc 1 42 0 discriminator 3
 149 00a4 F028     		cmp	r0, #240
 150 00a6 0CD0     		beq	.L1
 151              		.loc 1 42 0 discriminator 4
 152 00a8 E028     		cmp	r0, #224
 153 00aa 0AD0     		beq	.L1
 154              		.loc 1 42 0 discriminator 5
 155 00ac C028     		cmp	r0, #192
 156 00ae 08D0     		beq	.L1
 157              		.loc 1 42 0 discriminator 6
 158 00b0 8028     		cmp	r0, #128
 159 00b2 06D0     		beq	.L1
 160              		.loc 1 42 0 discriminator 7
 161 00b4 28B1     		cbz	r0, .L1
 162              		.loc 1 42 0 discriminator 8
 163 00b6 034B     		ldr	r3, .L13
 164 00b8 0C4A     		ldr	r2, .L13+40
 165 00ba 1188     		ldrh	r1, [r2]	@ unaligned
 166 00bc 9278     		ldrb	r2, [r2, #2]	@ zero_extendqisi2
 167 00be 1980     		strh	r1, [r3]	@ unaligned
 168 00c0 9A70     		strb	r2, [r3, #2]
 169              	.L1:
 170 00c2 10BD     		pop	{r4, pc}
 171              	.L14:
 172              		.align	2
 173              	.L13:
 174 00c4 00000000 		.word	niv_reserv
 175 00c8 00000000 		.word	.LC0
 176 00cc 04000000 		.word	.LC1
 177 00d0 08000000 		.word	.LC2
 178 00d4 0C000000 		.word	.LC3
 179 00d8 10000000 		.word	.LC4
 180 00dc 14000000 		.word	.LC5
 181 00e0 18000000 		.word	.LC6
 182 00e4 1C000000 		.word	.LC7
 183 00e8 20000000 		.word	.LC8
 184 00ec 24000000 		.word	.LC9
 185              		.cfi_endproc
 186              	.LFE64:
ARM GAS  C:\Users\pcoud\AppData\Local\Temp\cctXU0I8.s 			page 5


 187              		.size	lecture_reserv, .-lecture_reserv
 188              		.section	.text.lecture_leds,"ax",%progbits
 189              		.align	2
 190              		.global	lecture_leds
 191              		.thumb
 192              		.thumb_func
 193              		.type	lecture_leds, %function
 194              	lecture_leds:
 195              	.LFB65:
  43:main.c        **** }
  44:main.c        **** /********************************************END lecture niveau d'eau******************************
  45:main.c        **** 
  46:main.c        **** 
  47:main.c        **** /********************************************START lecture LEDS************************************
  48:main.c        **** void lecture_leds(){ 
 196              		.loc 1 48 0 is_stmt 1
 197              		.cfi_startproc
 198              		@ args = 0, pretend = 0, frame = 0
 199              		@ frame_needed = 0, uses_anonymous_args = 0
 200 0000 10B5     		push	{r4, lr}
 201              		.cfi_def_cfa_offset 8
 202              		.cfi_offset 4, -8
 203              		.cfi_offset 14, -4
  49:main.c        **** /*<---LECTURE ETATS DES LEDS--->*/
  50:main.c        ****     batverte=0;
 204              		.loc 1 50 0
 205 0002 0023     		movs	r3, #0
 206 0004 434A     		ldr	r2, .L27
 207 0006 1380     		strh	r3, [r2]	@ movhi
  51:main.c        ****     batrouge=0;
 208              		.loc 1 51 0
 209 0008 434A     		ldr	r2, .L27+4
 210 000a 1380     		strh	r3, [r2]	@ movhi
  52:main.c        ****     panneau=0;
 211              		.loc 1 52 0
 212 000c 434A     		ldr	r2, .L27+8
 213 000e 1380     		strh	r3, [r2]	@ movhi
  53:main.c        ****     disjon=0;
 214              		.loc 1 53 0
 215 0010 434C     		ldr	r4, .L27+12
 216 0012 2380     		strh	r3, [r4]	@ movhi
  54:main.c        ****     isr_rbat_Start();
 217              		.loc 1 54 0
 218 0014 FFF7FEFF 		bl	isr_rbat_Start
 219              	.LVL1:
  55:main.c        ****     isr_vbat_Start();
 220              		.loc 1 55 0
 221 0018 FFF7FEFF 		bl	isr_vbat_Start
 222              	.LVL2:
  56:main.c        ****     isr_rch_Start();
 223              		.loc 1 56 0
 224 001c FFF7FEFF 		bl	isr_rch_Start
 225              	.LVL3:
  57:main.c        ****     isr_vpan_Start();
 226              		.loc 1 57 0
 227 0020 FFF7FEFF 		bl	isr_vpan_Start
 228              	.LVL4:
ARM GAS  C:\Users\pcoud\AppData\Local\Temp\cctXU0I8.s 			page 6


  58:main.c        ****     CyDelay(1000);
 229              		.loc 1 58 0
 230 0024 4FF47A70 		mov	r0, #1000
 231 0028 FFF7FEFF 		bl	CyDelay
 232              	.LVL5:
  59:main.c        ****     isr_vbat_Stop();
 233              		.loc 1 59 0
 234 002c FFF7FEFF 		bl	isr_vbat_Stop
 235              	.LVL6:
  60:main.c        ****     isr_rbat_Stop();
 236              		.loc 1 60 0
 237 0030 FFF7FEFF 		bl	isr_rbat_Stop
 238              	.LVL7:
  61:main.c        ****     isr_rch_Stop();
 239              		.loc 1 61 0
 240 0034 FFF7FEFF 		bl	isr_rch_Stop
 241              	.LVL8:
  62:main.c        ****     isr_vpan_Stop();
 242              		.loc 1 62 0
 243 0038 FFF7FEFF 		bl	isr_vpan_Stop
 244              	.LVL9:
  63:main.c        ****     //var=compteur;
  64:main.c        **** /*<---TEST LED ROUGE DISJONCTEUR--->*/
  65:main.c        ****     if(disjon>40  && disjon<60){    //Rouge fixe
 245              		.loc 1 65 0
 246 003c 2388     		ldrh	r3, [r4]
 247 003e A3F12902 		sub	r2, r3, #41
 248 0042 92B2     		uxth	r2, r2
 249 0044 122A     		cmp	r2, #18
 250 0046 03D8     		bhi	.L16
  66:main.c        ****         strcpy (strdis,"0");
 251              		.loc 1 66 0
 252 0048 364A     		ldr	r2, .L27+16
 253 004a 1188     		ldrh	r1, [r2]	@ unaligned
 254 004c 364A     		ldr	r2, .L27+20
 255 004e 1180     		strh	r1, [r2]	@ unaligned
 256              	.L16:
  67:main.c        ****     }
  68:main.c        ****     if(disjon>10  && disjon<30){    //Rouge clignote
 257              		.loc 1 68 0
 258 0050 A3F10B02 		sub	r2, r3, #11
 259 0054 92B2     		uxth	r2, r2
 260 0056 122A     		cmp	r2, #18
 261 0058 03D8     		bhi	.L17
  69:main.c        ****         strcpy (strdis,"2");
 262              		.loc 1 69 0
 263 005a 344A     		ldr	r2, .L27+24
 264 005c 1188     		ldrh	r1, [r2]	@ unaligned
 265 005e 324A     		ldr	r2, .L27+20
 266 0060 1180     		strh	r1, [r2]	@ unaligned
 267              	.L17:
  70:main.c        ****     }
  71:main.c        ****     if(disjon<10){                  //Rouge éteint
 268              		.loc 1 71 0
 269 0062 092B     		cmp	r3, #9
 270 0064 03D8     		bhi	.L18
  72:main.c        ****         strcpy (strdis,"3"); 
ARM GAS  C:\Users\pcoud\AppData\Local\Temp\cctXU0I8.s 			page 7


 271              		.loc 1 72 0
 272 0066 324B     		ldr	r3, .L27+28
 273 0068 1A88     		ldrh	r2, [r3]	@ unaligned
 274 006a 2F4B     		ldr	r3, .L27+20
 275 006c 1A80     		strh	r2, [r3]	@ unaligned
 276              	.L18:
  73:main.c        ****     }    
  74:main.c        **** /*<---TEST LED BICOLORE VERT/ROUGE BATTERIE--->*/
  75:main.c        ****     strcpy (strbat,"0");           //Erreur
 277              		.loc 1 75 0
 278 006e 2D4B     		ldr	r3, .L27+16
 279 0070 1A88     		ldrh	r2, [r3]	@ unaligned
 280 0072 304B     		ldr	r3, .L27+32
 281 0074 1A80     		strh	r2, [r3]	@ unaligned
  76:main.c        ****     if(batverte>40  && batverte<60  && batrouge<10){                //Verte fixe
 282              		.loc 1 76 0
 283 0076 274B     		ldr	r3, .L27
 284 0078 1988     		ldrh	r1, [r3]
 285 007a A1F12903 		sub	r3, r1, #41
 286 007e 9BB2     		uxth	r3, r3
 287 0080 122B     		cmp	r3, #18
 288 0082 07D8     		bhi	.L19
 289              		.loc 1 76 0 is_stmt 0 discriminator 1
 290 0084 244A     		ldr	r2, .L27+4
 291 0086 1288     		ldrh	r2, [r2]
 292 0088 092A     		cmp	r2, #9
 293 008a 03D8     		bhi	.L19
  77:main.c        ****         strcpy (strbat,"1");
 294              		.loc 1 77 0 is_stmt 1
 295 008c 2A4A     		ldr	r2, .L27+36
 296 008e 1088     		ldrh	r0, [r2]	@ unaligned
 297 0090 284A     		ldr	r2, .L27+32
 298 0092 1080     		strh	r0, [r2]	@ unaligned
 299              	.L19:
  78:main.c        ****     }
  79:main.c        ****     if(batverte>10  && batverte<30 && batrouge<10){                 //Verte clignote
 300              		.loc 1 79 0
 301 0094 A1F10B02 		sub	r2, r1, #11
 302 0098 92B2     		uxth	r2, r2
 303 009a 122A     		cmp	r2, #18
 304 009c 07D8     		bhi	.L20
 305              		.loc 1 79 0 is_stmt 0 discriminator 1
 306 009e 1E4A     		ldr	r2, .L27+4
 307 00a0 1288     		ldrh	r2, [r2]
 308 00a2 092A     		cmp	r2, #9
 309 00a4 03D8     		bhi	.L20
  80:main.c        ****         strcpy (strbat,"3");
 310              		.loc 1 80 0 is_stmt 1
 311 00a6 224A     		ldr	r2, .L27+28
 312 00a8 1088     		ldrh	r0, [r2]	@ unaligned
 313 00aa 224A     		ldr	r2, .L27+32
 314 00ac 1080     		strh	r0, [r2]	@ unaligned
 315              	.L20:
  81:main.c        ****     }
  82:main.c        ****     if(batverte>40  && batverte<60  && batrouge>40  && batrouge<60){//Orange fixe
 316              		.loc 1 82 0
 317 00ae 122B     		cmp	r3, #18
ARM GAS  C:\Users\pcoud\AppData\Local\Temp\cctXU0I8.s 			page 8


 318 00b0 09D8     		bhi	.L21
 319              		.loc 1 82 0 is_stmt 0 discriminator 1
 320 00b2 194B     		ldr	r3, .L27+4
 321 00b4 1B88     		ldrh	r3, [r3]
 322 00b6 282B     		cmp	r3, #40
 323 00b8 05D9     		bls	.L21
 324              		.loc 1 82 0 discriminator 2
 325 00ba 3B2B     		cmp	r3, #59
 326 00bc 03D8     		bhi	.L21
  83:main.c        ****         strcpy (strbat,"4");
 327              		.loc 1 83 0 is_stmt 1
 328 00be 1F4B     		ldr	r3, .L27+40
 329 00c0 1A88     		ldrh	r2, [r3]	@ unaligned
 330 00c2 1C4B     		ldr	r3, .L27+32
 331 00c4 1A80     		strh	r2, [r3]	@ unaligned
 332              	.L21:
  84:main.c        ****     }
  85:main.c        ****     if(batrouge>40  && batrouge<60 && batverte<10){                 //Rouge fixe
 333              		.loc 1 85 0
 334 00c6 144B     		ldr	r3, .L27+4
 335 00c8 1B88     		ldrh	r3, [r3]
 336 00ca 293B     		subs	r3, r3, #41
 337 00cc 9BB2     		uxth	r3, r3
 338 00ce 122B     		cmp	r3, #18
 339 00d0 05D8     		bhi	.L22
 340              		.loc 1 85 0 is_stmt 0 discriminator 1
 341 00d2 0929     		cmp	r1, #9
 342 00d4 03D8     		bhi	.L22
  86:main.c        ****         strcpy (strbat,"5");
 343              		.loc 1 86 0 is_stmt 1
 344 00d6 1A4B     		ldr	r3, .L27+44
 345 00d8 1A88     		ldrh	r2, [r3]	@ unaligned
 346 00da 164B     		ldr	r3, .L27+32
 347 00dc 1A80     		strh	r2, [r3]	@ unaligned
 348              	.L22:
  87:main.c        ****     }
  88:main.c        **** 
  89:main.c        **** /*<---TEST LED VERTE PANNEAU--->*/
  90:main.c        ****     if(panneau>40  && panneau<60){   //Verte fixe
 349              		.loc 1 90 0
 350 00de 0F4B     		ldr	r3, .L27+8
 351 00e0 1B88     		ldrh	r3, [r3]
 352 00e2 A3F12902 		sub	r2, r3, #41
 353 00e6 92B2     		uxth	r2, r2
 354 00e8 122A     		cmp	r2, #18
 355 00ea 03D8     		bhi	.L23
  91:main.c        ****         strcpy (strpan,"2");
 356              		.loc 1 91 0
 357 00ec 0F4A     		ldr	r2, .L27+24
 358 00ee 1188     		ldrh	r1, [r2]	@ unaligned
 359 00f0 144A     		ldr	r2, .L27+48
 360 00f2 1180     		strh	r1, [r2]	@ unaligned
 361              	.L23:
  92:main.c        ****     }
  93:main.c        ****     if(panneau>10  && panneau<30){   //Verte clignote
 362              		.loc 1 93 0
 363 00f4 A3F10B02 		sub	r2, r3, #11
ARM GAS  C:\Users\pcoud\AppData\Local\Temp\cctXU0I8.s 			page 9


 364 00f8 92B2     		uxth	r2, r2
 365 00fa 122A     		cmp	r2, #18
 366 00fc 03D8     		bhi	.L24
  94:main.c        ****         strcpy (strpan,"3");
 367              		.loc 1 94 0
 368 00fe 0C4A     		ldr	r2, .L27+28
 369 0100 1188     		ldrh	r1, [r2]	@ unaligned
 370 0102 104A     		ldr	r2, .L27+48
 371 0104 1180     		strh	r1, [r2]	@ unaligned
 372              	.L24:
  95:main.c        ****     }
  96:main.c        ****     if(panneau<10){                  //Verte éteint
 373              		.loc 1 96 0
 374 0106 092B     		cmp	r3, #9
 375 0108 03D8     		bhi	.L15
  97:main.c        ****         strcpy (strpan,"1"); 
 376              		.loc 1 97 0
 377 010a 0B4B     		ldr	r3, .L27+36
 378 010c 1A88     		ldrh	r2, [r3]	@ unaligned
 379 010e 0D4B     		ldr	r3, .L27+48
 380 0110 1A80     		strh	r2, [r3]	@ unaligned
 381              	.L15:
 382 0112 10BD     		pop	{r4, pc}
 383              	.L28:
 384              		.align	2
 385              	.L27:
 386 0114 00000000 		.word	batverte
 387 0118 00000000 		.word	batrouge
 388 011c 00000000 		.word	panneau
 389 0120 00000000 		.word	disjon
 390 0124 28000000 		.word	.LC10
 391 0128 00000000 		.word	strdis
 392 012c 2C000000 		.word	.LC11
 393 0130 30000000 		.word	.LC12
 394 0134 00000000 		.word	strbat
 395 0138 34000000 		.word	.LC13
 396 013c 38000000 		.word	.LC14
 397 0140 3C000000 		.word	.LC15
 398 0144 00000000 		.word	strpan
 399              		.cfi_endproc
 400              	.LFE65:
 401              		.size	lecture_leds, .-lecture_leds
 402              		.section	.text.sigfox_init,"ax",%progbits
 403              		.align	2
 404              		.global	sigfox_init
 405              		.thumb
 406              		.thumb_func
 407              		.type	sigfox_init, %function
 408              	sigfox_init:
 409              	.LFB66:
  98:main.c        ****     } 
  99:main.c        **** }
 100:main.c        **** /********************************************END lecture LEDS**************************************
 101:main.c        **** 
 102:main.c        **** 
 103:main.c        **** /********************************************START Initialisation Sigfox***************************
 104:main.c        **** void sigfox_init()
ARM GAS  C:\Users\pcoud\AppData\Local\Temp\cctXU0I8.s 			page 10


 105:main.c        ****     {
 410              		.loc 1 105 0
 411              		.cfi_startproc
 412              		@ args = 0, pretend = 0, frame = 0
 413              		@ frame_needed = 0, uses_anonymous_args = 0
 414 0000 08B5     		push	{r3, lr}
 415              		.cfi_def_cfa_offset 8
 416              		.cfi_offset 3, -8
 417              		.cfi_offset 14, -4
 106:main.c        ****      //initialisation du module sigfox
 107:main.c        ****     UART_SIG_Start();
 418              		.loc 1 107 0
 419 0002 FFF7FEFF 		bl	UART_SIG_Start
 420              	.LVL10:
 108:main.c        ****     CyDelay(100);
 421              		.loc 1 108 0
 422 0006 6420     		movs	r0, #100
 423 0008 FFF7FEFF 		bl	CyDelay
 424              	.LVL11:
 109:main.c        ****     UART_SIG_PutString("ATE1\r");
 425              		.loc 1 109 0
 426 000c 0548     		ldr	r0, .L31
 427 000e FFF7FEFF 		bl	UART_SIG_PutString
 428              	.LVL12:
 110:main.c        ****     UART_SIG_PutString("ATQ0\r");
 429              		.loc 1 110 0
 430 0012 0548     		ldr	r0, .L31+4
 431 0014 FFF7FEFF 		bl	UART_SIG_PutString
 432              	.LVL13:
 111:main.c        ****     CyDelay(1000);
 433              		.loc 1 111 0
 434 0018 4FF47A70 		mov	r0, #1000
 435 001c FFF7FEFF 		bl	CyDelay
 436              	.LVL14:
 437 0020 08BD     		pop	{r3, pc}
 438              	.L32:
 439 0022 00BF     		.align	2
 440              	.L31:
 441 0024 40000000 		.word	.LC16
 442 0028 48000000 		.word	.LC17
 443              		.cfi_endproc
 444              	.LFE66:
 445              		.size	sigfox_init, .-sigfox_init
 446              		.section	.text.gsm_init,"ax",%progbits
 447              		.align	2
 448              		.global	gsm_init
 449              		.thumb
 450              		.thumb_func
 451              		.type	gsm_init, %function
 452              	gsm_init:
 453              	.LFB67:
 112:main.c        ****     }
 113:main.c        **** /********************************************START Initialisation GSM******************************
 114:main.c        **** //Initialisation du GSM
 115:main.c        **** void gsm_init()
 116:main.c        ****     {
 454              		.loc 1 116 0
ARM GAS  C:\Users\pcoud\AppData\Local\Temp\cctXU0I8.s 			page 11


 455              		.cfi_startproc
 456              		@ args = 0, pretend = 0, frame = 0
 457              		@ frame_needed = 0, uses_anonymous_args = 0
 458 0000 08B5     		push	{r3, lr}
 459              		.cfi_def_cfa_offset 8
 460              		.cfi_offset 3, -8
 461              		.cfi_offset 14, -4
 117:main.c        ****     UART_GSM_Start();     
 462              		.loc 1 117 0
 463 0002 FFF7FEFF 		bl	UART_GSM_Start
 464              	.LVL15:
 118:main.c        ****     CyDelay(1000);
 465              		.loc 1 118 0
 466 0006 4FF47A70 		mov	r0, #1000
 467 000a FFF7FEFF 		bl	CyDelay
 468              	.LVL16:
 119:main.c        ****     UART_GSM_ClearTxBuffer();                //Efface le buffer de Tx
 469              		.loc 1 119 0
 470 000e FFF7FEFF 		bl	UART_GSM_ClearTxBuffer
 471              	.LVL17:
 120:main.c        ****     UART_GSM_PutString("AT\n\r");
 472              		.loc 1 120 0
 473 0012 0C48     		ldr	r0, .L35
 474 0014 FFF7FEFF 		bl	UART_GSM_PutString
 475              	.LVL18:
 121:main.c        ****     CyDelay(500);
 476              		.loc 1 121 0
 477 0018 4FF4FA70 		mov	r0, #500
 478 001c FFF7FEFF 		bl	CyDelay
 479              	.LVL19:
 122:main.c        ****     //UART_GSM_PutString("AT+CSQ\r");        //Demande du niveau de réception
 123:main.c        ****     //CyDelay(500);
 124:main.c        ****     UART_GSM_PutString("AT+CMGF=1\n\r");       //Choix du mode texte
 480              		.loc 1 124 0
 481 0020 0948     		ldr	r0, .L35+4
 482 0022 FFF7FEFF 		bl	UART_GSM_PutString
 483              	.LVL20:
 125:main.c        ****     CyDelay(500);
 484              		.loc 1 125 0
 485 0026 4FF4FA70 		mov	r0, #500
 486 002a FFF7FEFF 		bl	CyDelay
 487              	.LVL21:
 126:main.c        ****     UART_GSM_PutString("AT+CSMP=17,0,0\n\r");  //Paramètrage du mode texte
 488              		.loc 1 126 0
 489 002e 0748     		ldr	r0, .L35+8
 490 0030 FFF7FEFF 		bl	UART_GSM_PutString
 491              	.LVL22:
 127:main.c        ****     CyDelay(500);
 492              		.loc 1 127 0
 493 0034 4FF4FA70 		mov	r0, #500
 494 0038 FFF7FEFF 		bl	CyDelay
 495              	.LVL23:
 128:main.c        ****     UART_GSM_PutString("AT+CMGD=1,1\n\r");     //Efface les messages
 496              		.loc 1 128 0
 497 003c 0448     		ldr	r0, .L35+12
 498 003e FFF7FEFF 		bl	UART_GSM_PutString
 499              	.LVL24:
ARM GAS  C:\Users\pcoud\AppData\Local\Temp\cctXU0I8.s 			page 12


 500 0042 08BD     		pop	{r3, pc}
 501              	.L36:
 502              		.align	2
 503              	.L35:
 504 0044 50000000 		.word	.LC18
 505 0048 58000000 		.word	.LC19
 506 004c 64000000 		.word	.LC20
 507 0050 78000000 		.word	.LC21
 508              		.cfi_endproc
 509              	.LFE67:
 510              		.size	gsm_init, .-gsm_init
 511              		.section	.text.sigfox_send,"ax",%progbits
 512              		.align	2
 513              		.global	sigfox_send
 514              		.thumb
 515              		.thumb_func
 516              		.type	sigfox_send, %function
 517              	sigfox_send:
 518              	.LFB68:
 129:main.c        ****     }
 130:main.c        **** 
 131:main.c        **** /********************************************START Envoi Sigfox************************************
 132:main.c        **** void sigfox_send()
 133:main.c        ****  {
 519              		.loc 1 133 0
 520              		.cfi_startproc
 521              		@ args = 0, pretend = 0, frame = 0
 522              		@ frame_needed = 0, uses_anonymous_args = 0
 523 0000 08B5     		push	{r3, lr}
 524              		.cfi_def_cfa_offset 8
 525              		.cfi_offset 3, -8
 526              		.cfi_offset 14, -4
 134:main.c        ****     //Cas de fonctionement normal : disjoncteur OK
 135:main.c        ****     if(disjon > 40){
 527              		.loc 1 135 0
 528 0002 264B     		ldr	r3, .L42
 529 0004 1B88     		ldrh	r3, [r3]
 530 0006 282B     		cmp	r3, #40
 531 0008 18D9     		bls	.L38
 136:main.c        ****         UART_SIG_PutString("AT$SF=");
 532              		.loc 1 136 0
 533 000a 2548     		ldr	r0, .L42+4
 534 000c FFF7FEFF 		bl	UART_SIG_PutString
 535              	.LVL25:
 137:main.c        ****         UART_SIG_PutChar('0');              
 536              		.loc 1 137 0
 537 0010 3020     		movs	r0, #48
 538 0012 FFF7FEFF 		bl	UART_SIG_PutChar
 539              	.LVL26:
 138:main.c        ****         UART_SIG_PutString(strdis);
 540              		.loc 1 138 0
 541 0016 2348     		ldr	r0, .L42+8
 542 0018 FFF7FEFF 		bl	UART_SIG_PutString
 543              	.LVL27:
 139:main.c        ****         //UART_SIG_PutChar('0');
 140:main.c        ****         UART_SIG_PutString(strpan);
 544              		.loc 1 140 0
ARM GAS  C:\Users\pcoud\AppData\Local\Temp\cctXU0I8.s 			page 13


 545 001c 2248     		ldr	r0, .L42+12
 546 001e FFF7FEFF 		bl	UART_SIG_PutString
 547              	.LVL28:
 141:main.c        ****         //UART_SIG_PutChar('0');
 142:main.c        ****         UART_SIG_PutString(strbat);
 548              		.loc 1 142 0
 549 0022 2248     		ldr	r0, .L42+16
 550 0024 FFF7FEFF 		bl	UART_SIG_PutString
 551              	.LVL29:
 143:main.c        ****         UART_SIG_PutString("00");           //Niveau eau puits
 552              		.loc 1 143 0
 553 0028 2148     		ldr	r0, .L42+20
 554 002a FFF7FEFF 		bl	UART_SIG_PutString
 555              	.LVL30:
 144:main.c        ****         UART_SIG_PutString(niv_reserv);     //Niveau eau réservoir
 556              		.loc 1 144 0
 557 002e 2148     		ldr	r0, .L42+24
 558 0030 FFF7FEFF 		bl	UART_SIG_PutString
 559              	.LVL31:
 145:main.c        ****         UART_SIG_PutChar('\r');
 560              		.loc 1 145 0
 561 0034 0D20     		movs	r0, #13
 562 0036 FFF7FEFF 		bl	UART_SIG_PutChar
 563              	.LVL32:
 564 003a 08BD     		pop	{r3, pc}
 565              	.L38:
 146:main.c        ****     }
 147:main.c        ****     //Cas de fonctionement anormal : disjoncteur déclenché
 148:main.c        ****     else{
 149:main.c        ****         UART_SIG_PutString("AT$SF=");
 566              		.loc 1 149 0
 567 003c 1848     		ldr	r0, .L42+4
 568 003e FFF7FEFF 		bl	UART_SIG_PutString
 569              	.LVL33:
 150:main.c        ****         UART_SIG_PutChar('0');              
 570              		.loc 1 150 0
 571 0042 3020     		movs	r0, #48
 572 0044 FFF7FEFF 		bl	UART_SIG_PutChar
 573              	.LVL34:
 151:main.c        ****         UART_SIG_PutString(strdis);
 574              		.loc 1 151 0
 575 0048 1648     		ldr	r0, .L42+8
 576 004a FFF7FEFF 		bl	UART_SIG_PutString
 577              	.LVL35:
 152:main.c        ****         //UART_SIG_PutChar('0');
 153:main.c        ****         UART_SIG_PutString(strpan);
 578              		.loc 1 153 0
 579 004e 1648     		ldr	r0, .L42+12
 580 0050 FFF7FEFF 		bl	UART_SIG_PutString
 581              	.LVL36:
 154:main.c        ****         //UART_SIG_PutChar('0');
 155:main.c        ****         UART_SIG_PutString(strbat);
 582              		.loc 1 155 0
 583 0054 1548     		ldr	r0, .L42+16
 584 0056 FFF7FEFF 		bl	UART_SIG_PutString
 585              	.LVL37:
 156:main.c        ****         UART_SIG_PutString("00");           //Niveau eau puits
ARM GAS  C:\Users\pcoud\AppData\Local\Temp\cctXU0I8.s 			page 14


 586              		.loc 1 156 0
 587 005a 1548     		ldr	r0, .L42+20
 588 005c FFF7FEFF 		bl	UART_SIG_PutString
 589              	.LVL38:
 157:main.c        ****         UART_SIG_PutString(niv_reserv);     //Niveau eau réservoir
 590              		.loc 1 157 0
 591 0060 1448     		ldr	r0, .L42+24
 592 0062 FFF7FEFF 		bl	UART_SIG_PutString
 593              	.LVL39:
 158:main.c        ****        
 159:main.c        ****         UART_SIG_PutString(",1,1");
 594              		.loc 1 159 0
 595 0066 1448     		ldr	r0, .L42+28
 596 0068 FFF7FEFF 		bl	UART_SIG_PutString
 597              	.LVL40:
 160:main.c        ****         UART_SIG_PutChar('\r');
 598              		.loc 1 160 0
 599 006c 0D20     		movs	r0, #13
 600 006e FFF7FEFF 		bl	UART_SIG_PutChar
 601              	.LVL41:
 161:main.c        ****         
 162:main.c        ****         //début traitement réception
 163:main.c        ****         CyDelay(5000);
 602              		.loc 1 163 0
 603 0072 41F28830 		movw	r0, #5000
 604 0076 FFF7FEFF 		bl	CyDelay
 605              	.LVL42:
 164:main.c        ****         cptcar=0;
 606              		.loc 1 164 0
 607 007a 0023     		movs	r3, #0
 608 007c 0F4A     		ldr	r2, .L42+32
 609 007e 1370     		strb	r3, [r2]
 165:main.c        ****         phase=0;
 610              		.loc 1 165 0
 611 0080 0F4A     		ldr	r2, .L42+36
 612 0082 1370     		strb	r3, [r2]
 166:main.c        ****         UART_SIG_ClearRxBuffer();    //Efface le buffer de Rx
 613              		.loc 1 166 0
 614 0084 FFF7FEFF 		bl	UART_SIG_ClearRxBuffer
 615              	.LVL43:
 167:main.c        ****         isr_serial_Start();
 616              		.loc 1 167 0
 617 0088 FFF7FEFF 		bl	isr_serial_Start
 618              	.LVL44:
 619              	.L40:
 168:main.c        ****         while(phase<2);              //Attente réponse message
 620              		.loc 1 168 0 discriminator 1
 621 008c 0C4B     		ldr	r3, .L42+36
 622 008e 1B78     		ldrb	r3, [r3]	@ zero_extendqisi2
 623 0090 012B     		cmp	r3, #1
 624 0092 FBD9     		bls	.L40
 169:main.c        ****         isr_serial_Stop();
 625              		.loc 1 169 0
 626 0094 FFF7FEFF 		bl	isr_serial_Stop
 627              	.LVL45:
 628 0098 08BD     		pop	{r3, pc}
 629              	.L43:
ARM GAS  C:\Users\pcoud\AppData\Local\Temp\cctXU0I8.s 			page 15


 630 009a 00BF     		.align	2
 631              	.L42:
 632 009c 00000000 		.word	disjon
 633 00a0 88000000 		.word	.LC22
 634 00a4 00000000 		.word	strdis
 635 00a8 00000000 		.word	strpan
 636 00ac 00000000 		.word	strbat
 637 00b0 00000000 		.word	.LC0
 638 00b4 00000000 		.word	niv_reserv
 639 00b8 90000000 		.word	.LC23
 640 00bc 00000000 		.word	cptcar
 641 00c0 00000000 		.word	phase
 642              		.cfi_endproc
 643              	.LFE68:
 644              		.size	sigfox_send, .-sigfox_send
 645              		.section	.text.main,"ax",%progbits
 646              		.align	2
 647              		.global	main
 648              		.thumb
 649              		.thumb_func
 650              		.type	main, %function
 651              	main:
 652              	.LFB69:
 170:main.c        ****     //reception message du serveur sigfox
 171:main.c        ****     }
 172:main.c        ****   }
 173:main.c        ****         /********************************************END Envoi Sigfox******************************
 174:main.c        **** /********************************************START Reception Sigfox********************************
 175:main.c        **** /********************************************END Envoi Sigfox**************************************
 176:main.c        **** 
 177:main.c        **** /*-XXXXXXXXXXXXXXXXXXXXXXXXXXXXXXXXXXXXXXXXXXXXXXX-VOID MAIN-XXXXXXXXXXXXXXXXXXXXXXXXXXXXXXXXXXXXXX
 178:main.c        **** int main(void)
 179:main.c        **** {
 653              		.loc 1 179 0
 654              		.cfi_startproc
 655              		@ Volatile: function does not return.
 656              		@ args = 0, pretend = 0, frame = 0
 657              		@ frame_needed = 0, uses_anonymous_args = 0
 658 0000 08B5     		push	{r3, lr}
 659              		.cfi_def_cfa_offset 8
 660              		.cfi_offset 3, -8
 661              		.cfi_offset 14, -4
 180:main.c        ****     CyGlobalIntEnable; 
 662              		.loc 1 180 0
 663              		.syntax unified
 664              	@ 180 "main.c" 1
 665 0002 62B6     		CPSIE   i
 666              	@ 0 "" 2
 181:main.c        ****     sigfox_init();
 667              		.loc 1 181 0
 668              		.thumb
 669              		.syntax unified
 670 0004 FFF7FEFF 		bl	sigfox_init
 671              	.LVL46:
 182:main.c        ****     gsm_init();
 672              		.loc 1 182 0
 673 0008 FFF7FEFF 		bl	gsm_init
ARM GAS  C:\Users\pcoud\AppData\Local\Temp\cctXU0I8.s 			page 16


 674              	.LVL47:
 183:main.c        ****     Relais_Write(0); 
 675              		.loc 1 183 0
 676 000c 0020     		movs	r0, #0
 677 000e FFF7FEFF 		bl	Relais_Write
 678              	.LVL48:
 679              	.L45:
 184:main.c        ****     for(;;)
 185:main.c        ****     {       
 186:main.c        ****     lecture_reserv();
 680              		.loc 1 186 0
 681 0012 FFF7FEFF 		bl	lecture_reserv
 682              	.LVL49:
 187:main.c        ****     lecture_leds();
 683              		.loc 1 187 0
 684 0016 FFF7FEFF 		bl	lecture_leds
 685              	.LVL50:
 188:main.c        ****     sigfox_send();
 686              		.loc 1 188 0
 687 001a FFF7FEFF 		bl	sigfox_send
 688              	.LVL51:
 189:main.c        ****     
 190:main.c        ****     //Traitement message reçu
 191:main.c        ****     /*UART_SIG_PutString("OK1\r");
 192:main.c        ****     for(j=0;j<=10;j++)  UART_SIG_PutChar(begin[j]);
 193:main.c        ****     UART_SIG_PutChar('\r');
 194:main.c        ****     for(j=0;j<=35;j++) UART_SIG_PutChar(resp[j]);
 195:main.c        ****     UART_SIG_PutChar('\r');
 196:main.c        ****     UART_SIG_PutString("OK2\r");*/
 197:main.c        ****     
 198:main.c        ****     if ((resp[4]=='1')||(resp[5]=='1')) {
 689              		.loc 1 198 0
 690 001e 164B     		ldr	r3, .L51
 691 0020 1B79     		ldrb	r3, [r3, #4]	@ zero_extendqisi2
 692 0022 312B     		cmp	r3, #49
 693 0024 03D0     		beq	.L46
 694              		.loc 1 198 0 is_stmt 0 discriminator 1
 695 0026 144B     		ldr	r3, .L51
 696 0028 5B79     		ldrb	r3, [r3, #5]	@ zero_extendqisi2
 697 002a 312B     		cmp	r3, #49
 698 002c 09D1     		bne	.L47
 699              	.L46:
 199:main.c        ****         Relais_Write(1);   //Disjoncteur à enclencher
 700              		.loc 1 199 0 is_stmt 1
 701 002e 0120     		movs	r0, #1
 702 0030 FFF7FEFF 		bl	Relais_Write
 703              	.LVL52:
 200:main.c        ****         CyDelay(1000);
 704              		.loc 1 200 0
 705 0034 4FF47A70 		mov	r0, #1000
 706 0038 FFF7FEFF 		bl	CyDelay
 707              	.LVL53:
 201:main.c        ****         Relais_Write(0);
 708              		.loc 1 201 0
 709 003c 0020     		movs	r0, #0
 710 003e FFF7FEFF 		bl	Relais_Write
 711              	.LVL54:
ARM GAS  C:\Users\pcoud\AppData\Local\Temp\cctXU0I8.s 			page 17


 712              	.L47:
 202:main.c        ****         }
 203:main.c        ****     
 204:main.c        ****     //Tempo entre 2 transmissions
 205:main.c        ****     if(disjon > 40) {  //Non disjoncté
 713              		.loc 1 205 0
 714 0042 0E4B     		ldr	r3, .L51+4
 715 0044 1B88     		ldrh	r3, [r3]
 716 0046 282B     		cmp	r3, #40
 717 0048 03D9     		bls	.L48
 206:main.c        ****         CyDelay(660000); //Toutes les ?? minutes
 718              		.loc 1 206 0
 719 004a 0D48     		ldr	r0, .L51+8
 720 004c FFF7FEFF 		bl	CyDelay
 721              	.LVL55:
 722 0050 DFE7     		b	.L45
 723              	.L48:
 207:main.c        ****     }
 208:main.c        ****     else {  //Disjoncté
 209:main.c        ****         UART_GSM_ClearTxBuffer();           //Efface le buffer de Tx
 724              		.loc 1 209 0
 725 0052 FFF7FEFF 		bl	UART_GSM_ClearTxBuffer
 726              	.LVL56:
 210:main.c        ****         UART_GSM_PutString("AT+CMGS=\"+33630702827\"\r\n");     //Sélection du destinataire
 727              		.loc 1 210 0
 728 0056 0B48     		ldr	r0, .L51+12
 729 0058 FFF7FEFF 		bl	UART_GSM_PutString
 730              	.LVL57:
 211:main.c        ****         CyDelay(500);
 731              		.loc 1 211 0
 732 005c 4FF4FA70 		mov	r0, #500
 733 0060 FFF7FEFF 		bl	CyDelay
 734              	.LVL58:
 212:main.c        ****         UART_GSM_PutString("Regulateur disjonte !");
 735              		.loc 1 212 0
 736 0064 0848     		ldr	r0, .L51+16
 737 0066 FFF7FEFF 		bl	UART_GSM_PutString
 738              	.LVL59:
 213:main.c        ****         UART_GSM_PutChar(26);                         //Envoi du message par un Ctrl+z (0x1A en hex
 739              		.loc 1 213 0
 740 006a 1A20     		movs	r0, #26
 741 006c FFF7FEFF 		bl	UART_GSM_PutChar
 742              	.LVL60:
 214:main.c        ****         CyDelay(660000); //Toutes les 11 minutes
 743              		.loc 1 214 0
 744 0070 0348     		ldr	r0, .L51+8
 745 0072 FFF7FEFF 		bl	CyDelay
 746              	.LVL61:
 747 0076 CCE7     		b	.L45
 748              	.L52:
 749              		.align	2
 750              	.L51:
 751 0078 00000000 		.word	resp
 752 007c 00000000 		.word	disjon
 753 0080 20120A00 		.word	660000
 754 0084 98000000 		.word	.LC24
 755 0088 B4000000 		.word	.LC25
ARM GAS  C:\Users\pcoud\AppData\Local\Temp\cctXU0I8.s 			page 18


 756              		.cfi_endproc
 757              	.LFE69:
 758              		.size	main, .-main
 759              		.comm	j,1,1
 760              		.comm	phase,1,1
 761              		.comm	cptcar,1,1
 762              		.comm	resp,35,4
 763              		.comm	begin,15,4
 764              		.comm	message,35,4
 765              		.comm	niv_reserv,3,4
 766              		.comm	strpan,2,4
 767              		.comm	strdis,2,4
 768              		.comm	strbat,2,4
 769              		.comm	disjon,2,2
 770              		.comm	panneau,2,2
 771              		.comm	batrouge,2,2
 772              		.comm	batverte,2,2
 773              		.section	.rodata.str1.4,"aMS",%progbits,1
 774              		.align	2
 775              	.LC0:
 776 0000 303000   		.ascii	"00\000"
 777 0003 00       		.space	1
 778              	.LC1:
 779 0004 303200   		.ascii	"02\000"
 780 0007 00       		.space	1
 781              	.LC2:
 782 0008 303400   		.ascii	"04\000"
 783 000b 00       		.space	1
 784              	.LC3:
 785 000c 303600   		.ascii	"06\000"
 786 000f 00       		.space	1
 787              	.LC4:
 788 0010 303800   		.ascii	"08\000"
 789 0013 00       		.space	1
 790              	.LC5:
 791 0014 313000   		.ascii	"10\000"
 792 0017 00       		.space	1
 793              	.LC6:
 794 0018 313200   		.ascii	"12\000"
 795 001b 00       		.space	1
 796              	.LC7:
 797 001c 313400   		.ascii	"14\000"
 798 001f 00       		.space	1
 799              	.LC8:
 800 0020 313600   		.ascii	"16\000"
 801 0023 00       		.space	1
 802              	.LC9:
 803 0024 393900   		.ascii	"99\000"
 804 0027 00       		.space	1
 805              	.LC10:
 806 0028 3000     		.ascii	"0\000"
 807 002a 0000     		.space	2
 808              	.LC11:
 809 002c 3200     		.ascii	"2\000"
 810 002e 0000     		.space	2
 811              	.LC12:
 812 0030 3300     		.ascii	"3\000"
ARM GAS  C:\Users\pcoud\AppData\Local\Temp\cctXU0I8.s 			page 19


 813 0032 0000     		.space	2
 814              	.LC13:
 815 0034 3100     		.ascii	"1\000"
 816 0036 0000     		.space	2
 817              	.LC14:
 818 0038 3400     		.ascii	"4\000"
 819 003a 0000     		.space	2
 820              	.LC15:
 821 003c 3500     		.ascii	"5\000"
 822 003e 0000     		.space	2
 823              	.LC16:
 824 0040 41544531 		.ascii	"ATE1\015\000"
 824      0D00
 825 0046 0000     		.space	2
 826              	.LC17:
 827 0048 41545130 		.ascii	"ATQ0\015\000"
 827      0D00
 828 004e 0000     		.space	2
 829              	.LC18:
 830 0050 41540A0D 		.ascii	"AT\012\015\000"
 830      00
 831 0055 000000   		.space	3
 832              	.LC19:
 833 0058 41542B43 		.ascii	"AT+CMGF=1\012\015\000"
 833      4D47463D 
 833      310A0D00 
 834              	.LC20:
 835 0064 41542B43 		.ascii	"AT+CSMP=17,0,0\012\015\000"
 835      534D503D 
 835      31372C30 
 835      2C300A0D 
 835      00
 836 0075 000000   		.space	3
 837              	.LC21:
 838 0078 41542B43 		.ascii	"AT+CMGD=1,1\012\015\000"
 838      4D47443D 
 838      312C310A 
 838      0D00
 839 0086 0000     		.space	2
 840              	.LC22:
 841 0088 41542453 		.ascii	"AT$SF=\000"
 841      463D00
 842 008f 00       		.space	1
 843              	.LC23:
 844 0090 2C312C31 		.ascii	",1,1\000"
 844      00
 845 0095 000000   		.space	3
 846              	.LC24:
 847 0098 41542B43 		.ascii	"AT+CMGS=\"+33630702827\"\015\012\000"
 847      4D47533D 
 847      222B3333 
 847      36333037 
 847      30323832 
 848 00b1 000000   		.space	3
 849              	.LC25:
 850 00b4 52656775 		.ascii	"Regulateur disjonte !\000"
 850      6C617465 
ARM GAS  C:\Users\pcoud\AppData\Local\Temp\cctXU0I8.s 			page 20


 850      75722064 
 850      69736A6F 
 850      6E746520 
 851              		.text
 852              	.Letext0:
 853              		.file 2 "c:\\program files (x86)\\cypress\\psoc creator\\4.1\\psoc creator\\import\\gnu\\arm\\5.4.
 854              		.file 3 "c:\\program files (x86)\\cypress\\psoc creator\\4.1\\psoc creator\\import\\gnu\\arm\\5.4.
 855              		.file 4 "Generated_Source\\PSoC5/cytypes.h"
 856              		.file 5 "Generated_Source\\PSoC5/core_cm3.h"
 857              		.file 6 "Generated_Source\\PSoC5/niveau.h"
 858              		.file 7 "Generated_Source\\PSoC5/isr_rbat.h"
 859              		.file 8 "Generated_Source\\PSoC5/isr_vbat.h"
 860              		.file 9 "Generated_Source\\PSoC5/isr_rch.h"
 861              		.file 10 "Generated_Source\\PSoC5/isr_vpan.h"
 862              		.file 11 "Generated_Source\\PSoC5/CyLib.h"
 863              		.file 12 "Generated_Source\\PSoC5/UART_SIG.h"
 864              		.file 13 "Generated_Source\\PSoC5/UART_GSM.h"
 865              		.file 14 "Generated_Source\\PSoC5/isr_serial.h"
 866              		.file 15 "Generated_Source\\PSoC5/Relais.h"
 867              		.section	.debug_info,"",%progbits
 868              	.Ldebug_info0:
 869 0000 9F070000 		.4byte	0x79f
 870 0004 0400     		.2byte	0x4
 871 0006 00000000 		.4byte	.Ldebug_abbrev0
 872 000a 04       		.byte	0x4
 873 000b 01       		.uleb128 0x1
 874 000c E8020000 		.4byte	.LASF58
 875 0010 0C       		.byte	0xc
 876 0011 42020000 		.4byte	.LASF59
 877 0015 51020000 		.4byte	.LASF60
 878 0019 00000000 		.4byte	.Ldebug_ranges0+0
 879 001d 00000000 		.4byte	0
 880 0021 00000000 		.4byte	.Ldebug_line0
 881 0025 02       		.uleb128 0x2
 882 0026 01       		.byte	0x1
 883 0027 06       		.byte	0x6
 884 0028 33000000 		.4byte	.LASF0
 885 002c 02       		.uleb128 0x2
 886 002d 01       		.byte	0x1
 887 002e 08       		.byte	0x8
 888 002f 6C010000 		.4byte	.LASF1
 889 0033 02       		.uleb128 0x2
 890 0034 02       		.byte	0x2
 891 0035 05       		.byte	0x5
 892 0036 3F000000 		.4byte	.LASF2
 893 003a 02       		.uleb128 0x2
 894 003b 02       		.byte	0x2
 895 003c 07       		.byte	0x7
 896 003d D0010000 		.4byte	.LASF3
 897 0041 03       		.uleb128 0x3
 898 0042 AA020000 		.4byte	.LASF9
 899 0046 02       		.byte	0x2
 900 0047 3F       		.byte	0x3f
 901 0048 4C000000 		.4byte	0x4c
 902 004c 02       		.uleb128 0x2
 903 004d 04       		.byte	0x4
 904 004e 05       		.byte	0x5
ARM GAS  C:\Users\pcoud\AppData\Local\Temp\cctXU0I8.s 			page 21


 905 004f 03020000 		.4byte	.LASF4
 906 0053 02       		.uleb128 0x2
 907 0054 04       		.byte	0x4
 908 0055 07       		.byte	0x7
 909 0056 BE010000 		.4byte	.LASF5
 910 005a 02       		.uleb128 0x2
 911 005b 08       		.byte	0x8
 912 005c 05       		.byte	0x5
 913 005d F9000000 		.4byte	.LASF6
 914 0061 02       		.uleb128 0x2
 915 0062 08       		.byte	0x8
 916 0063 07       		.byte	0x7
 917 0064 8B010000 		.4byte	.LASF7
 918 0068 04       		.uleb128 0x4
 919 0069 04       		.byte	0x4
 920 006a 05       		.byte	0x5
 921 006b 696E7400 		.ascii	"int\000"
 922 006f 02       		.uleb128 0x2
 923 0070 04       		.byte	0x4
 924 0071 07       		.byte	0x7
 925 0072 A2010000 		.4byte	.LASF8
 926 0076 03       		.uleb128 0x3
 927 0077 11020000 		.4byte	.LASF10
 928 007b 03       		.byte	0x3
 929 007c 2C       		.byte	0x2c
 930 007d 41000000 		.4byte	0x41
 931 0081 05       		.uleb128 0x5
 932 0082 C9000000 		.4byte	.LASF11
 933 0086 04       		.byte	0x4
 934 0087 9201     		.2byte	0x192
 935 0089 2C000000 		.4byte	0x2c
 936 008d 05       		.uleb128 0x5
 937 008e C2000000 		.4byte	.LASF12
 938 0092 04       		.byte	0x4
 939 0093 9301     		.2byte	0x193
 940 0095 3A000000 		.4byte	0x3a
 941 0099 02       		.uleb128 0x2
 942 009a 04       		.byte	0x4
 943 009b 04       		.byte	0x4
 944 009c E5000000 		.4byte	.LASF13
 945 00a0 02       		.uleb128 0x2
 946 00a1 08       		.byte	0x8
 947 00a2 04       		.byte	0x4
 948 00a3 CB020000 		.4byte	.LASF14
 949 00a7 02       		.uleb128 0x2
 950 00a8 01       		.byte	0x1
 951 00a9 08       		.byte	0x8
 952 00aa F0010000 		.4byte	.LASF15
 953 00ae 02       		.uleb128 0x2
 954 00af 08       		.byte	0x8
 955 00b0 04       		.byte	0x4
 956 00b1 4F010000 		.4byte	.LASF16
 957 00b5 02       		.uleb128 0x2
 958 00b6 04       		.byte	0x4
 959 00b7 07       		.byte	0x7
 960 00b8 49000000 		.4byte	.LASF17
 961 00bc 06       		.uleb128 0x6
ARM GAS  C:\Users\pcoud\AppData\Local\Temp\cctXU0I8.s 			page 22


 962 00bd B4020000 		.4byte	.LASF18
 963 00c1 01       		.byte	0x1
 964 00c2 1D       		.byte	0x1d
 965 00c3 00000000 		.4byte	.LFB64
 966 00c7 F0000000 		.4byte	.LFE64-.LFB64
 967 00cb 01       		.uleb128 0x1
 968 00cc 9C       		.byte	0x9c
 969 00cd E8000000 		.4byte	0xe8
 970 00d1 07       		.uleb128 0x7
 971 00d2 6E697600 		.ascii	"niv\000"
 972 00d6 01       		.byte	0x1
 973 00d7 1E       		.byte	0x1e
 974 00d8 81000000 		.4byte	0x81
 975 00dc 01       		.uleb128 0x1
 976 00dd 50       		.byte	0x50
 977 00de 08       		.uleb128 0x8
 978 00df 06000000 		.4byte	.LVL0
 979 00e3 BB060000 		.4byte	0x6bb
 980 00e7 00       		.byte	0
 981 00e8 06       		.uleb128 0x6
 982 00e9 CF000000 		.4byte	.LASF19
 983 00ed 01       		.byte	0x1
 984 00ee 30       		.byte	0x30
 985 00ef 00000000 		.4byte	.LFB65
 986 00f3 48010000 		.4byte	.LFE65-.LFB65
 987 00f7 01       		.uleb128 0x1
 988 00f8 9C       		.byte	0x9c
 989 00f9 5B010000 		.4byte	0x15b
 990 00fd 08       		.uleb128 0x8
 991 00fe 18000000 		.4byte	.LVL1
 992 0102 C6060000 		.4byte	0x6c6
 993 0106 08       		.uleb128 0x8
 994 0107 1C000000 		.4byte	.LVL2
 995 010b D1060000 		.4byte	0x6d1
 996 010f 08       		.uleb128 0x8
 997 0110 20000000 		.4byte	.LVL3
 998 0114 DC060000 		.4byte	0x6dc
 999 0118 08       		.uleb128 0x8
 1000 0119 24000000 		.4byte	.LVL4
 1001 011d E7060000 		.4byte	0x6e7
 1002 0121 09       		.uleb128 0x9
 1003 0122 2C000000 		.4byte	.LVL5
 1004 0126 F2060000 		.4byte	0x6f2
 1005 012a 36010000 		.4byte	0x136
 1006 012e 0A       		.uleb128 0xa
 1007 012f 01       		.uleb128 0x1
 1008 0130 50       		.byte	0x50
 1009 0131 03       		.uleb128 0x3
 1010 0132 0A       		.byte	0xa
 1011 0133 E803     		.2byte	0x3e8
 1012 0135 00       		.byte	0
 1013 0136 08       		.uleb128 0x8
 1014 0137 30000000 		.4byte	.LVL6
 1015 013b FD060000 		.4byte	0x6fd
 1016 013f 08       		.uleb128 0x8
 1017 0140 34000000 		.4byte	.LVL7
 1018 0144 08070000 		.4byte	0x708
ARM GAS  C:\Users\pcoud\AppData\Local\Temp\cctXU0I8.s 			page 23


 1019 0148 08       		.uleb128 0x8
 1020 0149 38000000 		.4byte	.LVL8
 1021 014d 13070000 		.4byte	0x713
 1022 0151 08       		.uleb128 0x8
 1023 0152 3C000000 		.4byte	.LVL9
 1024 0156 1E070000 		.4byte	0x71e
 1025 015a 00       		.byte	0
 1026 015b 06       		.uleb128 0x6
 1027 015c 87000000 		.4byte	.LASF20
 1028 0160 01       		.byte	0x1
 1029 0161 68       		.byte	0x68
 1030 0162 00000000 		.4byte	.LFB66
 1031 0166 2C000000 		.4byte	.LFE66-.LFB66
 1032 016a 01       		.uleb128 0x1
 1033 016b 9C       		.byte	0x9c
 1034 016c CD010000 		.4byte	0x1cd
 1035 0170 08       		.uleb128 0x8
 1036 0171 06000000 		.4byte	.LVL10
 1037 0175 29070000 		.4byte	0x729
 1038 0179 09       		.uleb128 0x9
 1039 017a 0C000000 		.4byte	.LVL11
 1040 017e F2060000 		.4byte	0x6f2
 1041 0182 8D010000 		.4byte	0x18d
 1042 0186 0A       		.uleb128 0xa
 1043 0187 01       		.uleb128 0x1
 1044 0188 50       		.byte	0x50
 1045 0189 02       		.uleb128 0x2
 1046 018a 08       		.byte	0x8
 1047 018b 64       		.byte	0x64
 1048 018c 00       		.byte	0
 1049 018d 09       		.uleb128 0x9
 1050 018e 12000000 		.4byte	.LVL12
 1051 0192 34070000 		.4byte	0x734
 1052 0196 A4010000 		.4byte	0x1a4
 1053 019a 0A       		.uleb128 0xa
 1054 019b 01       		.uleb128 0x1
 1055 019c 50       		.byte	0x50
 1056 019d 05       		.uleb128 0x5
 1057 019e 03       		.byte	0x3
 1058 019f 40000000 		.4byte	.LC16
 1059 01a3 00       		.byte	0
 1060 01a4 09       		.uleb128 0x9
 1061 01a5 18000000 		.4byte	.LVL13
 1062 01a9 34070000 		.4byte	0x734
 1063 01ad BB010000 		.4byte	0x1bb
 1064 01b1 0A       		.uleb128 0xa
 1065 01b2 01       		.uleb128 0x1
 1066 01b3 50       		.byte	0x50
 1067 01b4 05       		.uleb128 0x5
 1068 01b5 03       		.byte	0x3
 1069 01b6 48000000 		.4byte	.LC17
 1070 01ba 00       		.byte	0
 1071 01bb 0B       		.uleb128 0xb
 1072 01bc 20000000 		.4byte	.LVL14
 1073 01c0 F2060000 		.4byte	0x6f2
 1074 01c4 0A       		.uleb128 0xa
 1075 01c5 01       		.uleb128 0x1
ARM GAS  C:\Users\pcoud\AppData\Local\Temp\cctXU0I8.s 			page 24


 1076 01c6 50       		.byte	0x50
 1077 01c7 03       		.uleb128 0x3
 1078 01c8 0A       		.byte	0xa
 1079 01c9 E803     		.2byte	0x3e8
 1080 01cb 00       		.byte	0
 1081 01cc 00       		.byte	0
 1082 01cd 06       		.uleb128 0x6
 1083 01ce 00000000 		.4byte	.LASF21
 1084 01d2 01       		.byte	0x1
 1085 01d3 73       		.byte	0x73
 1086 01d4 00000000 		.4byte	.LFB67
 1087 01d8 54000000 		.4byte	.LFE67-.LFB67
 1088 01dc 01       		.uleb128 0x1
 1089 01dd 9C       		.byte	0x9c
 1090 01de A1020000 		.4byte	0x2a1
 1091 01e2 08       		.uleb128 0x8
 1092 01e3 06000000 		.4byte	.LVL15
 1093 01e7 3F070000 		.4byte	0x73f
 1094 01eb 09       		.uleb128 0x9
 1095 01ec 0E000000 		.4byte	.LVL16
 1096 01f0 F2060000 		.4byte	0x6f2
 1097 01f4 00020000 		.4byte	0x200
 1098 01f8 0A       		.uleb128 0xa
 1099 01f9 01       		.uleb128 0x1
 1100 01fa 50       		.byte	0x50
 1101 01fb 03       		.uleb128 0x3
 1102 01fc 0A       		.byte	0xa
 1103 01fd E803     		.2byte	0x3e8
 1104 01ff 00       		.byte	0
 1105 0200 08       		.uleb128 0x8
 1106 0201 12000000 		.4byte	.LVL17
 1107 0205 4A070000 		.4byte	0x74a
 1108 0209 09       		.uleb128 0x9
 1109 020a 18000000 		.4byte	.LVL18
 1110 020e 55070000 		.4byte	0x755
 1111 0212 20020000 		.4byte	0x220
 1112 0216 0A       		.uleb128 0xa
 1113 0217 01       		.uleb128 0x1
 1114 0218 50       		.byte	0x50
 1115 0219 05       		.uleb128 0x5
 1116 021a 03       		.byte	0x3
 1117 021b 50000000 		.4byte	.LC18
 1118 021f 00       		.byte	0
 1119 0220 09       		.uleb128 0x9
 1120 0221 20000000 		.4byte	.LVL19
 1121 0225 F2060000 		.4byte	0x6f2
 1122 0229 35020000 		.4byte	0x235
 1123 022d 0A       		.uleb128 0xa
 1124 022e 01       		.uleb128 0x1
 1125 022f 50       		.byte	0x50
 1126 0230 03       		.uleb128 0x3
 1127 0231 0A       		.byte	0xa
 1128 0232 F401     		.2byte	0x1f4
 1129 0234 00       		.byte	0
 1130 0235 09       		.uleb128 0x9
 1131 0236 26000000 		.4byte	.LVL20
 1132 023a 55070000 		.4byte	0x755
ARM GAS  C:\Users\pcoud\AppData\Local\Temp\cctXU0I8.s 			page 25


 1133 023e 4C020000 		.4byte	0x24c
 1134 0242 0A       		.uleb128 0xa
 1135 0243 01       		.uleb128 0x1
 1136 0244 50       		.byte	0x50
 1137 0245 05       		.uleb128 0x5
 1138 0246 03       		.byte	0x3
 1139 0247 58000000 		.4byte	.LC19
 1140 024b 00       		.byte	0
 1141 024c 09       		.uleb128 0x9
 1142 024d 2E000000 		.4byte	.LVL21
 1143 0251 F2060000 		.4byte	0x6f2
 1144 0255 61020000 		.4byte	0x261
 1145 0259 0A       		.uleb128 0xa
 1146 025a 01       		.uleb128 0x1
 1147 025b 50       		.byte	0x50
 1148 025c 03       		.uleb128 0x3
 1149 025d 0A       		.byte	0xa
 1150 025e F401     		.2byte	0x1f4
 1151 0260 00       		.byte	0
 1152 0261 09       		.uleb128 0x9
 1153 0262 34000000 		.4byte	.LVL22
 1154 0266 55070000 		.4byte	0x755
 1155 026a 78020000 		.4byte	0x278
 1156 026e 0A       		.uleb128 0xa
 1157 026f 01       		.uleb128 0x1
 1158 0270 50       		.byte	0x50
 1159 0271 05       		.uleb128 0x5
 1160 0272 03       		.byte	0x3
 1161 0273 64000000 		.4byte	.LC20
 1162 0277 00       		.byte	0
 1163 0278 09       		.uleb128 0x9
 1164 0279 3C000000 		.4byte	.LVL23
 1165 027d F2060000 		.4byte	0x6f2
 1166 0281 8D020000 		.4byte	0x28d
 1167 0285 0A       		.uleb128 0xa
 1168 0286 01       		.uleb128 0x1
 1169 0287 50       		.byte	0x50
 1170 0288 03       		.uleb128 0x3
 1171 0289 0A       		.byte	0xa
 1172 028a F401     		.2byte	0x1f4
 1173 028c 00       		.byte	0
 1174 028d 0B       		.uleb128 0xb
 1175 028e 42000000 		.4byte	.LVL24
 1176 0292 55070000 		.4byte	0x755
 1177 0296 0A       		.uleb128 0xa
 1178 0297 01       		.uleb128 0x1
 1179 0298 50       		.byte	0x50
 1180 0299 05       		.uleb128 0x5
 1181 029a 03       		.byte	0x3
 1182 029b 78000000 		.4byte	.LC21
 1183 029f 00       		.byte	0
 1184 02a0 00       		.byte	0
 1185 02a1 06       		.uleb128 0x6
 1186 02a2 20000000 		.4byte	.LASF22
 1187 02a6 01       		.byte	0x1
 1188 02a7 84       		.byte	0x84
 1189 02a8 00000000 		.4byte	.LFB68
ARM GAS  C:\Users\pcoud\AppData\Local\Temp\cctXU0I8.s 			page 26


 1190 02ac C4000000 		.4byte	.LFE68-.LFB68
 1191 02b0 01       		.uleb128 0x1
 1192 02b1 9C       		.byte	0x9c
 1193 02b2 60040000 		.4byte	0x460
 1194 02b6 09       		.uleb128 0x9
 1195 02b7 10000000 		.4byte	.LVL25
 1196 02bb 34070000 		.4byte	0x734
 1197 02bf CD020000 		.4byte	0x2cd
 1198 02c3 0A       		.uleb128 0xa
 1199 02c4 01       		.uleb128 0x1
 1200 02c5 50       		.byte	0x50
 1201 02c6 05       		.uleb128 0x5
 1202 02c7 03       		.byte	0x3
 1203 02c8 88000000 		.4byte	.LC22
 1204 02cc 00       		.byte	0
 1205 02cd 09       		.uleb128 0x9
 1206 02ce 16000000 		.4byte	.LVL26
 1207 02d2 60070000 		.4byte	0x760
 1208 02d6 E1020000 		.4byte	0x2e1
 1209 02da 0A       		.uleb128 0xa
 1210 02db 01       		.uleb128 0x1
 1211 02dc 50       		.byte	0x50
 1212 02dd 02       		.uleb128 0x2
 1213 02de 08       		.byte	0x8
 1214 02df 30       		.byte	0x30
 1215 02e0 00       		.byte	0
 1216 02e1 09       		.uleb128 0x9
 1217 02e2 1C000000 		.4byte	.LVL27
 1218 02e6 34070000 		.4byte	0x734
 1219 02ea F8020000 		.4byte	0x2f8
 1220 02ee 0A       		.uleb128 0xa
 1221 02ef 01       		.uleb128 0x1
 1222 02f0 50       		.byte	0x50
 1223 02f1 05       		.uleb128 0x5
 1224 02f2 03       		.byte	0x3
 1225 02f3 00000000 		.4byte	strdis
 1226 02f7 00       		.byte	0
 1227 02f8 09       		.uleb128 0x9
 1228 02f9 22000000 		.4byte	.LVL28
 1229 02fd 34070000 		.4byte	0x734
 1230 0301 0F030000 		.4byte	0x30f
 1231 0305 0A       		.uleb128 0xa
 1232 0306 01       		.uleb128 0x1
 1233 0307 50       		.byte	0x50
 1234 0308 05       		.uleb128 0x5
 1235 0309 03       		.byte	0x3
 1236 030a 00000000 		.4byte	strpan
 1237 030e 00       		.byte	0
 1238 030f 09       		.uleb128 0x9
 1239 0310 28000000 		.4byte	.LVL29
 1240 0314 34070000 		.4byte	0x734
 1241 0318 26030000 		.4byte	0x326
 1242 031c 0A       		.uleb128 0xa
 1243 031d 01       		.uleb128 0x1
 1244 031e 50       		.byte	0x50
 1245 031f 05       		.uleb128 0x5
 1246 0320 03       		.byte	0x3
ARM GAS  C:\Users\pcoud\AppData\Local\Temp\cctXU0I8.s 			page 27


 1247 0321 00000000 		.4byte	strbat
 1248 0325 00       		.byte	0
 1249 0326 09       		.uleb128 0x9
 1250 0327 2E000000 		.4byte	.LVL30
 1251 032b 34070000 		.4byte	0x734
 1252 032f 3D030000 		.4byte	0x33d
 1253 0333 0A       		.uleb128 0xa
 1254 0334 01       		.uleb128 0x1
 1255 0335 50       		.byte	0x50
 1256 0336 05       		.uleb128 0x5
 1257 0337 03       		.byte	0x3
 1258 0338 00000000 		.4byte	.LC0
 1259 033c 00       		.byte	0
 1260 033d 09       		.uleb128 0x9
 1261 033e 34000000 		.4byte	.LVL31
 1262 0342 34070000 		.4byte	0x734
 1263 0346 54030000 		.4byte	0x354
 1264 034a 0A       		.uleb128 0xa
 1265 034b 01       		.uleb128 0x1
 1266 034c 50       		.byte	0x50
 1267 034d 05       		.uleb128 0x5
 1268 034e 03       		.byte	0x3
 1269 034f 00000000 		.4byte	niv_reserv
 1270 0353 00       		.byte	0
 1271 0354 09       		.uleb128 0x9
 1272 0355 3A000000 		.4byte	.LVL32
 1273 0359 60070000 		.4byte	0x760
 1274 035d 67030000 		.4byte	0x367
 1275 0361 0A       		.uleb128 0xa
 1276 0362 01       		.uleb128 0x1
 1277 0363 50       		.byte	0x50
 1278 0364 01       		.uleb128 0x1
 1279 0365 3D       		.byte	0x3d
 1280 0366 00       		.byte	0
 1281 0367 09       		.uleb128 0x9
 1282 0368 42000000 		.4byte	.LVL33
 1283 036c 34070000 		.4byte	0x734
 1284 0370 7E030000 		.4byte	0x37e
 1285 0374 0A       		.uleb128 0xa
 1286 0375 01       		.uleb128 0x1
 1287 0376 50       		.byte	0x50
 1288 0377 05       		.uleb128 0x5
 1289 0378 03       		.byte	0x3
 1290 0379 88000000 		.4byte	.LC22
 1291 037d 00       		.byte	0
 1292 037e 09       		.uleb128 0x9
 1293 037f 48000000 		.4byte	.LVL34
 1294 0383 60070000 		.4byte	0x760
 1295 0387 92030000 		.4byte	0x392
 1296 038b 0A       		.uleb128 0xa
 1297 038c 01       		.uleb128 0x1
 1298 038d 50       		.byte	0x50
 1299 038e 02       		.uleb128 0x2
 1300 038f 08       		.byte	0x8
 1301 0390 30       		.byte	0x30
 1302 0391 00       		.byte	0
 1303 0392 09       		.uleb128 0x9
ARM GAS  C:\Users\pcoud\AppData\Local\Temp\cctXU0I8.s 			page 28


 1304 0393 4E000000 		.4byte	.LVL35
 1305 0397 34070000 		.4byte	0x734
 1306 039b A9030000 		.4byte	0x3a9
 1307 039f 0A       		.uleb128 0xa
 1308 03a0 01       		.uleb128 0x1
 1309 03a1 50       		.byte	0x50
 1310 03a2 05       		.uleb128 0x5
 1311 03a3 03       		.byte	0x3
 1312 03a4 00000000 		.4byte	strdis
 1313 03a8 00       		.byte	0
 1314 03a9 09       		.uleb128 0x9
 1315 03aa 54000000 		.4byte	.LVL36
 1316 03ae 34070000 		.4byte	0x734
 1317 03b2 C0030000 		.4byte	0x3c0
 1318 03b6 0A       		.uleb128 0xa
 1319 03b7 01       		.uleb128 0x1
 1320 03b8 50       		.byte	0x50
 1321 03b9 05       		.uleb128 0x5
 1322 03ba 03       		.byte	0x3
 1323 03bb 00000000 		.4byte	strpan
 1324 03bf 00       		.byte	0
 1325 03c0 09       		.uleb128 0x9
 1326 03c1 5A000000 		.4byte	.LVL37
 1327 03c5 34070000 		.4byte	0x734
 1328 03c9 D7030000 		.4byte	0x3d7
 1329 03cd 0A       		.uleb128 0xa
 1330 03ce 01       		.uleb128 0x1
 1331 03cf 50       		.byte	0x50
 1332 03d0 05       		.uleb128 0x5
 1333 03d1 03       		.byte	0x3
 1334 03d2 00000000 		.4byte	strbat
 1335 03d6 00       		.byte	0
 1336 03d7 09       		.uleb128 0x9
 1337 03d8 60000000 		.4byte	.LVL38
 1338 03dc 34070000 		.4byte	0x734
 1339 03e0 EE030000 		.4byte	0x3ee
 1340 03e4 0A       		.uleb128 0xa
 1341 03e5 01       		.uleb128 0x1
 1342 03e6 50       		.byte	0x50
 1343 03e7 05       		.uleb128 0x5
 1344 03e8 03       		.byte	0x3
 1345 03e9 00000000 		.4byte	.LC0
 1346 03ed 00       		.byte	0
 1347 03ee 09       		.uleb128 0x9
 1348 03ef 66000000 		.4byte	.LVL39
 1349 03f3 34070000 		.4byte	0x734
 1350 03f7 05040000 		.4byte	0x405
 1351 03fb 0A       		.uleb128 0xa
 1352 03fc 01       		.uleb128 0x1
 1353 03fd 50       		.byte	0x50
 1354 03fe 05       		.uleb128 0x5
 1355 03ff 03       		.byte	0x3
 1356 0400 00000000 		.4byte	niv_reserv
 1357 0404 00       		.byte	0
 1358 0405 09       		.uleb128 0x9
 1359 0406 6C000000 		.4byte	.LVL40
 1360 040a 34070000 		.4byte	0x734
ARM GAS  C:\Users\pcoud\AppData\Local\Temp\cctXU0I8.s 			page 29


 1361 040e 1C040000 		.4byte	0x41c
 1362 0412 0A       		.uleb128 0xa
 1363 0413 01       		.uleb128 0x1
 1364 0414 50       		.byte	0x50
 1365 0415 05       		.uleb128 0x5
 1366 0416 03       		.byte	0x3
 1367 0417 90000000 		.4byte	.LC23
 1368 041b 00       		.byte	0
 1369 041c 09       		.uleb128 0x9
 1370 041d 72000000 		.4byte	.LVL41
 1371 0421 60070000 		.4byte	0x760
 1372 0425 2F040000 		.4byte	0x42f
 1373 0429 0A       		.uleb128 0xa
 1374 042a 01       		.uleb128 0x1
 1375 042b 50       		.byte	0x50
 1376 042c 01       		.uleb128 0x1
 1377 042d 3D       		.byte	0x3d
 1378 042e 00       		.byte	0
 1379 042f 09       		.uleb128 0x9
 1380 0430 7A000000 		.4byte	.LVL42
 1381 0434 F2060000 		.4byte	0x6f2
 1382 0438 44040000 		.4byte	0x444
 1383 043c 0A       		.uleb128 0xa
 1384 043d 01       		.uleb128 0x1
 1385 043e 50       		.byte	0x50
 1386 043f 03       		.uleb128 0x3
 1387 0440 0A       		.byte	0xa
 1388 0441 8813     		.2byte	0x1388
 1389 0443 00       		.byte	0
 1390 0444 08       		.uleb128 0x8
 1391 0445 88000000 		.4byte	.LVL43
 1392 0449 6B070000 		.4byte	0x76b
 1393 044d 08       		.uleb128 0x8
 1394 044e 8C000000 		.4byte	.LVL44
 1395 0452 76070000 		.4byte	0x776
 1396 0456 08       		.uleb128 0x8
 1397 0457 98000000 		.4byte	.LVL45
 1398 045b 81070000 		.4byte	0x781
 1399 045f 00       		.byte	0
 1400 0460 0C       		.uleb128 0xc
 1401 0461 0C020000 		.4byte	.LASF61
 1402 0465 01       		.byte	0x1
 1403 0466 B2       		.byte	0xb2
 1404 0467 68000000 		.4byte	0x68
 1405 046b 00000000 		.4byte	.LFB69
 1406 046f 8C000000 		.4byte	.LFE69-.LFB69
 1407 0473 01       		.uleb128 0x1
 1408 0474 9C       		.byte	0x9c
 1409 0475 7E050000 		.4byte	0x57e
 1410 0479 08       		.uleb128 0x8
 1411 047a 08000000 		.4byte	.LVL46
 1412 047e 5B010000 		.4byte	0x15b
 1413 0482 08       		.uleb128 0x8
 1414 0483 0C000000 		.4byte	.LVL47
 1415 0487 CD010000 		.4byte	0x1cd
 1416 048b 09       		.uleb128 0x9
 1417 048c 12000000 		.4byte	.LVL48
ARM GAS  C:\Users\pcoud\AppData\Local\Temp\cctXU0I8.s 			page 30


 1418 0490 8C070000 		.4byte	0x78c
 1419 0494 9E040000 		.4byte	0x49e
 1420 0498 0A       		.uleb128 0xa
 1421 0499 01       		.uleb128 0x1
 1422 049a 50       		.byte	0x50
 1423 049b 01       		.uleb128 0x1
 1424 049c 30       		.byte	0x30
 1425 049d 00       		.byte	0
 1426 049e 08       		.uleb128 0x8
 1427 049f 16000000 		.4byte	.LVL49
 1428 04a3 BC000000 		.4byte	0xbc
 1429 04a7 08       		.uleb128 0x8
 1430 04a8 1A000000 		.4byte	.LVL50
 1431 04ac E8000000 		.4byte	0xe8
 1432 04b0 08       		.uleb128 0x8
 1433 04b1 1E000000 		.4byte	.LVL51
 1434 04b5 A1020000 		.4byte	0x2a1
 1435 04b9 09       		.uleb128 0x9
 1436 04ba 34000000 		.4byte	.LVL52
 1437 04be 8C070000 		.4byte	0x78c
 1438 04c2 CC040000 		.4byte	0x4cc
 1439 04c6 0A       		.uleb128 0xa
 1440 04c7 01       		.uleb128 0x1
 1441 04c8 50       		.byte	0x50
 1442 04c9 01       		.uleb128 0x1
 1443 04ca 31       		.byte	0x31
 1444 04cb 00       		.byte	0
 1445 04cc 09       		.uleb128 0x9
 1446 04cd 3C000000 		.4byte	.LVL53
 1447 04d1 F2060000 		.4byte	0x6f2
 1448 04d5 E1040000 		.4byte	0x4e1
 1449 04d9 0A       		.uleb128 0xa
 1450 04da 01       		.uleb128 0x1
 1451 04db 50       		.byte	0x50
 1452 04dc 03       		.uleb128 0x3
 1453 04dd 0A       		.byte	0xa
 1454 04de E803     		.2byte	0x3e8
 1455 04e0 00       		.byte	0
 1456 04e1 09       		.uleb128 0x9
 1457 04e2 42000000 		.4byte	.LVL54
 1458 04e6 8C070000 		.4byte	0x78c
 1459 04ea F4040000 		.4byte	0x4f4
 1460 04ee 0A       		.uleb128 0xa
 1461 04ef 01       		.uleb128 0x1
 1462 04f0 50       		.byte	0x50
 1463 04f1 01       		.uleb128 0x1
 1464 04f2 30       		.byte	0x30
 1465 04f3 00       		.byte	0
 1466 04f4 09       		.uleb128 0x9
 1467 04f5 50000000 		.4byte	.LVL55
 1468 04f9 F2060000 		.4byte	0x6f2
 1469 04fd 0B050000 		.4byte	0x50b
 1470 0501 0A       		.uleb128 0xa
 1471 0502 01       		.uleb128 0x1
 1472 0503 50       		.byte	0x50
 1473 0504 05       		.uleb128 0x5
 1474 0505 0C       		.byte	0xc
ARM GAS  C:\Users\pcoud\AppData\Local\Temp\cctXU0I8.s 			page 31


 1475 0506 20120A00 		.4byte	0xa1220
 1476 050a 00       		.byte	0
 1477 050b 08       		.uleb128 0x8
 1478 050c 56000000 		.4byte	.LVL56
 1479 0510 4A070000 		.4byte	0x74a
 1480 0514 09       		.uleb128 0x9
 1481 0515 5C000000 		.4byte	.LVL57
 1482 0519 55070000 		.4byte	0x755
 1483 051d 2B050000 		.4byte	0x52b
 1484 0521 0A       		.uleb128 0xa
 1485 0522 01       		.uleb128 0x1
 1486 0523 50       		.byte	0x50
 1487 0524 05       		.uleb128 0x5
 1488 0525 03       		.byte	0x3
 1489 0526 98000000 		.4byte	.LC24
 1490 052a 00       		.byte	0
 1491 052b 09       		.uleb128 0x9
 1492 052c 64000000 		.4byte	.LVL58
 1493 0530 F2060000 		.4byte	0x6f2
 1494 0534 40050000 		.4byte	0x540
 1495 0538 0A       		.uleb128 0xa
 1496 0539 01       		.uleb128 0x1
 1497 053a 50       		.byte	0x50
 1498 053b 03       		.uleb128 0x3
 1499 053c 0A       		.byte	0xa
 1500 053d F401     		.2byte	0x1f4
 1501 053f 00       		.byte	0
 1502 0540 09       		.uleb128 0x9
 1503 0541 6A000000 		.4byte	.LVL59
 1504 0545 55070000 		.4byte	0x755
 1505 0549 57050000 		.4byte	0x557
 1506 054d 0A       		.uleb128 0xa
 1507 054e 01       		.uleb128 0x1
 1508 054f 50       		.byte	0x50
 1509 0550 05       		.uleb128 0x5
 1510 0551 03       		.byte	0x3
 1511 0552 B4000000 		.4byte	.LC25
 1512 0556 00       		.byte	0
 1513 0557 09       		.uleb128 0x9
 1514 0558 70000000 		.4byte	.LVL60
 1515 055c 97070000 		.4byte	0x797
 1516 0560 6A050000 		.4byte	0x56a
 1517 0564 0A       		.uleb128 0xa
 1518 0565 01       		.uleb128 0x1
 1519 0566 50       		.byte	0x50
 1520 0567 01       		.uleb128 0x1
 1521 0568 4A       		.byte	0x4a
 1522 0569 00       		.byte	0
 1523 056a 0B       		.uleb128 0xb
 1524 056b 76000000 		.4byte	.LVL61
 1525 056f F2060000 		.4byte	0x6f2
 1526 0573 0A       		.uleb128 0xa
 1527 0574 01       		.uleb128 0x1
 1528 0575 50       		.byte	0x50
 1529 0576 05       		.uleb128 0x5
 1530 0577 0C       		.byte	0xc
 1531 0578 20120A00 		.4byte	0xa1220
ARM GAS  C:\Users\pcoud\AppData\Local\Temp\cctXU0I8.s 			page 32


 1532 057c 00       		.byte	0
 1533 057d 00       		.byte	0
 1534 057e 0D       		.uleb128 0xd
 1535 057f DB020000 		.4byte	.LASF23
 1536 0583 05       		.byte	0x5
 1537 0584 1207     		.2byte	0x712
 1538 0586 8A050000 		.4byte	0x58a
 1539 058a 0E       		.uleb128 0xe
 1540 058b 76000000 		.4byte	0x76
 1541 058f 0F       		.uleb128 0xf
 1542 0590 D2020000 		.4byte	.LASF24
 1543 0594 01       		.byte	0x1
 1544 0595 10       		.byte	0x10
 1545 0596 8D000000 		.4byte	0x8d
 1546 059a 05       		.uleb128 0x5
 1547 059b 03       		.byte	0x3
 1548 059c 00000000 		.4byte	batverte
 1549 05a0 0F       		.uleb128 0xf
 1550 05a1 DC000000 		.4byte	.LASF25
 1551 05a5 01       		.byte	0x1
 1552 05a6 10       		.byte	0x10
 1553 05a7 8D000000 		.4byte	0x8d
 1554 05ab 05       		.uleb128 0x5
 1555 05ac 03       		.byte	0x3
 1556 05ad 00000000 		.4byte	batrouge
 1557 05b1 0F       		.uleb128 0xf
 1558 05b2 C3020000 		.4byte	.LASF26
 1559 05b6 01       		.byte	0x1
 1560 05b7 10       		.byte	0x10
 1561 05b8 8D000000 		.4byte	0x8d
 1562 05bc 05       		.uleb128 0x5
 1563 05bd 03       		.byte	0x3
 1564 05be 00000000 		.4byte	panneau
 1565 05c2 0F       		.uleb128 0xf
 1566 05c3 2C000000 		.4byte	.LASF27
 1567 05c7 01       		.byte	0x1
 1568 05c8 10       		.byte	0x10
 1569 05c9 8D000000 		.4byte	0x8d
 1570 05cd 05       		.uleb128 0x5
 1571 05ce 03       		.byte	0x3
 1572 05cf 00000000 		.4byte	disjon
 1573 05d3 10       		.uleb128 0x10
 1574 05d4 A7000000 		.4byte	0xa7
 1575 05d8 E3050000 		.4byte	0x5e3
 1576 05dc 11       		.uleb128 0x11
 1577 05dd B5000000 		.4byte	0xb5
 1578 05e1 01       		.byte	0x1
 1579 05e2 00       		.byte	0
 1580 05e3 0F       		.uleb128 0xf
 1581 05e4 87020000 		.4byte	.LASF28
 1582 05e8 01       		.byte	0x1
 1583 05e9 11       		.byte	0x11
 1584 05ea D3050000 		.4byte	0x5d3
 1585 05ee 05       		.uleb128 0x5
 1586 05ef 03       		.byte	0x3
 1587 05f0 00000000 		.4byte	strbat
 1588 05f4 0F       		.uleb128 0xf
ARM GAS  C:\Users\pcoud\AppData\Local\Temp\cctXU0I8.s 			page 33


 1589 05f5 19020000 		.4byte	.LASF29
 1590 05f9 01       		.byte	0x1
 1591 05fa 11       		.byte	0x11
 1592 05fb D3050000 		.4byte	0x5d3
 1593 05ff 05       		.uleb128 0x5
 1594 0600 03       		.byte	0x3
 1595 0601 00000000 		.4byte	strdis
 1596 0605 0F       		.uleb128 0xf
 1597 0606 69000000 		.4byte	.LASF30
 1598 060a 01       		.byte	0x1
 1599 060b 11       		.byte	0x11
 1600 060c D3050000 		.4byte	0x5d3
 1601 0610 05       		.uleb128 0x5
 1602 0611 03       		.byte	0x3
 1603 0612 00000000 		.4byte	strpan
 1604 0616 10       		.uleb128 0x10
 1605 0617 A7000000 		.4byte	0xa7
 1606 061b 26060000 		.4byte	0x626
 1607 061f 11       		.uleb128 0x11
 1608 0620 B5000000 		.4byte	0xb5
 1609 0624 02       		.byte	0x2
 1610 0625 00       		.byte	0
 1611 0626 0F       		.uleb128 0xf
 1612 0627 70000000 		.4byte	.LASF31
 1613 062b 01       		.byte	0x1
 1614 062c 15       		.byte	0x15
 1615 062d 16060000 		.4byte	0x616
 1616 0631 05       		.uleb128 0x5
 1617 0632 03       		.byte	0x3
 1618 0633 00000000 		.4byte	niv_reserv
 1619 0637 10       		.uleb128 0x10
 1620 0638 A7000000 		.4byte	0xa7
 1621 063c 47060000 		.4byte	0x647
 1622 0640 11       		.uleb128 0x11
 1623 0641 B5000000 		.4byte	0xb5
 1624 0645 22       		.byte	0x22
 1625 0646 00       		.byte	0
 1626 0647 0F       		.uleb128 0xf
 1627 0648 49020000 		.4byte	.LASF32
 1628 064c 01       		.byte	0x1
 1629 064d 16       		.byte	0x16
 1630 064e 37060000 		.4byte	0x637
 1631 0652 05       		.uleb128 0x5
 1632 0653 03       		.byte	0x3
 1633 0654 00000000 		.4byte	message
 1634 0658 10       		.uleb128 0x10
 1635 0659 A7000000 		.4byte	0xa7
 1636 065d 68060000 		.4byte	0x668
 1637 0661 11       		.uleb128 0x11
 1638 0662 B5000000 		.4byte	0xb5
 1639 0666 0E       		.byte	0xe
 1640 0667 00       		.byte	0
 1641 0668 0F       		.uleb128 0xf
 1642 0669 7B000000 		.4byte	.LASF33
 1643 066d 01       		.byte	0x1
 1644 066e 17       		.byte	0x17
 1645 066f 58060000 		.4byte	0x658
ARM GAS  C:\Users\pcoud\AppData\Local\Temp\cctXU0I8.s 			page 34


 1646 0673 05       		.uleb128 0x5
 1647 0674 03       		.byte	0x3
 1648 0675 00000000 		.4byte	begin
 1649 0679 0F       		.uleb128 0xf
 1650 067a A1000000 		.4byte	.LASF34
 1651 067e 01       		.byte	0x1
 1652 067f 17       		.byte	0x17
 1653 0680 37060000 		.4byte	0x637
 1654 0684 05       		.uleb128 0x5
 1655 0685 03       		.byte	0x3
 1656 0686 00000000 		.4byte	resp
 1657 068a 0F       		.uleb128 0xf
 1658 068b 07010000 		.4byte	.LASF35
 1659 068f 01       		.byte	0x1
 1660 0690 18       		.byte	0x18
 1661 0691 81000000 		.4byte	0x81
 1662 0695 05       		.uleb128 0x5
 1663 0696 03       		.byte	0x3
 1664 0697 00000000 		.4byte	cptcar
 1665 069b 0F       		.uleb128 0xf
 1666 069c 81000000 		.4byte	.LASF36
 1667 06a0 01       		.byte	0x1
 1668 06a1 19       		.byte	0x19
 1669 06a2 81000000 		.4byte	0x81
 1670 06a6 05       		.uleb128 0x5
 1671 06a7 03       		.byte	0x3
 1672 06a8 00000000 		.4byte	phase
 1673 06ac 12       		.uleb128 0x12
 1674 06ad 6A00     		.ascii	"j\000"
 1675 06af 01       		.byte	0x1
 1676 06b0 19       		.byte	0x19
 1677 06b1 81000000 		.4byte	0x81
 1678 06b5 05       		.uleb128 0x5
 1679 06b6 03       		.byte	0x3
 1680 06b7 00000000 		.4byte	j
 1681 06bb 13       		.uleb128 0x13
 1682 06bc B6000000 		.4byte	.LASF37
 1683 06c0 B6000000 		.4byte	.LASF37
 1684 06c4 06       		.byte	0x6
 1685 06c5 29       		.byte	0x29
 1686 06c6 13       		.uleb128 0x13
 1687 06c7 7E030000 		.4byte	.LASF38
 1688 06cb 7E030000 		.4byte	.LASF38
 1689 06cf 07       		.byte	0x7
 1690 06d0 17       		.byte	0x17
 1691 06d1 13       		.uleb128 0x13
 1692 06d2 AF010000 		.4byte	.LASF39
 1693 06d6 AF010000 		.4byte	.LASF39
 1694 06da 08       		.byte	0x8
 1695 06db 17       		.byte	0x17
 1696 06dc 13       		.uleb128 0x13
 1697 06dd 2E010000 		.4byte	.LASF40
 1698 06e1 2E010000 		.4byte	.LASF40
 1699 06e5 09       		.byte	0x9
 1700 06e6 17       		.byte	0x17
 1701 06e7 13       		.uleb128 0x13
 1702 06e8 9B020000 		.4byte	.LASF41
ARM GAS  C:\Users\pcoud\AppData\Local\Temp\cctXU0I8.s 			page 35


 1703 06ec 9B020000 		.4byte	.LASF41
 1704 06f0 0A       		.byte	0xa
 1705 06f1 17       		.byte	0x17
 1706 06f2 13       		.uleb128 0x13
 1707 06f3 76030000 		.4byte	.LASF42
 1708 06f7 76030000 		.4byte	.LASF42
 1709 06fb 0B       		.byte	0xb
 1710 06fc 76       		.byte	0x76
 1711 06fd 13       		.uleb128 0x13
 1712 06fe F5010000 		.4byte	.LASF43
 1713 0702 F5010000 		.4byte	.LASF43
 1714 0706 08       		.byte	0x8
 1715 0707 19       		.byte	0x19
 1716 0708 13       		.uleb128 0x13
 1717 0709 EB000000 		.4byte	.LASF44
 1718 070d EB000000 		.4byte	.LASF44
 1719 0711 07       		.byte	0x7
 1720 0712 19       		.byte	0x19
 1721 0713 13       		.uleb128 0x13
 1722 0714 E3010000 		.4byte	.LASF45
 1723 0718 E3010000 		.4byte	.LASF45
 1724 071c 09       		.byte	0x9
 1725 071d 19       		.byte	0x19
 1726 071e 13       		.uleb128 0x13
 1727 071f 93000000 		.4byte	.LASF46
 1728 0723 93000000 		.4byte	.LASF46
 1729 0727 0A       		.byte	0xa
 1730 0728 19       		.byte	0x19
 1731 0729 13       		.uleb128 0x13
 1732 072a 33020000 		.4byte	.LASF47
 1733 072e 33020000 		.4byte	.LASF47
 1734 0732 0C       		.byte	0xc
 1735 0733 54       		.byte	0x54
 1736 0734 13       		.uleb128 0x13
 1737 0735 3C010000 		.4byte	.LASF48
 1738 0739 3C010000 		.4byte	.LASF48
 1739 073d 0C       		.byte	0xc
 1740 073e 8B       		.byte	0x8b
 1741 073f 13       		.uleb128 0x13
 1742 0740 0E010000 		.4byte	.LASF49
 1743 0744 0E010000 		.4byte	.LASF49
 1744 0748 0D       		.byte	0xd
 1745 0749 54       		.byte	0x54
 1746 074a 13       		.uleb128 0x13
 1747 074b 52000000 		.4byte	.LASF50
 1748 074f 52000000 		.4byte	.LASF50
 1749 0753 0D       		.byte	0xd
 1750 0754 8F       		.byte	0x8f
 1751 0755 13       		.uleb128 0x13
 1752 0756 20020000 		.4byte	.LASF51
 1753 075a 20020000 		.4byte	.LASF51
 1754 075e 0D       		.byte	0xd
 1755 075f 8B       		.byte	0x8b
 1756 0760 13       		.uleb128 0x13
 1757 0761 7A010000 		.4byte	.LASF52
 1758 0765 7A010000 		.4byte	.LASF52
 1759 0769 0C       		.byte	0xc
ARM GAS  C:\Users\pcoud\AppData\Local\Temp\cctXU0I8.s 			page 36


 1760 076a 8A       		.byte	0x8a
 1761 076b 13       		.uleb128 0x13
 1762 076c 09000000 		.4byte	.LASF53
 1763 0770 09000000 		.4byte	.LASF53
 1764 0774 0C       		.byte	0xc
 1765 0775 75       		.byte	0x75
 1766 0776 13       		.uleb128 0x13
 1767 0777 5B010000 		.4byte	.LASF54
 1768 077b 5B010000 		.4byte	.LASF54
 1769 077f 0E       		.byte	0xe
 1770 0780 17       		.byte	0x17
 1771 0781 13       		.uleb128 0x13
 1772 0782 A6000000 		.4byte	.LASF55
 1773 0786 A6000000 		.4byte	.LASF55
 1774 078a 0E       		.byte	0xe
 1775 078b 19       		.byte	0x19
 1776 078c 13       		.uleb128 0x13
 1777 078d 8E020000 		.4byte	.LASF56
 1778 0791 8E020000 		.4byte	.LASF56
 1779 0795 0F       		.byte	0xf
 1780 0796 26       		.byte	0x26
 1781 0797 13       		.uleb128 0x13
 1782 0798 1D010000 		.4byte	.LASF57
 1783 079c 1D010000 		.4byte	.LASF57
 1784 07a0 0D       		.byte	0xd
 1785 07a1 8A       		.byte	0x8a
 1786 07a2 00       		.byte	0
 1787              		.section	.debug_abbrev,"",%progbits
 1788              	.Ldebug_abbrev0:
 1789 0000 01       		.uleb128 0x1
 1790 0001 11       		.uleb128 0x11
 1791 0002 01       		.byte	0x1
 1792 0003 25       		.uleb128 0x25
 1793 0004 0E       		.uleb128 0xe
 1794 0005 13       		.uleb128 0x13
 1795 0006 0B       		.uleb128 0xb
 1796 0007 03       		.uleb128 0x3
 1797 0008 0E       		.uleb128 0xe
 1798 0009 1B       		.uleb128 0x1b
 1799 000a 0E       		.uleb128 0xe
 1800 000b 55       		.uleb128 0x55
 1801 000c 17       		.uleb128 0x17
 1802 000d 11       		.uleb128 0x11
 1803 000e 01       		.uleb128 0x1
 1804 000f 10       		.uleb128 0x10
 1805 0010 17       		.uleb128 0x17
 1806 0011 00       		.byte	0
 1807 0012 00       		.byte	0
 1808 0013 02       		.uleb128 0x2
 1809 0014 24       		.uleb128 0x24
 1810 0015 00       		.byte	0
 1811 0016 0B       		.uleb128 0xb
 1812 0017 0B       		.uleb128 0xb
 1813 0018 3E       		.uleb128 0x3e
 1814 0019 0B       		.uleb128 0xb
 1815 001a 03       		.uleb128 0x3
 1816 001b 0E       		.uleb128 0xe
ARM GAS  C:\Users\pcoud\AppData\Local\Temp\cctXU0I8.s 			page 37


 1817 001c 00       		.byte	0
 1818 001d 00       		.byte	0
 1819 001e 03       		.uleb128 0x3
 1820 001f 16       		.uleb128 0x16
 1821 0020 00       		.byte	0
 1822 0021 03       		.uleb128 0x3
 1823 0022 0E       		.uleb128 0xe
 1824 0023 3A       		.uleb128 0x3a
 1825 0024 0B       		.uleb128 0xb
 1826 0025 3B       		.uleb128 0x3b
 1827 0026 0B       		.uleb128 0xb
 1828 0027 49       		.uleb128 0x49
 1829 0028 13       		.uleb128 0x13
 1830 0029 00       		.byte	0
 1831 002a 00       		.byte	0
 1832 002b 04       		.uleb128 0x4
 1833 002c 24       		.uleb128 0x24
 1834 002d 00       		.byte	0
 1835 002e 0B       		.uleb128 0xb
 1836 002f 0B       		.uleb128 0xb
 1837 0030 3E       		.uleb128 0x3e
 1838 0031 0B       		.uleb128 0xb
 1839 0032 03       		.uleb128 0x3
 1840 0033 08       		.uleb128 0x8
 1841 0034 00       		.byte	0
 1842 0035 00       		.byte	0
 1843 0036 05       		.uleb128 0x5
 1844 0037 16       		.uleb128 0x16
 1845 0038 00       		.byte	0
 1846 0039 03       		.uleb128 0x3
 1847 003a 0E       		.uleb128 0xe
 1848 003b 3A       		.uleb128 0x3a
 1849 003c 0B       		.uleb128 0xb
 1850 003d 3B       		.uleb128 0x3b
 1851 003e 05       		.uleb128 0x5
 1852 003f 49       		.uleb128 0x49
 1853 0040 13       		.uleb128 0x13
 1854 0041 00       		.byte	0
 1855 0042 00       		.byte	0
 1856 0043 06       		.uleb128 0x6
 1857 0044 2E       		.uleb128 0x2e
 1858 0045 01       		.byte	0x1
 1859 0046 3F       		.uleb128 0x3f
 1860 0047 19       		.uleb128 0x19
 1861 0048 03       		.uleb128 0x3
 1862 0049 0E       		.uleb128 0xe
 1863 004a 3A       		.uleb128 0x3a
 1864 004b 0B       		.uleb128 0xb
 1865 004c 3B       		.uleb128 0x3b
 1866 004d 0B       		.uleb128 0xb
 1867 004e 11       		.uleb128 0x11
 1868 004f 01       		.uleb128 0x1
 1869 0050 12       		.uleb128 0x12
 1870 0051 06       		.uleb128 0x6
 1871 0052 40       		.uleb128 0x40
 1872 0053 18       		.uleb128 0x18
 1873 0054 9742     		.uleb128 0x2117
ARM GAS  C:\Users\pcoud\AppData\Local\Temp\cctXU0I8.s 			page 38


 1874 0056 19       		.uleb128 0x19
 1875 0057 01       		.uleb128 0x1
 1876 0058 13       		.uleb128 0x13
 1877 0059 00       		.byte	0
 1878 005a 00       		.byte	0
 1879 005b 07       		.uleb128 0x7
 1880 005c 34       		.uleb128 0x34
 1881 005d 00       		.byte	0
 1882 005e 03       		.uleb128 0x3
 1883 005f 08       		.uleb128 0x8
 1884 0060 3A       		.uleb128 0x3a
 1885 0061 0B       		.uleb128 0xb
 1886 0062 3B       		.uleb128 0x3b
 1887 0063 0B       		.uleb128 0xb
 1888 0064 49       		.uleb128 0x49
 1889 0065 13       		.uleb128 0x13
 1890 0066 02       		.uleb128 0x2
 1891 0067 18       		.uleb128 0x18
 1892 0068 00       		.byte	0
 1893 0069 00       		.byte	0
 1894 006a 08       		.uleb128 0x8
 1895 006b 898201   		.uleb128 0x4109
 1896 006e 00       		.byte	0
 1897 006f 11       		.uleb128 0x11
 1898 0070 01       		.uleb128 0x1
 1899 0071 31       		.uleb128 0x31
 1900 0072 13       		.uleb128 0x13
 1901 0073 00       		.byte	0
 1902 0074 00       		.byte	0
 1903 0075 09       		.uleb128 0x9
 1904 0076 898201   		.uleb128 0x4109
 1905 0079 01       		.byte	0x1
 1906 007a 11       		.uleb128 0x11
 1907 007b 01       		.uleb128 0x1
 1908 007c 31       		.uleb128 0x31
 1909 007d 13       		.uleb128 0x13
 1910 007e 01       		.uleb128 0x1
 1911 007f 13       		.uleb128 0x13
 1912 0080 00       		.byte	0
 1913 0081 00       		.byte	0
 1914 0082 0A       		.uleb128 0xa
 1915 0083 8A8201   		.uleb128 0x410a
 1916 0086 00       		.byte	0
 1917 0087 02       		.uleb128 0x2
 1918 0088 18       		.uleb128 0x18
 1919 0089 9142     		.uleb128 0x2111
 1920 008b 18       		.uleb128 0x18
 1921 008c 00       		.byte	0
 1922 008d 00       		.byte	0
 1923 008e 0B       		.uleb128 0xb
 1924 008f 898201   		.uleb128 0x4109
 1925 0092 01       		.byte	0x1
 1926 0093 11       		.uleb128 0x11
 1927 0094 01       		.uleb128 0x1
 1928 0095 31       		.uleb128 0x31
 1929 0096 13       		.uleb128 0x13
 1930 0097 00       		.byte	0
ARM GAS  C:\Users\pcoud\AppData\Local\Temp\cctXU0I8.s 			page 39


 1931 0098 00       		.byte	0
 1932 0099 0C       		.uleb128 0xc
 1933 009a 2E       		.uleb128 0x2e
 1934 009b 01       		.byte	0x1
 1935 009c 3F       		.uleb128 0x3f
 1936 009d 19       		.uleb128 0x19
 1937 009e 03       		.uleb128 0x3
 1938 009f 0E       		.uleb128 0xe
 1939 00a0 3A       		.uleb128 0x3a
 1940 00a1 0B       		.uleb128 0xb
 1941 00a2 3B       		.uleb128 0x3b
 1942 00a3 0B       		.uleb128 0xb
 1943 00a4 27       		.uleb128 0x27
 1944 00a5 19       		.uleb128 0x19
 1945 00a6 49       		.uleb128 0x49
 1946 00a7 13       		.uleb128 0x13
 1947 00a8 8701     		.uleb128 0x87
 1948 00aa 19       		.uleb128 0x19
 1949 00ab 11       		.uleb128 0x11
 1950 00ac 01       		.uleb128 0x1
 1951 00ad 12       		.uleb128 0x12
 1952 00ae 06       		.uleb128 0x6
 1953 00af 40       		.uleb128 0x40
 1954 00b0 18       		.uleb128 0x18
 1955 00b1 9742     		.uleb128 0x2117
 1956 00b3 19       		.uleb128 0x19
 1957 00b4 01       		.uleb128 0x1
 1958 00b5 13       		.uleb128 0x13
 1959 00b6 00       		.byte	0
 1960 00b7 00       		.byte	0
 1961 00b8 0D       		.uleb128 0xd
 1962 00b9 34       		.uleb128 0x34
 1963 00ba 00       		.byte	0
 1964 00bb 03       		.uleb128 0x3
 1965 00bc 0E       		.uleb128 0xe
 1966 00bd 3A       		.uleb128 0x3a
 1967 00be 0B       		.uleb128 0xb
 1968 00bf 3B       		.uleb128 0x3b
 1969 00c0 05       		.uleb128 0x5
 1970 00c1 49       		.uleb128 0x49
 1971 00c2 13       		.uleb128 0x13
 1972 00c3 3F       		.uleb128 0x3f
 1973 00c4 19       		.uleb128 0x19
 1974 00c5 3C       		.uleb128 0x3c
 1975 00c6 19       		.uleb128 0x19
 1976 00c7 00       		.byte	0
 1977 00c8 00       		.byte	0
 1978 00c9 0E       		.uleb128 0xe
 1979 00ca 35       		.uleb128 0x35
 1980 00cb 00       		.byte	0
 1981 00cc 49       		.uleb128 0x49
 1982 00cd 13       		.uleb128 0x13
 1983 00ce 00       		.byte	0
 1984 00cf 00       		.byte	0
 1985 00d0 0F       		.uleb128 0xf
 1986 00d1 34       		.uleb128 0x34
 1987 00d2 00       		.byte	0
ARM GAS  C:\Users\pcoud\AppData\Local\Temp\cctXU0I8.s 			page 40


 1988 00d3 03       		.uleb128 0x3
 1989 00d4 0E       		.uleb128 0xe
 1990 00d5 3A       		.uleb128 0x3a
 1991 00d6 0B       		.uleb128 0xb
 1992 00d7 3B       		.uleb128 0x3b
 1993 00d8 0B       		.uleb128 0xb
 1994 00d9 49       		.uleb128 0x49
 1995 00da 13       		.uleb128 0x13
 1996 00db 3F       		.uleb128 0x3f
 1997 00dc 19       		.uleb128 0x19
 1998 00dd 02       		.uleb128 0x2
 1999 00de 18       		.uleb128 0x18
 2000 00df 00       		.byte	0
 2001 00e0 00       		.byte	0
 2002 00e1 10       		.uleb128 0x10
 2003 00e2 01       		.uleb128 0x1
 2004 00e3 01       		.byte	0x1
 2005 00e4 49       		.uleb128 0x49
 2006 00e5 13       		.uleb128 0x13
 2007 00e6 01       		.uleb128 0x1
 2008 00e7 13       		.uleb128 0x13
 2009 00e8 00       		.byte	0
 2010 00e9 00       		.byte	0
 2011 00ea 11       		.uleb128 0x11
 2012 00eb 21       		.uleb128 0x21
 2013 00ec 00       		.byte	0
 2014 00ed 49       		.uleb128 0x49
 2015 00ee 13       		.uleb128 0x13
 2016 00ef 2F       		.uleb128 0x2f
 2017 00f0 0B       		.uleb128 0xb
 2018 00f1 00       		.byte	0
 2019 00f2 00       		.byte	0
 2020 00f3 12       		.uleb128 0x12
 2021 00f4 34       		.uleb128 0x34
 2022 00f5 00       		.byte	0
 2023 00f6 03       		.uleb128 0x3
 2024 00f7 08       		.uleb128 0x8
 2025 00f8 3A       		.uleb128 0x3a
 2026 00f9 0B       		.uleb128 0xb
 2027 00fa 3B       		.uleb128 0x3b
 2028 00fb 0B       		.uleb128 0xb
 2029 00fc 49       		.uleb128 0x49
 2030 00fd 13       		.uleb128 0x13
 2031 00fe 3F       		.uleb128 0x3f
 2032 00ff 19       		.uleb128 0x19
 2033 0100 02       		.uleb128 0x2
 2034 0101 18       		.uleb128 0x18
 2035 0102 00       		.byte	0
 2036 0103 00       		.byte	0
 2037 0104 13       		.uleb128 0x13
 2038 0105 2E       		.uleb128 0x2e
 2039 0106 00       		.byte	0
 2040 0107 3F       		.uleb128 0x3f
 2041 0108 19       		.uleb128 0x19
 2042 0109 3C       		.uleb128 0x3c
 2043 010a 19       		.uleb128 0x19
 2044 010b 6E       		.uleb128 0x6e
ARM GAS  C:\Users\pcoud\AppData\Local\Temp\cctXU0I8.s 			page 41


 2045 010c 0E       		.uleb128 0xe
 2046 010d 03       		.uleb128 0x3
 2047 010e 0E       		.uleb128 0xe
 2048 010f 3A       		.uleb128 0x3a
 2049 0110 0B       		.uleb128 0xb
 2050 0111 3B       		.uleb128 0x3b
 2051 0112 0B       		.uleb128 0xb
 2052 0113 00       		.byte	0
 2053 0114 00       		.byte	0
 2054 0115 00       		.byte	0
 2055              		.section	.debug_aranges,"",%progbits
 2056 0000 44000000 		.4byte	0x44
 2057 0004 0200     		.2byte	0x2
 2058 0006 00000000 		.4byte	.Ldebug_info0
 2059 000a 04       		.byte	0x4
 2060 000b 00       		.byte	0
 2061 000c 0000     		.2byte	0
 2062 000e 0000     		.2byte	0
 2063 0010 00000000 		.4byte	.LFB64
 2064 0014 F0000000 		.4byte	.LFE64-.LFB64
 2065 0018 00000000 		.4byte	.LFB65
 2066 001c 48010000 		.4byte	.LFE65-.LFB65
 2067 0020 00000000 		.4byte	.LFB66
 2068 0024 2C000000 		.4byte	.LFE66-.LFB66
 2069 0028 00000000 		.4byte	.LFB67
 2070 002c 54000000 		.4byte	.LFE67-.LFB67
 2071 0030 00000000 		.4byte	.LFB68
 2072 0034 C4000000 		.4byte	.LFE68-.LFB68
 2073 0038 00000000 		.4byte	.LFB69
 2074 003c 8C000000 		.4byte	.LFE69-.LFB69
 2075 0040 00000000 		.4byte	0
 2076 0044 00000000 		.4byte	0
 2077              		.section	.debug_ranges,"",%progbits
 2078              	.Ldebug_ranges0:
 2079 0000 00000000 		.4byte	.LFB64
 2080 0004 F0000000 		.4byte	.LFE64
 2081 0008 00000000 		.4byte	.LFB65
 2082 000c 48010000 		.4byte	.LFE65
 2083 0010 00000000 		.4byte	.LFB66
 2084 0014 2C000000 		.4byte	.LFE66
 2085 0018 00000000 		.4byte	.LFB67
 2086 001c 54000000 		.4byte	.LFE67
 2087 0020 00000000 		.4byte	.LFB68
 2088 0024 C4000000 		.4byte	.LFE68
 2089 0028 00000000 		.4byte	.LFB69
 2090 002c 8C000000 		.4byte	.LFE69
 2091 0030 00000000 		.4byte	0
 2092 0034 00000000 		.4byte	0
 2093              		.section	.debug_line,"",%progbits
 2094              	.Ldebug_line0:
 2095 0000 34030000 		.section	.debug_str,"MS",%progbits,1
 2095      0200D201 
 2095      00000201 
 2095      FB0E0D00 
 2095      01010101 
 2096              	.LASF21:
 2097 0000 67736D5F 		.ascii	"gsm_init\000"
ARM GAS  C:\Users\pcoud\AppData\Local\Temp\cctXU0I8.s 			page 42


 2097      696E6974 
 2097      00
 2098              	.LASF53:
 2099 0009 55415254 		.ascii	"UART_SIG_ClearRxBuffer\000"
 2099      5F534947 
 2099      5F436C65 
 2099      61725278 
 2099      42756666 
 2100              	.LASF22:
 2101 0020 73696766 		.ascii	"sigfox_send\000"
 2101      6F785F73 
 2101      656E6400 
 2102              	.LASF27:
 2103 002c 6469736A 		.ascii	"disjon\000"
 2103      6F6E00
 2104              	.LASF0:
 2105 0033 7369676E 		.ascii	"signed char\000"
 2105      65642063 
 2105      68617200 
 2106              	.LASF2:
 2107 003f 73686F72 		.ascii	"short int\000"
 2107      7420696E 
 2107      7400
 2108              	.LASF17:
 2109 0049 73697A65 		.ascii	"sizetype\000"
 2109      74797065 
 2109      00
 2110              	.LASF50:
 2111 0052 55415254 		.ascii	"UART_GSM_ClearTxBuffer\000"
 2111      5F47534D 
 2111      5F436C65 
 2111      61725478 
 2111      42756666 
 2112              	.LASF30:
 2113 0069 73747270 		.ascii	"strpan\000"
 2113      616E00
 2114              	.LASF31:
 2115 0070 6E69765F 		.ascii	"niv_reserv\000"
 2115      72657365 
 2115      727600
 2116              	.LASF33:
 2117 007b 62656769 		.ascii	"begin\000"
 2117      6E00
 2118              	.LASF36:
 2119 0081 70686173 		.ascii	"phase\000"
 2119      6500
 2120              	.LASF20:
 2121 0087 73696766 		.ascii	"sigfox_init\000"
 2121      6F785F69 
 2121      6E697400 
 2122              	.LASF46:
 2123 0093 6973725F 		.ascii	"isr_vpan_Stop\000"
 2123      7670616E 
 2123      5F53746F 
 2123      7000
 2124              	.LASF34:
 2125 00a1 72657370 		.ascii	"resp\000"
ARM GAS  C:\Users\pcoud\AppData\Local\Temp\cctXU0I8.s 			page 43


 2125      00
 2126              	.LASF55:
 2127 00a6 6973725F 		.ascii	"isr_serial_Stop\000"
 2127      73657269 
 2127      616C5F53 
 2127      746F7000 
 2128              	.LASF37:
 2129 00b6 6E697665 		.ascii	"niveau_Read\000"
 2129      61755F52 
 2129      65616400 
 2130              	.LASF12:
 2131 00c2 75696E74 		.ascii	"uint16\000"
 2131      313600
 2132              	.LASF11:
 2133 00c9 75696E74 		.ascii	"uint8\000"
 2133      3800
 2134              	.LASF19:
 2135 00cf 6C656374 		.ascii	"lecture_leds\000"
 2135      7572655F 
 2135      6C656473 
 2135      00
 2136              	.LASF25:
 2137 00dc 62617472 		.ascii	"batrouge\000"
 2137      6F756765 
 2137      00
 2138              	.LASF13:
 2139 00e5 666C6F61 		.ascii	"float\000"
 2139      7400
 2140              	.LASF44:
 2141 00eb 6973725F 		.ascii	"isr_rbat_Stop\000"
 2141      72626174 
 2141      5F53746F 
 2141      7000
 2142              	.LASF6:
 2143 00f9 6C6F6E67 		.ascii	"long long int\000"
 2143      206C6F6E 
 2143      6720696E 
 2143      7400
 2144              	.LASF35:
 2145 0107 63707463 		.ascii	"cptcar\000"
 2145      617200
 2146              	.LASF49:
 2147 010e 55415254 		.ascii	"UART_GSM_Start\000"
 2147      5F47534D 
 2147      5F537461 
 2147      727400
 2148              	.LASF57:
 2149 011d 55415254 		.ascii	"UART_GSM_PutChar\000"
 2149      5F47534D 
 2149      5F507574 
 2149      43686172 
 2149      00
 2150              	.LASF40:
 2151 012e 6973725F 		.ascii	"isr_rch_Start\000"
 2151      7263685F 
 2151      53746172 
 2151      7400
ARM GAS  C:\Users\pcoud\AppData\Local\Temp\cctXU0I8.s 			page 44


 2152              	.LASF48:
 2153 013c 55415254 		.ascii	"UART_SIG_PutString\000"
 2153      5F534947 
 2153      5F507574 
 2153      53747269 
 2153      6E6700
 2154              	.LASF16:
 2155 014f 6C6F6E67 		.ascii	"long double\000"
 2155      20646F75 
 2155      626C6500 
 2156              	.LASF54:
 2157 015b 6973725F 		.ascii	"isr_serial_Start\000"
 2157      73657269 
 2157      616C5F53 
 2157      74617274 
 2157      00
 2158              	.LASF1:
 2159 016c 756E7369 		.ascii	"unsigned char\000"
 2159      676E6564 
 2159      20636861 
 2159      7200
 2160              	.LASF52:
 2161 017a 55415254 		.ascii	"UART_SIG_PutChar\000"
 2161      5F534947 
 2161      5F507574 
 2161      43686172 
 2161      00
 2162              	.LASF7:
 2163 018b 6C6F6E67 		.ascii	"long long unsigned int\000"
 2163      206C6F6E 
 2163      6720756E 
 2163      7369676E 
 2163      65642069 
 2164              	.LASF8:
 2165 01a2 756E7369 		.ascii	"unsigned int\000"
 2165      676E6564 
 2165      20696E74 
 2165      00
 2166              	.LASF39:
 2167 01af 6973725F 		.ascii	"isr_vbat_Start\000"
 2167      76626174 
 2167      5F537461 
 2167      727400
 2168              	.LASF5:
 2169 01be 6C6F6E67 		.ascii	"long unsigned int\000"
 2169      20756E73 
 2169      69676E65 
 2169      6420696E 
 2169      7400
 2170              	.LASF3:
 2171 01d0 73686F72 		.ascii	"short unsigned int\000"
 2171      7420756E 
 2171      7369676E 
 2171      65642069 
 2171      6E7400
 2172              	.LASF45:
 2173 01e3 6973725F 		.ascii	"isr_rch_Stop\000"
ARM GAS  C:\Users\pcoud\AppData\Local\Temp\cctXU0I8.s 			page 45


 2173      7263685F 
 2173      53746F70 
 2173      00
 2174              	.LASF15:
 2175 01f0 63686172 		.ascii	"char\000"
 2175      00
 2176              	.LASF43:
 2177 01f5 6973725F 		.ascii	"isr_vbat_Stop\000"
 2177      76626174 
 2177      5F53746F 
 2177      7000
 2178              	.LASF4:
 2179 0203 6C6F6E67 		.ascii	"long int\000"
 2179      20696E74 
 2179      00
 2180              	.LASF61:
 2181 020c 6D61696E 		.ascii	"main\000"
 2181      00
 2182              	.LASF10:
 2183 0211 696E7433 		.ascii	"int32_t\000"
 2183      325F7400 
 2184              	.LASF29:
 2185 0219 73747264 		.ascii	"strdis\000"
 2185      697300
 2186              	.LASF51:
 2187 0220 55415254 		.ascii	"UART_GSM_PutString\000"
 2187      5F47534D 
 2187      5F507574 
 2187      53747269 
 2187      6E6700
 2188              	.LASF47:
 2189 0233 55415254 		.ascii	"UART_SIG_Start\000"
 2189      5F534947 
 2189      5F537461 
 2189      727400
 2190              	.LASF59:
 2191 0242 6D61696E 		.ascii	"main.c\000"
 2191      2E6300
 2192              	.LASF32:
 2193 0249 6D657373 		.ascii	"message\000"
 2193      61676500 
 2194              	.LASF60:
 2195 0251 433A5C55 		.ascii	"C:\\Users\\pcoud\\github\\psoc\\ferme\\transmi_cart"
 2195      73657273 
 2195      5C70636F 
 2195      75645C67 
 2195      69746875 
 2196 027e 65732E63 		.ascii	"es.cydsn\000"
 2196      7964736E 
 2196      00
 2197              	.LASF28:
 2198 0287 73747262 		.ascii	"strbat\000"
 2198      617400
 2199              	.LASF56:
 2200 028e 52656C61 		.ascii	"Relais_Write\000"
 2200      69735F57 
 2200      72697465 
ARM GAS  C:\Users\pcoud\AppData\Local\Temp\cctXU0I8.s 			page 46


 2200      00
 2201              	.LASF41:
 2202 029b 6973725F 		.ascii	"isr_vpan_Start\000"
 2202      7670616E 
 2202      5F537461 
 2202      727400
 2203              	.LASF9:
 2204 02aa 5F5F696E 		.ascii	"__int32_t\000"
 2204      7433325F 
 2204      7400
 2205              	.LASF18:
 2206 02b4 6C656374 		.ascii	"lecture_reserv\000"
 2206      7572655F 
 2206      72657365 
 2206      727600
 2207              	.LASF26:
 2208 02c3 70616E6E 		.ascii	"panneau\000"
 2208      65617500 
 2209              	.LASF14:
 2210 02cb 646F7562 		.ascii	"double\000"
 2210      6C6500
 2211              	.LASF24:
 2212 02d2 62617476 		.ascii	"batverte\000"
 2212      65727465 
 2212      00
 2213              	.LASF23:
 2214 02db 49544D5F 		.ascii	"ITM_RxBuffer\000"
 2214      52784275 
 2214      66666572 
 2214      00
 2215              	.LASF58:
 2216 02e8 474E5520 		.ascii	"GNU C11 5.4.1 20160609 (release) [ARM/embedded-5-br"
 2216      43313120 
 2216      352E342E 
 2216      31203230 
 2216      31363036 
 2217 031b 616E6368 		.ascii	"anch revision 237715] -mcpu=cortex-m3 -mthumb -g -O"
 2217      20726576 
 2217      6973696F 
 2217      6E203233 
 2217      37373135 
 2218 034e 67202D66 		.ascii	"g -ffunction-sections -ffat-lto-objects\000"
 2218      66756E63 
 2218      74696F6E 
 2218      2D736563 
 2218      74696F6E 
 2219              	.LASF42:
 2220 0376 43794465 		.ascii	"CyDelay\000"
 2220      6C617900 
 2221              	.LASF38:
 2222 037e 6973725F 		.ascii	"isr_rbat_Start\000"
 2222      72626174 
 2222      5F537461 
 2222      727400
 2223              		.ident	"GCC: (GNU Tools for ARM Embedded Processors) 5.4.1 20160609 (release) [ARM/embedded-5-bran
